[2016.11.24-09.11.35:729][  0]Log file open, 11/24/16 18:11:35
[2016.11.24-09.11.35:729][  0]LogInit:Display: Running engine for game: PaperNinja
[2016.11.24-09.11.35:729][  0]LogPlatformFile: Not using cached read wrapper
[2016.11.24-09.11.35:729][  0]LogInit:Display: RandInit(797026104) SRandInit(797026104).
[2016.11.24-09.11.35:729][  0]LogTaskGraph: Started task graph with 4 named threads and 7 total threads.
[2016.11.24-09.11.35:729][  0]LogStats: Stats thread started at 0.076446
[2016.11.24-09.11.35:729][  0]LogInit: Version: 4.10.4-2872498+++depot+UE4-Releases+4.10
[2016.11.24-09.11.35:729][  0]LogInit: API Version: 2758231
[2016.11.24-09.11.35:729][  0]LogInit: Compiled (64-bit): Feb 18 2016 15:47:04
[2016.11.24-09.11.35:729][  0]LogInit: Compiled with Visual C++: 19.00.23026.00
[2016.11.24-09.11.35:729][  0]LogInit: Build Configuration: Development
[2016.11.24-09.11.35:729][  0]LogInit: Branch Name: ++depot+UE4-Releases+4.10
[2016.11.24-09.11.35:729][  0]LogInit: Command line:  
[2016.11.24-09.11.35:729][  0]LogInit: Base directory: D:/DevelopmentKit/Epic Games/4.10/Engine/Binaries/Win64/
[2016.11.24-09.11.35:729][  0]LogInit: Rocket: 1
[2016.11.24-09.11.35:739][  0]LogInit: Using libcurl 7.41.0
[2016.11.24-09.11.35:739][  0]LogInit:  - built for x86_64-pc-win32
[2016.11.24-09.11.35:739][  0]LogInit:  - supports SSL with WinSSL
[2016.11.24-09.11.35:739][  0]LogInit:  - other features:
[2016.11.24-09.11.35:739][  0]LogInit:      CURL_VERSION_SSL
[2016.11.24-09.11.35:739][  0]LogInit:      CURL_VERSION_IPV6
[2016.11.24-09.11.35:739][  0]LogInit:      CURL_VERSION_ASYNCHDNS
[2016.11.24-09.11.35:739][  0]LogInit:      CURL_VERSION_LARGEFILE
[2016.11.24-09.11.35:739][  0]LogInit:      CURL_VERSION_IDN
[2016.11.24-09.11.35:739][  0]LogInit:  CurlRequestOptions (configurable via config and command line):
[2016.11.24-09.11.35:739][  0]LogInit:  - bVerifyPeer = true  - Libcurl will verify peer certificate
[2016.11.24-09.11.35:739][  0]LogInit:  - bUseHttpProxy = false  - Libcurl will NOT use HTTP proxy
[2016.11.24-09.11.35:739][  0]LogInit:  - bDontReuseConnections = false  - Libcurl will reuse connections
[2016.11.24-09.11.35:739][  0]LogInit:  - CertBundlePath = nullptr  - Libcurl will use whatever was configured at build time.
[2016.11.24-09.11.35:749][  0]LogInit: Presizing for 0 objects not considered by GC, pre-allocating 0 bytes.
[2016.11.24-09.11.35:760][  0]LogInit: Object subsystem initialized
[2016.11.24-09.11.35:761][  0]LogInit: Selected Device Profile: [Windows]
[2016.11.24-09.11.35:761][  0]LogInit: Applying CVar settings loaded from the selected device profile: [Windows]
[2016.11.24-09.11.35:772][  0]LogInit: Computer: NARAMLOPTOP
[2016.11.24-09.11.35:772][  0]LogInit: User: sylve
[2016.11.24-09.11.35:772][  0]LogInit: CPU Page size=4096, Cores=4
[2016.11.24-09.11.35:772][  0]LogInit: High frequency timer resolution =2.728072 MHz
[2016.11.24-09.11.35:772][  0]LogMemory: Memory total: Physical=7.9GB (8GB approx)
[2016.11.24-09.11.35:772][  0]LogMemory: Platform Memory Stats for Windows
[2016.11.24-09.11.35:772][  0]LogMemory: Process Physical Memory: 57.55 MB used, 57.55 MB peak
[2016.11.24-09.11.35:772][  0]LogMemory: Process Virtual Memory: 56.93 MB used, 56.93 MB peak
[2016.11.24-09.11.35:772][  0]LogMemory: Physical Memory: 5932.67 MB used, 8112.01 MB total
[2016.11.24-09.11.35:772][  0]LogMemory: Virtual Memory: 382.85 MB used, 134217728.00 MB total
[2016.11.24-09.11.35:841][  0]LogTextLocalizationManager: No specific translations for ('ko-KR') exist, so ('ko') translations will be used.
[2016.11.24-09.11.35:890][  0]LogTextLocalizationManager:Warning: Loaded localization resources contain conflicting entries for (Namespace:UObjectToolTips, Key:AnimNode_AssetPlayerBase:InternalTimeAccumulator):
Localization Resource: (D:/DevelopmentKit/Epic Games/4.10/Engine/Content/Localization/EditorTutorials/ko/EditorTutorials.locres) Source String Hash: (502993589) Localized String: (이 노드에서 애셋을 레퍼런싱하는 데 사용되는 누적 시간입니다.)
Localization Resource: (D:/DevelopmentKit/Epic Games/4.10/Engine/Content/Localization/Engine/ko/Engine.locres) Source String Hash: (502993589) Localized String: (이 노드에서 애셋을 레퍼런싱하는 데 사용된 누적 시간입니다.)
[2016.11.24-09.11.35:891][  0]LogTextLocalizationManager:Warning: Loaded localization resources contain conflicting entries for (Namespace:UObjectToolTips, Key:AnimNode_AssetPlayerBase:bIgnoreForRelevancyTest):
Localization Resource: (D:/DevelopmentKit/Epic Games/4.10/Engine/Content/Localization/EditorTutorials/ko/EditorTutorials.locres) Source String Hash: (319969718) Localized String: (True 면, 스테이트에서 최고 가중치 애니메이션을 찾는 "Relevant anim" 노드는 이 노드를 무시합니다.
 )
Localization Resource: (D:/DevelopmentKit/Epic Games/4.10/Engine/Content/Localization/Engine/ko/Engine.locres) Source String Hash: (319969718) Localized String: (True 면 스테이트 내 최고 웨이팅된 애니메이션을 찾는 "Relevant anim" 노드가 무시됩니다.
 )
[2016.11.24-09.11.35:891][  0]LogTextLocalizationManager:Warning: Loaded localization resources contain conflicting entries for (Namespace:UObjectToolTips, Key:AnimNode_AssetPlayerBase:BlendWeight):
Localization Resource: (D:/DevelopmentKit/Epic Games/4.10/Engine/Content/Localization/EditorTutorials/ko/EditorTutorials.locres) Source String Hash: (-1232800293) Localized String: (이 노드에 마지막 걸린 블렌드웨이트 입니다.)
Localization Resource: (D:/DevelopmentKit/Epic Games/4.10/Engine/Content/Localization/Engine/ko/Engine.locres) Source String Hash: (-1232800293) Localized String: (이 노드에 대해 마지막 접한 블렌드 웨이트)
[2016.11.24-09.11.36:075][  0]LogD3D11RHI: Found D3D11 adapter 0: NVIDIA GeForce GTX 765M (Feature Level 11_0)
[2016.11.24-09.11.36:075][  0]LogD3D11RHI: Adapter has 2019MB of dedicated video memory, 0MB of dedicated system memory, and 4056MB of shared system memory, 1 output[s]
[2016.11.24-09.11.36:090][  0]LogD3D11RHI: Found D3D11 adapter 1: Intel(R) HD Graphics 4600 (Feature Level 11_0)
[2016.11.24-09.11.36:090][  0]LogD3D11RHI: Adapter has 112MB of dedicated video memory, 0MB of dedicated system memory, and 2048MB of shared system memory, 0 output[s]
[2016.11.24-09.11.36:091][  0]LogD3D11RHI: Found D3D11 adapter 2: Microsoft Basic Render Driver (Feature Level 11_0)
[2016.11.24-09.11.36:091][  0]LogD3D11RHI: Adapter has 0MB of dedicated video memory, 0MB of dedicated system memory, and 4056MB of shared system memory, 0 output[s]
[2016.11.24-09.11.36:091][  0]LogD3D11RHI: Chosen D3D11 Adapter Id = 0
[2016.11.24-09.11.36:096][  0]LogD3D11RHI: !Direct3DDevice
[2016.11.24-09.11.36:097][  0]LogRHI: Texture pool is 1361 MB (70% of 1945 MB)
[2016.11.24-09.11.36:115][  0]LogD3D11RHI: Async texture creation enabled
[2016.11.24-09.11.36:131][  0]LogShaderCompilers: Guid format shader working directory is -28 characters bigger than the processId version (../../../../../../sylve/Documents/Unreal Projects/Entertainment/PaperNinja/Intermediate/Shaders/WorkingDirectory/8084/).
[2016.11.24-09.11.36:131][  0]LogShaderCompilers: Cleaned the shader compiler working directory 'C:/Users/sylve/AppData/Local/Temp/UnrealShaderWorkingDir/03ADFF554CA7F3F6C15528BDD6375E44/'.
[2016.11.24-09.11.36:132][  0]LogShaderCompilers:Display: Using Local Shader Compiler.
[2016.11.24-09.11.37:311][  0]LogTemp:Display: Loaded TP AllDesktopTargetPlatform
[2016.11.24-09.11.37:316][  0]LogTemp:Display: Loaded TP WindowsClientTargetPlatform
[2016.11.24-09.11.37:322][  0]LogTemp:Display: Loaded TP WindowsNoEditorTargetPlatform
[2016.11.24-09.11.37:328][  0]LogTemp:Display: Loaded TP WindowsServerTargetPlatform
[2016.11.24-09.11.37:335][  0]LogTemp:Display: Loaded TP WindowsTargetPlatform
[2016.11.24-09.11.37:340][  0]LogTemp:Display: Loaded TP AndroidTargetPlatform
[2016.11.24-09.11.37:346][  0]LogTemp:Display: Loaded TP Android_ASTCTargetPlatform
[2016.11.24-09.11.37:353][  0]LogTemp:Display: Loaded TP Android_ATCTargetPlatform
[2016.11.24-09.11.37:358][  0]LogTemp:Display: Loaded TP Android_DXTTargetPlatform
[2016.11.24-09.11.37:361][  0]LogTemp:Display: Loaded TP Android_ETC1TargetPlatform
[2016.11.24-09.11.37:365][  0]LogTemp:Display: Loaded TP Android_ETC2TargetPlatform
[2016.11.24-09.11.37:379][  0]LogTemp:Display: Loaded TP Android_MultiTargetPlatform
[2016.11.24-09.11.37:379][  0]LogTemp:Display: Loaded TP Android_PVRTCTargetPlatform
[2016.11.24-09.11.37:380][  0]LogTemp:Display: Loaded TP HTML5TargetPlatform
[2016.11.24-09.11.37:399][  0]LogTemp:Display: Loaded TP IOSTargetPlatform
[2016.11.24-09.11.37:404][  0]LogTemp:Display: Loaded TP LinuxNoEditorTargetPlatform
[2016.11.24-09.11.37:408][  0]LogTemp:Display: Loaded TP LinuxServerTargetPlatform
[2016.11.24-09.11.37:413][  0]LogTemp:Display: Loaded TP LinuxTargetPlatform
[2016.11.24-09.11.37:413][  0]LogTargetPlatformManager:Display: Building Assets For Windows
[2016.11.24-09.11.37:522][  0]LogDerivedDataCache:Display: Max Cache Size: 512 MB
[2016.11.24-09.11.37:618][  0]LogDerivedDataCache: Loaded boot cache 0.10s 41MB C:/Users/sylve/AppData/Local/UnrealEngine/4.10/DerivedDataCache/Boot.ddc.
[2016.11.24-09.11.37:618][  0]LogDerivedDataCache:Display: Loaded Boot cache: C:/Users/sylve/AppData/Local/UnrealEngine/4.10/DerivedDataCache/Boot.ddc
[2016.11.24-09.11.37:618][  0]LogDerivedDataCache: FDerivedDataBackendGraph:  Pak pak cache file ../../../../../../sylve/Documents/Unreal Projects/Entertainment/PaperNinja/DerivedDataCache/DDC.ddp not found, will not use a pak cache.
[2016.11.24-09.11.37:619][  0]LogDerivedDataCache: Unable to find inner node Pak for hierarchical cache Hierarchy.
[2016.11.24-09.11.37:619][  0]LogDerivedDataCache: FDerivedDataBackendGraph:  CompressedPak pak cache file ../../../../../../sylve/Documents/Unreal Projects/Entertainment/PaperNinja/DerivedDataCache/Compressed.ddp not found, will not use a pak cache.
[2016.11.24-09.11.37:619][  0]LogDerivedDataCache: Unable to find inner node CompressedPak for hierarchical cache Hierarchy.
[2016.11.24-09.11.37:690][  0]LogDerivedDataCache:Display: Pak cache opened for reading ../../../Engine/DerivedDataCache/Compressed.ddp.
[2016.11.24-09.11.37:705][  0]LogDerivedDataCache: Using Local data cache path C:/Users/sylve/AppData/Local/UnrealEngine/Common/DerivedDataCache: Writable
[2016.11.24-09.11.37:979][  0]LogInit: Selected Device Profile: [Windows]
[2016.11.24-09.11.37:983][  0]LogContentStreaming: Texture pool size is 0.000000MB
[2016.11.24-09.11.38:125][  0]LogMeshUtilities: No automatic mesh reduction module available
[2016.11.24-09.11.38:125][  0]LogMeshUtilities: No automatic mesh merging module available
[2016.11.24-09.11.38:459][  0]LogInit: WinSock: version 1.1 (2.2), MaxSocks=32767, MaxUdp=65467
[2016.11.24-09.11.39:602][  0]UdpMessaging: Initializing bridge on interface 0.0.0.0:0 to multicast group 230.0.0.1:6666.
[2016.11.24-09.11.39:725][  0]LogAssetRegistry: FAssetRegistry took 0.0116 seconds to start up
[2016.11.24-09.11.39:962][  0]SourceControl: 정보 소스 콘트롤이 꺼졌습니다.
[2016.11.24-09.11.39:964][  0]SourceControl: 정보 소스 콘트롤이 꺼졌습니다.
[2016.11.24-09.11.39:984][  0]SourceControl: 정보 소스 콘트롤이 꺼졌습니다.
[2016.11.24-09.11.40:011][  0]SourceControl: 정보 소스 콘트롤이 꺼졌습니다.
[2016.11.24-09.11.40:403][  0]LogObj: 28633 objects as part of root set at end of initial load.
[2016.11.24-09.11.40:403][  0]LogUObjectAllocator: 6099744 out of 0 bytes used by permanent object pool.
[2016.11.24-09.11.40:463][  0]LogEngine: Initializing Engine...
[2016.11.24-09.11.40:467][  0]LogHMD: Can't find Oculus library dev build: is proper Runtime installed? Version: 0.8.0.0
[2016.11.24-09.11.40:468][  0]LogHMD: SteamVR failed to initialize.  Err: 110
[2016.11.24-09.11.40:611][  0]LogAIModule: Creating AISystem for world NewWorld
[2016.11.24-09.11.40:637][  0]LogInit: XAudio2 using '스피커(High Definition Audio 장치)' : 2 channels at 44.1 kHz using 16 bits per sample (channel mask 0x3)
[2016.11.24-09.11.40:670][  0]LogInit: FAudioDevice initialized.
[2016.11.24-09.11.40:717][  0]LogDerivedDataCache: Saved boot cache 0.05s 41MB C:/Users/sylve/AppData/Local/UnrealEngine/4.10/DerivedDataCache/Boot.ddc.
[2016.11.24-09.11.40:727][  0]LogInit: Texture streaming: Enabled
[2016.11.24-09.11.40:731][  0]LogAnalytics: Creating configured Analytics provider AnalyticsET
[2016.11.24-09.11.40:731][  0]LogAnalytics: [UEEditor.Rocket.Release] APIServer = http://et2.epicgames.com/ET2/. AppVersion = 4.10.4-2872498+++depot+UE4-Releases+4.10
[2016.11.24-09.11.40:732][  0]LogAnalytics: [UEEditor.Rocket.Release] SetUserId 87a6af9d4023301e4ee99981cf3c496b|5757bc0e79d542efb21b5d5f30a43a1b|386686de-ea3e-42a5-87a2-6f6f6f575754
[2016.11.24-09.11.40:732][  0]LogAnalytics: [UEEditor.Rocket.Release] AnalyticsET::StartSession
[2016.11.24-09.11.40:742][  0]LogInit: Transaction tracking system initialized
[2016.11.24-09.11.40:766][  0]BlueprintLog: New page: 에디터 로드
[2016.11.24-09.11.42:104][  0]LocalizationService: 정보 현지화 서비스가 비활성화되었습니다.
[2016.11.24-09.11.43:431][  0]LogConsoleResponse:Display: 
[2016.11.24-09.11.46:074][  0]LogFileCache: Scanning file cache for directory 'D:/sylve/Documents/Unreal Projects/Entertainment/PaperNinja/Content/' took 0.12s
[2016.11.24-09.11.46:074][  0]LogCook:Display: Done creating registry. It took  0.00s.
[2016.11.24-09.11.48:124][  0]SourceControl: 정보 소스 콘트롤이 꺼졌습니다.
[2016.11.24-09.11.48:228][  0]Cmd: MAP LOAD FILE="../../../../../../sylve/Documents/Unreal Projects/Entertainment/PaperNinja/Content/StarterContent/Maps/Minimal_Default.umap" TEMPLATE=0 SHOWPROGRESS=1 FEATURELEVEL=3
[2016.11.24-09.11.48:447][  0]LightingResults: New page: 라이팅 빌드
[2016.11.24-09.11.48:918][  0]MapCheck: New page: 맵 체크
[2016.11.24-09.11.48:918][  0]LightingResults: New page: 라이팅 빌드
[2016.11.24-09.11.49:804][  0]LogParticles: Destroying 0 GPU particle simulations for FXSystem 0x0000020BEA9E5260
[2016.11.24-09.11.54:691][  0]LogAIModule: Creating AISystem for world Minimal_Default
[2016.11.24-09.11.55:662][  0]LogEditorServer: Finished looking for orphan Actors (0.005 secs)
[2016.11.24-09.11.55:766][  0]Cmd: MAP CHECKDEP NOCLEARLOG
[2016.11.24-09.11.56:025][  0]MapCheck: 정보 맵 체크 완료: 오류 0 회, 경고 0 회, 소요 시간 257.687ms.
[2016.11.24-09.11.56:038][  0]LogFileHelpers: Loading map 'Minimal_Default' took 7.841
[2016.11.24-09.11.58:657][  0]LogCollectionManager: Loaded 0 collections in 0.008754 seconds
[2016.11.24-09.11.58:943][  0]LogFileCache: Scanning file cache for directory 'D:/sylve/Documents/Unreal Projects/Entertainment/PaperNinja/Saved/Collections/' took 0.01s
[2016.11.24-09.11.58:943][  0]LogFileCache: Scanning file cache for directory 'D:/sylve/Documents/Unreal Projects/Entertainment/PaperNinja/Content/Developers/sylve/Collections/' took 0.01s
[2016.11.24-09.11.58:943][  0]LogFileCache: Scanning file cache for directory 'D:/sylve/Documents/Unreal Projects/Entertainment/PaperNinja/Content/Collections/' took 0.01s
[2016.11.24-09.11.58:943][  0]LogCollectionManager: Rebuilt the GUID cache for 0 collections in 0.000005 seconds
[2016.11.24-09.11.58:973][  0]LogContentBrowser: Native class hierarchy populated in 0.0217 seconds. Added 1893 classes and 338 folders.
[2016.11.24-09.11.59:137][  0]LogContentBrowser: Native class hierarchy updated for 'WidgetCarousel' in 0.0006 seconds. Added 0 classes and 0 folders.
[2016.11.24-09.12.02:142][  0]LogContentBrowser: Native class hierarchy updated for 'AddContentDialog' in 0.0010 seconds. Added 0 classes and 0 folders.
[2016.11.24-09.12.02:335][  0]LogContentBrowser: Native class hierarchy updated for 'SceneOutliner' in 0.0021 seconds. Added 1 classes and 2 folders.
[2016.11.24-09.12.05:493][  0]LogCrashTracker: Crashtracker disabled due to settings.
[2016.11.24-09.12.06:202][  0]LogUObjectGlobals:Warning: 'Class 없음.' 오브젝트를 찾는 데 실패했습니다.
[2016.11.24-09.12.06:328][  0]LogLoad: Full Startup: 31.15 seconds (BP compile: 0.39 seconds)
[2016.11.24-09.12.06:763][  0]LogOcInput: Can't find Oculus library dev build: is proper Runtime installed? Version: 0.8.0.0
[2016.11.24-09.12.08:684][  0]LogContentStreaming: Texture pool size now 1000 MB
[2016.11.24-09.12.11:853][  0]LogRenderer: Reallocating scene render targets to support 1208x572 (Frame:2).
[2016.11.24-09.12.11:912][  1]LogFileCache: Retrieving MD5 hashes for directory 'D:/sylve/Documents/Unreal Projects/Entertainment/PaperNinja/Content/' took 4.92s
[2016.11.24-09.12.19:590][ 22]LogAssetRegistry: Asset discovery search completed in 39.8768 seconds
[2016.11.24-09.12.19:606][ 22]LogCollectionManager: Rebuilt the object cache for 0 collections in 0.000001 seconds (found 0 objects)
[2016.11.24-09.12.19:607][ 22]LogCollectionManager: Fixed up redirectors for 0 collections in 0.006490 seconds (updated 0 objects)
[2016.11.24-09.12.19:945][ 23]AssetReimport: New page: 처리중인 소스 콘텐츠 변경사항 오전 3:12:19
[2016.11.24-09.12.23:262][ 33]AssetReimport:Warning: 경고 /Game/Characters/Textures/T_Ninja_D 에 새 애셋을 만들 수 없습니다 - 이미 하나 존재합니다.
[2016.11.24-09.12.23:262][ 33]AssetReimport:Warning: 경고 /Game/Characters/Textures/T_Noise01 에 새 애셋을 만들 수 없습니다 - 이미 하나 존재합니다.
[2016.11.24-09.12.23:262][ 33]AssetReimport:Warning: 경고 /Game/Characters/Textures/T_Rabbit_D 에 새 애셋을 만들 수 없습니다 - 이미 하나 존재합니다.
[2016.11.24-09.37.03:472][472]Cmd: QUIT_EDITOR
[2016.11.24-09.37.03:814][472]LogExit: Preparing to exit.
[2016.11.24-09.37.05:346][472]LogExit: Editor shut down
[2016.11.24-09.37.05:347][472]LogExit: Transaction tracking system shut down
[2016.11.24-09.37.05:383][472]LogParticles: Destroying 0 GPU particle simulations for FXSystem 0x0000020BDBD5F9C0
[2016.11.24-09.37.05:383][472]LogParticles: Destroying 0 GPU particle simulations for FXSystem 0x0000020BF6676FC0
[2016.11.24-09.37.05:383][472]LogParticles: Destroying 0 GPU particle simulations for FXSystem 0x0000020BF64B36A0
[2016.11.24-09.37.05:384][472]LogParticles: Destroying 0 GPU particle simulations for FXSystem 0x0000020B86B53740
[2016.11.24-09.37.06:223][472]LogExit: Object subsystem successfully closed.
[2016.11.24-09.37.06:316][472]LogD3D11RHI: Shutdown
[2016.11.24-09.37.06:316][472]LogD3D11RHI: CleanupD3DDevice
[2016.11.24-09.37.06:506][472]LogD3D11RHI: ~FD3D11DynamicRHI
[2016.11.24-09.37.06:925][472]LogModuleManager: Shutting down and abandoning module CrashTracker (198)
[2016.11.24-09.37.06:925][472]LogModuleManager: Shutting down and abandoning module SceneOutliner (197)
[2016.11.24-09.37.06:925][472]LogModuleManager: Shutting down and abandoning module SuperSearch (196)
[2016.11.24-09.37.06:925][472]LogModuleManager: Shutting down and abandoning module WidgetCarousel (195)
[2016.11.24-09.37.06:931][472]LogModuleManager: Shutting down and abandoning module AddContentDialog (194)
[2016.11.24-09.37.06:958][472]LogModuleManager: Shutting down and abandoning module EditorWidgets (193)
[2016.11.24-09.37.06:958][472]LogModuleManager: Shutting down and abandoning module CollectionManager (192)
[2016.11.24-09.37.06:958][472]LogModuleManager: Shutting down and abandoning module StatsViewer (191)
[2016.11.24-09.37.06:959][472]LogModuleManager: Shutting down and abandoning module FoliageEdit (190)
[2016.11.24-09.37.06:959][472]LogModuleManager: Shutting down and abandoning module LandscapeEditor (189)
[2016.11.24-09.37.06:979][472]LogModuleManager: Shutting down and abandoning module ActorPickerMode (188)
[2016.11.24-09.37.06:979][472]LogModuleManager: Shutting down and abandoning module GeometryMode (187)
[2016.11.24-09.37.06:979][472]LogModuleManager: Shutting down and abandoning module TextureAlignMode (186)
[2016.11.24-09.37.06:979][472]LogModuleManager: Shutting down and abandoning module BspMode (185)
[2016.11.24-09.37.06:980][472]LogModuleManager: Shutting down and abandoning module PlacementMode (184)
[2016.11.24-09.37.06:980][472]LogModuleManager: Shutting down and abandoning module AutomationWorker (183)
[2016.11.24-09.37.06:981][472]LogModuleManager: Shutting down and abandoning module CharacterAI (182)
[2016.11.24-09.37.06:981][472]LogModuleManager: Shutting down and abandoning module SmartSnapping (181)
[2016.11.24-09.37.06:981][472]LogModuleManager: Shutting down and abandoning module ViewportSnapping (180)
[2016.11.24-09.37.06:981][472]LogModuleManager: Shutting down and abandoning module LogVisualizer (179)
[2016.11.24-09.37.06:994][472]LogModuleManager: Shutting down and abandoning module GameProjectGeneration (178)
[2016.11.24-09.37.07:005][472]LogModuleManager: Shutting down and abandoning module IntroTutorials (177)
[2016.11.24-09.37.07:032][472]LogModuleManager: Shutting down and abandoning module EditorLiveStreaming (176)
[2016.11.24-09.37.07:032][472]LogModuleManager: Shutting down and abandoning module IOSPlatformEditor (175)
[2016.11.24-09.37.07:032][472]LogModuleManager: Shutting down and abandoning module HTML5PlatformEditor (174)
[2016.11.24-09.37.07:032][472]LogModuleManager: Shutting down and abandoning module AndroidDeviceDetection (173)
[2016.11.24-09.37.07:060][472]LogModuleManager: Shutting down and abandoning module AndroidPlatformEditor (172)
[2016.11.24-09.37.07:060][472]LogModuleManager: Shutting down and abandoning module IOSRuntimeSettings (171)
[2016.11.24-09.37.07:060][472]LogModuleManager: Shutting down and abandoning module AndroidRuntimeSettings (170)
[2016.11.24-09.37.07:060][472]LogModuleManager: Shutting down and abandoning module MergeActors (169)
[2016.11.24-09.37.07:060][472]LogModuleManager: Shutting down and abandoning module SizeMap (168)
[2016.11.24-09.37.07:060][472]LogModuleManager: Shutting down and abandoning module TreeMap (167)
[2016.11.24-09.37.07:060][472]LogModuleManager: Shutting down and abandoning module ReferenceViewer (166)
[2016.11.24-09.37.07:073][472]LogModuleManager: Shutting down and abandoning module LocalizationService (165)
[2016.11.24-09.37.07:074][472]LogModuleManager: Shutting down and abandoning module LocalizationDashboard (164)
[2016.11.24-09.37.07:083][472]LogModuleManager: Shutting down and abandoning module HardwareTargeting (163)
[2016.11.24-09.37.07:083][472]LogModuleManager: Shutting down and abandoning module DeviceProfileEditor (162)
[2016.11.24-09.37.07:091][472]LogModuleManager: Shutting down and abandoning module UndoHistory (161)
[2016.11.24-09.37.07:091][472]LogModuleManager: Shutting down and abandoning module GameplayTagsEditor (160)
[2016.11.24-09.37.07:100][472]LogModuleManager: Shutting down and abandoning module UserFeedback (159)
[2016.11.24-09.37.07:100][472]LogModuleManager: Shutting down and abandoning module XmlParser (158)
[2016.11.24-09.37.07:100][472]LogModuleManager: Shutting down and abandoning module Blutility (157)
[2016.11.24-09.37.07:100][472]LogModuleManager: Shutting down and abandoning module ProjectTargetPlatformEditor (156)
[2016.11.24-09.37.07:100][472]LogModuleManager: Shutting down and abandoning module ProjectSettingsViewer (155)
[2016.11.24-09.37.07:100][472]LogModuleManager: Shutting down and abandoning module InputBindingEditor (154)
[2016.11.24-09.37.07:100][472]LogModuleManager: Shutting down and abandoning module EditorSettingsViewer (153)
[2016.11.24-09.37.07:100][472]LogModuleManager: Shutting down and abandoning module SettingsEditor (152)
[2016.11.24-09.37.07:100][472]LogModuleManager: Shutting down and abandoning module ProjectLauncher (151)
[2016.11.24-09.37.07:117][472]LogModuleManager: Shutting down and abandoning module SessionFrontend (150)
[2016.11.24-09.37.07:131][472]LogModuleManager: Shutting down and abandoning module ProfilerClient (149)
[2016.11.24-09.37.07:131][472]LogModuleManager: Shutting down and abandoning module TargetDeviceServices (148)
[2016.11.24-09.37.07:131][472]LogModuleManager: Shutting down and abandoning module DeviceManager (147)
[2016.11.24-09.37.07:137][472]LogModuleManager: Shutting down and abandoning module AutomationController (146)
[2016.11.24-09.37.07:137][472]LogModuleManager: Shutting down and abandoning module AutomationWindow (145)
[2016.11.24-09.37.07:147][472]LogModuleManager: Shutting down and abandoning module Layers (144)
[2016.11.24-09.37.07:168][472]LogModuleManager: Shutting down and abandoning module ComponentVisualizers (143)
[2016.11.24-09.37.07:168][472]LogModuleManager: Shutting down and abandoning module DetailCustomizations (142)
[2016.11.24-09.37.07:181][472]LogModuleManager: Shutting down and abandoning module PackagesDialog (141)
[2016.11.24-09.37.07:181][472]LogModuleManager: Shutting down and abandoning module Persona (140)
[2016.11.24-09.37.07:203][472]LogModuleManager: Shutting down and abandoning module Kismet (139)
[2016.11.24-09.37.07:218][472]LogModuleManager: Shutting down and abandoning module GraphEditor (138)
[2016.11.24-09.37.07:261][472]LogModuleManager: Shutting down and abandoning module ClassViewer (137)
[2016.11.24-09.37.07:267][472]LogModuleManager: Shutting down and abandoning module Toolbox (136)
[2016.11.24-09.37.07:267][472]LogModuleManager: Shutting down and abandoning module ModuleUI (135)
[2016.11.24-09.37.07:267][472]LogModuleManager: Shutting down and abandoning module MovieSceneTools (134)
[2016.11.24-09.37.07:280][472]LogModuleManager: Shutting down and abandoning module OutputLog (133)
[2016.11.24-09.37.07:280][472]LogModuleManager: Shutting down and abandoning module GammaUI (132)
[2016.11.24-09.37.07:280][472]LogModuleManager: Shutting down and abandoning module Documentation (131)
[2016.11.24-09.37.07:280][472]LogModuleManager: Shutting down and abandoning module GameLiveStreaming (130)
[2016.11.24-09.37.07:280][472]LogModuleManager: Shutting down and abandoning module StreamingPauseRendering (129)
[2016.11.24-09.37.07:280][472]LogModuleManager: Shutting down and abandoning module AnalyticsET (128)
[2016.11.24-09.37.07:280][472]LogModuleManager: Shutting down and abandoning module Analytics (127)
[2016.11.24-09.37.07:280][472]LogModuleManager: Shutting down and abandoning module AITestSuite (126)
[2016.11.24-09.37.07:280][472]LogModuleManager: Shutting down and abandoning module GameplayDebugger (125)
[2016.11.24-09.37.07:280][472]LogModuleManager: Shutting down and abandoning module AIModule (124)
[2016.11.24-09.37.07:280][472]LogModuleManager: Shutting down and abandoning module ProfilerService (123)
[2016.11.24-09.37.07:500][472]LogModuleManager: Shutting down and abandoning module TaskGraph (122)
[2016.11.24-09.37.07:509][472]LogModuleManager: Shutting down and abandoning module SlateRemote (121)
[2016.11.24-09.37.07:509][472]LogModuleManager: Shutting down and abandoning module SteamVRController (120)
[2016.11.24-09.37.07:509][472]LogModuleManager: Shutting down and abandoning module SteamVR (119)
[2016.11.24-09.37.07:509][472]LogModuleManager: Shutting down and abandoning module ProceduralMeshComponent (118)
[2016.11.24-09.37.07:509][472]LogModuleManager: Shutting down and abandoning module OculusLibrary (117)
[2016.11.24-09.37.07:509][472]LogModuleManager: Shutting down and abandoning module OculusInput (116)
[2016.11.24-09.37.07:509][472]LogModuleManager: Shutting down and abandoning module LeapMotionController (115)
[2016.11.24-09.37.07:548][472]LogModuleManager: Shutting down and abandoning module CustomMeshComponent (114)
[2016.11.24-09.37.07:548][472]LogModuleManager: Shutting down and abandoning module CableComponent (113)
[2016.11.24-09.37.07:548][472]LogModuleManager: Shutting down and abandoning module ArchVisCharacter (112)
[2016.11.24-09.37.07:548][472]LogModuleManager: Shutting down and abandoning module MessagingDebugger (111)
[2016.11.24-09.37.07:567][472]LogModuleManager: Shutting down and abandoning module MediaPlayerEditor (110)
[2016.11.24-09.37.07:576][472]LogModuleManager: Shutting down and abandoning module HTML5Networking (109)
[2016.11.24-09.37.07:576][472]LogModuleManager: Shutting down and abandoning module SpeedTreeImporter (108)
[2016.11.24-09.37.07:576][472]LogModuleManager: Shutting down and abandoning module PluginBrowser (107)
[2016.11.24-09.37.07:582][472]LogModuleManager: Shutting down and abandoning module EpicSurvey (106)
[2016.11.24-09.37.07:582][472]LogModuleManager: Shutting down and abandoning module DesktopPlatform (105)
[2016.11.24-09.37.07:582][472]LogModuleManager: Shutting down and abandoning module VisualStudioSourceCodeAccess (104)
[2016.11.24-09.37.07:582][472]LogModuleManager: Shutting down and abandoning module UObjectPlugin (103)
[2016.11.24-09.37.07:582][472]LogModuleManager: Shutting down and abandoning module SubversionSourceControl (102)
[2016.11.24-09.37.07:582][472]LogModuleManager: Shutting down and abandoning module PerforceSourceControl (101)
[2016.11.24-09.37.07:589][472]LogModuleManager: Shutting down and abandoning module SourceControl (100)
[2016.11.24-09.37.07:610][472]LogModuleManager: Shutting down and abandoning module GitSourceControl (99)
[2016.11.24-09.37.07:617][472]LogModuleManager: Shutting down and abandoning module LightPropagationVolumeEditor (98)
[2016.11.24-09.37.07:617][472]LogModuleManager: Shutting down and abandoning module PaperTiledImporter (97)
[2016.11.24-09.37.07:617][472]LogModuleManager: Shutting down and abandoning module PaperSpriteSheetImporter (96)
[2016.11.24-09.37.07:617][472]LogModuleManager: Shutting down and abandoning module MeshPaint (95)
[2016.11.24-09.37.07:617][472]LogModuleManager: Shutting down and abandoning module SlateReflector (94)
[2016.11.24-09.37.07:625][472]LogModuleManager: Shutting down and abandoning module HotReload (93)
[2016.11.24-09.37.07:626][472]LogModuleManager: Shutting down and abandoning module MainFrame (92)
[2016.11.24-09.37.07:626][472]LogModuleManager: Shutting down and abandoning module LevelEditor (91)
[2016.11.24-09.37.07:643][472]LogModuleManager: Shutting down and abandoning module DirectoryWatcher (90)
[2016.11.24-09.37.07:645][472]LogModuleManager: Shutting down and abandoning module AssetRegistry (89)
[2016.11.24-09.37.07:793][472]LogModuleManager: Shutting down and abandoning module ContentBrowser (88)
[2016.11.24-09.37.07:794][472]LogModuleManager: Shutting down and abandoning module Paper2DEditor (87)
[2016.11.24-09.37.07:815][472]LogModuleManager: Shutting down and abandoning module UdpMessaging (86)
[2016.11.24-09.37.07:916][472]LogModuleManager: Shutting down and abandoning module LightPropagationVolumeRuntime (85)
[2016.11.24-09.37.07:916][472]LogModuleManager: Shutting down and abandoning module Paper2D (84)
[2016.11.24-09.37.07:922][472]LogModuleManager: Shutting down and abandoning module WindowsMoviePlayer (83)
[2016.11.24-09.37.07:925][472]LogModuleManager: Shutting down and abandoning module Media (82)
[2016.11.24-09.37.07:925][472]LogModuleManager: Shutting down and abandoning module WmfMedia (81)
[2016.11.24-09.37.07:925][472]LogModuleManager: Shutting down and abandoning module OnlineBlueprintSupport (80)
[2016.11.24-09.37.07:925][472]LogModuleManager: Shutting down and abandoning module GameplayTasksEditor (79)
[2016.11.24-09.37.07:925][472]LogModuleManager: Shutting down and abandoning module PropertyEditor (78)
[2016.11.24-09.37.07:925][472]LogModuleManager: Shutting down and abandoning module BehaviorTreeEditor (77)
[2016.11.24-09.37.07:944][472]LogModuleManager: Shutting down and abandoning module FunctionalTesting (76)
[2016.11.24-09.37.07:944][472]LogModuleManager: Shutting down and abandoning module CollisionAnalyzer (75)
[2016.11.24-09.37.07:944][472]LogModuleManager: Shutting down and abandoning module WorkspaceMenuStructure (74)
[2016.11.24-09.37.07:944][472]LogModuleManager: Shutting down and abandoning module MessageLog (73)
[2016.11.24-09.37.07:944][472]LogModuleManager: Shutting down and abandoning module Sequencer (72)
[2016.11.24-09.37.07:979][472]LogModuleManager: Shutting down and abandoning module AssetTools (71)
[2016.11.24-09.37.08:001][472]LogModuleManager: Shutting down and abandoning module UMGEditor (70)
[2016.11.24-09.37.08:020][472]LogModuleManager: Shutting down and abandoning module UMG (69)
[2016.11.24-09.37.08:036][472]LogModuleManager: Shutting down and abandoning module Slate (68)
[2016.11.24-09.37.08:036][472]LogModuleManager: Shutting down and abandoning module EditorStyle (67)
[2016.11.24-09.37.08:040][472]LogModuleManager: Shutting down and abandoning module SessionServices (66)
[2016.11.24-09.37.08:040][472]LogModuleManager: Shutting down and abandoning module SourceCodeAccess (65)
[2016.11.24-09.37.08:040][472]LogModuleManager: Shutting down and abandoning module HeadMountedDisplay (64)
[2016.11.24-09.37.08:040][472]LogModuleManager: Shutting down and abandoning module XAudio2 (63)
[2016.11.24-09.37.08:040][472]LogModuleManager: Shutting down and abandoning module Networking (61)
[2016.11.24-09.37.08:040][472]LogModuleManager: Shutting down and abandoning module Core (60)
[2016.11.24-09.37.08:040][472]LogModuleManager: Shutting down and abandoning module KismetCompiler (59)
[2016.11.24-09.37.08:040][472]LogModuleManager: Shutting down and abandoning module PhysXFormats (58)
[2016.11.24-09.37.08:040][472]LogModuleManager: Shutting down and abandoning module MeshUtilities (57)
[2016.11.24-09.37.08:040][472]LogModuleManager: Shutting down and abandoning module DerivedDataCache (56)
[2016.11.24-09.37.08:058][472]LogDerivedDataCache: Shutdown
[2016.11.24-09.37.08:058][472]LogModuleManager: Shutting down and abandoning module ShaderFormatOpenGL (55)
[2016.11.24-09.37.08:058][472]LogModuleManager: Shutting down and abandoning module ShaderFormatD3D (54)
[2016.11.24-09.37.08:058][472]LogModuleManager: Shutting down and abandoning module MetalShaderFormat (53)
[2016.11.24-09.37.08:058][472]LogModuleManager: Shutting down and abandoning module TextureFormatUncompressed (52)
[2016.11.24-09.37.08:058][472]LogModuleManager: Shutting down and abandoning module TextureFormatPVR (51)
[2016.11.24-09.37.08:058][472]LogModuleManager: Shutting down and abandoning module TextureFormatIntelISPCTexComp (50)
[2016.11.24-09.37.08:058][472]LogModuleManager: Shutting down and abandoning module TextureFormatDXT (49)
[2016.11.24-09.37.08:058][472]LogModuleManager: Shutting down and abandoning module ImageWrapper (48)
[2016.11.24-09.37.08:058][472]LogModuleManager: Shutting down and abandoning module TextureFormatASTC (47)
[2016.11.24-09.37.08:058][472]LogModuleManager: Shutting down and abandoning module TextureFormatAndroid (46)
[2016.11.24-09.37.08:058][472]LogModuleManager: Shutting down and abandoning module AudioFormatOpus (45)
[2016.11.24-09.37.08:058][472]LogModuleManager: Shutting down and abandoning module AudioFormatOgg (44)
[2016.11.24-09.37.08:058][472]LogModuleManager: Shutting down and abandoning module AudioFormatADPCM (43)
[2016.11.24-09.37.08:058][472]LogModuleManager: Shutting down and abandoning module LinuxTargetPlatform (42)
[2016.11.24-09.37.08:058][472]LogModuleManager: Shutting down and abandoning module LinuxServerTargetPlatform (41)
[2016.11.24-09.37.08:058][472]LogModuleManager: Shutting down and abandoning module LinuxNoEditorTargetPlatform (40)
[2016.11.24-09.37.08:058][472]LogModuleManager: Shutting down and abandoning module Messaging (39)
[2016.11.24-09.37.08:058][472]LogModuleManager: Shutting down and abandoning module IOSTargetPlatform (38)
[2016.11.24-09.37.08:058][472]LogModuleManager: Shutting down and abandoning module HTML5TargetPlatform (37)
[2016.11.24-09.37.08:058][472]LogModuleManager: Shutting down and abandoning module Android_PVRTCTargetPlatform (36)
[2016.11.24-09.37.08:058][472]LogModuleManager: Shutting down and abandoning module Android_MultiTargetPlatform (35)
[2016.11.24-09.37.08:058][472]LogModuleManager: Shutting down and abandoning module Android_ETC2TargetPlatform (34)
[2016.11.24-09.37.08:058][472]LogModuleManager: Shutting down and abandoning module Android_ETC1TargetPlatform (33)
[2016.11.24-09.37.08:058][472]LogModuleManager: Shutting down and abandoning module Android_DXTTargetPlatform (32)
[2016.11.24-09.37.08:058][472]LogModuleManager: Shutting down and abandoning module Android_ATCTargetPlatform (31)
[2016.11.24-09.37.08:058][472]LogModuleManager: Shutting down and abandoning module Android_ASTCTargetPlatform (30)
[2016.11.24-09.37.08:058][472]LogModuleManager: Shutting down and abandoning module AndroidTargetPlatform (29)
[2016.11.24-09.37.08:058][472]LogModuleManager: Shutting down and abandoning module WindowsTargetPlatform (28)
[2016.11.24-09.37.08:059][472]LogModuleManager: Shutting down and abandoning module WindowsServerTargetPlatform (27)
[2016.11.24-09.37.08:059][472]LogModuleManager: Shutting down and abandoning module WindowsNoEditorTargetPlatform (26)
[2016.11.24-09.37.08:059][472]LogModuleManager: Shutting down and abandoning module WindowsClientTargetPlatform (25)
[2016.11.24-09.37.08:059][472]LogModuleManager: Shutting down and abandoning module AllDesktopTargetPlatform (24)
[2016.11.24-09.37.08:059][472]LogModuleManager: Shutting down and abandoning module TargetPlatform (23)
[2016.11.24-09.37.08:059][472]LogModuleManager: Shutting down and abandoning module InputCore (22)
[2016.11.24-09.37.08:059][472]LogModuleManager: Shutting down and abandoning module Settings (21)
[2016.11.24-09.37.08:059][472]LogModuleManager: Shutting down and abandoning module OnlineSubsystem (19)
[2016.11.24-09.37.08:059][472]LogModuleManager: Shutting down and abandoning module HTTP (18)
[2016.11.24-09.37.10:064][472]LogModuleManager: Shutting down and abandoning module XMPP (17)
[2016.11.24-09.37.10:085][472]LogModuleManager: Shutting down and abandoning module OculusRift (16)
[2016.11.24-09.37.10:085][472]LogModuleManager: Shutting down and abandoning module ExampleDeviceProfileSelector (15)
[2016.11.24-09.37.10:085][472]LogModuleManager: Shutting down and abandoning module TextureCompressor (14)
[2016.11.24-09.37.10:085][472]LogModuleManager: Shutting down and abandoning module ShaderCore (13)
[2016.11.24-09.37.10:086][472]LogModuleManager: Shutting down and abandoning module Landscape (12)
[2016.11.24-09.37.10:086][472]LogModuleManager: Shutting down and abandoning module SlateRHIRenderer (11)
[2016.11.24-09.37.10:097][472]LogModuleManager: Shutting down and abandoning module OpenGLDrv (10)
[2016.11.24-09.37.10:106][472]LogModuleManager: Shutting down and abandoning module D3D11RHI (9)
[2016.11.24-09.37.10:106][472]LogModuleManager: Shutting down and abandoning module AnimGraphRuntime (8)
[2016.11.24-09.37.10:107][472]LogModuleManager: Shutting down and abandoning module Renderer (7)
[2016.11.24-09.37.10:107][472]LogModuleManager: Shutting down and abandoning module Engine (6)
[2016.11.24-09.37.10:107][472]LogModuleManager: Shutting down and abandoning module CoreUObject (5)
[2016.11.24-09.37.10:107][472]LogModuleManager: Shutting down and abandoning module NetworkFile (4)
[2016.11.24-09.37.10:107][472]LogModuleManager: Shutting down and abandoning module StreamingFile (3)
[2016.11.24-09.37.10:107][472]LogModuleManager: Shutting down and abandoning module SandboxFile (2)
[2016.11.24-09.37.10:107][472]LogModuleManager: Shutting down and abandoning module PakFile (1)
[2016.11.24-09.37.10:119][472]LogExit: Exiting.
[2016.11.24-09.37.10:124][472]Log file closed, 11/24/16 18:37:10
