[2016.11.24-09.10.50:306][  0]Log file open, 11/24/16 18:10:50
[2016.11.24-09.10.50:306][  0]LogInit:Display: Running engine for game: PaperNinja
[2016.11.24-09.10.50:306][  0]LogPlatformFile: Not using cached read wrapper
[2016.11.24-09.10.50:306][  0]LogInit:Display: RandInit(668095364) SRandInit(668095364).
[2016.11.24-09.10.50:306][  0]LogTaskGraph: Started task graph with 4 named threads and 7 total threads.
[2016.11.24-09.10.50:306][  0]LogStats: Stats thread started at 1.501381
[2016.11.24-09.10.50:306][  0]LogInit: Version: 4.10.4-2872498+++depot+UE4-Releases+4.10
[2016.11.24-09.10.50:306][  0]LogInit: API Version: 2758231
[2016.11.24-09.10.50:306][  0]LogInit: Compiled (64-bit): Feb 18 2016 15:47:04
[2016.11.24-09.10.50:306][  0]LogInit: Compiled with Visual C++: 19.00.23026.00
[2016.11.24-09.10.50:307][  0]LogInit: Build Configuration: Development
[2016.11.24-09.10.50:307][  0]LogInit: Branch Name: ++depot+UE4-Releases+4.10
[2016.11.24-09.10.50:307][  0]LogInit: Command line:  
[2016.11.24-09.10.50:307][  0]LogInit: Base directory: D:/DevelopmentKit/Epic Games/4.10/Engine/Binaries/Win64/
[2016.11.24-09.10.50:307][  0]LogInit: Rocket: 1
[2016.11.24-09.10.50:429][  0]LogInit: Using libcurl 7.41.0
[2016.11.24-09.10.50:429][  0]LogInit:  - built for x86_64-pc-win32
[2016.11.24-09.10.50:429][  0]LogInit:  - supports SSL with WinSSL
[2016.11.24-09.10.50:429][  0]LogInit:  - other features:
[2016.11.24-09.10.50:429][  0]LogInit:      CURL_VERSION_SSL
[2016.11.24-09.10.50:429][  0]LogInit:      CURL_VERSION_IPV6
[2016.11.24-09.10.50:429][  0]LogInit:      CURL_VERSION_ASYNCHDNS
[2016.11.24-09.10.50:429][  0]LogInit:      CURL_VERSION_LARGEFILE
[2016.11.24-09.10.50:429][  0]LogInit:      CURL_VERSION_IDN
[2016.11.24-09.10.50:429][  0]LogInit:  CurlRequestOptions (configurable via config and command line):
[2016.11.24-09.10.50:429][  0]LogInit:  - bVerifyPeer = true  - Libcurl will verify peer certificate
[2016.11.24-09.10.50:429][  0]LogInit:  - bUseHttpProxy = false  - Libcurl will NOT use HTTP proxy
[2016.11.24-09.10.50:430][  0]LogInit:  - bDontReuseConnections = false  - Libcurl will reuse connections
[2016.11.24-09.10.50:430][  0]LogInit:  - CertBundlePath = nullptr  - Libcurl will use whatever was configured at build time.
[2016.11.24-09.10.50:538][  0]LogInit: Presizing for 0 objects not considered by GC, pre-allocating 0 bytes.
[2016.11.24-09.10.50:700][  0]LogInit: Object subsystem initialized
[2016.11.24-09.10.50:901][  0]LogInit: Selected Device Profile: [Windows]
[2016.11.24-09.10.50:901][  0]LogInit: Applying CVar settings loaded from the selected device profile: [Windows]
[2016.11.24-09.10.51:014][  0]LogInit: Computer: NARAMLOPTOP
[2016.11.24-09.10.51:014][  0]LogInit: User: sylve
[2016.11.24-09.10.51:014][  0]LogInit: CPU Page size=4096, Cores=4
[2016.11.24-09.10.51:014][  0]LogInit: High frequency timer resolution =2.728072 MHz
[2016.11.24-09.10.51:021][  0]LogMemory: Memory total: Physical=7.9GB (8GB approx)
[2016.11.24-09.10.51:021][  0]LogMemory: Platform Memory Stats for Windows
[2016.11.24-09.10.51:021][  0]LogMemory: Process Physical Memory: 57.32 MB used, 57.32 MB peak
[2016.11.24-09.10.51:021][  0]LogMemory: Process Virtual Memory: 58.87 MB used, 58.87 MB peak
[2016.11.24-09.10.51:021][  0]LogMemory: Physical Memory: 5637.34 MB used, 8112.01 MB total
[2016.11.24-09.10.51:021][  0]LogMemory: Virtual Memory: 385.27 MB used, 134217728.00 MB total
[2016.11.24-09.10.51:775][  0]LogTextLocalizationManager: No specific translations for ('ko-KR') exist, so ('ko') translations will be used.
[2016.11.24-09.10.51:925][  0]LogTextLocalizationManager:Warning: Loaded localization resources contain conflicting entries for (Namespace:UObjectToolTips, Key:AnimNode_AssetPlayerBase:InternalTimeAccumulator):
Localization Resource: (D:/DevelopmentKit/Epic Games/4.10/Engine/Content/Localization/EditorTutorials/ko/EditorTutorials.locres) Source String Hash: (502993589) Localized String: (이 노드에서 애셋을 레퍼런싱하는 데 사용되는 누적 시간입니다.)
Localization Resource: (D:/DevelopmentKit/Epic Games/4.10/Engine/Content/Localization/Engine/ko/Engine.locres) Source String Hash: (502993589) Localized String: (이 노드에서 애셋을 레퍼런싱하는 데 사용된 누적 시간입니다.)
[2016.11.24-09.10.51:926][  0]LogTextLocalizationManager:Warning: Loaded localization resources contain conflicting entries for (Namespace:UObjectToolTips, Key:AnimNode_AssetPlayerBase:bIgnoreForRelevancyTest):
Localization Resource: (D:/DevelopmentKit/Epic Games/4.10/Engine/Content/Localization/EditorTutorials/ko/EditorTutorials.locres) Source String Hash: (319969718) Localized String: (True 면, 스테이트에서 최고 가중치 애니메이션을 찾는 "Relevant anim" 노드는 이 노드를 무시합니다.
 )
Localization Resource: (D:/DevelopmentKit/Epic Games/4.10/Engine/Content/Localization/Engine/ko/Engine.locres) Source String Hash: (319969718) Localized String: (True 면 스테이트 내 최고 웨이팅된 애니메이션을 찾는 "Relevant anim" 노드가 무시됩니다.
 )
[2016.11.24-09.10.51:926][  0]LogTextLocalizationManager:Warning: Loaded localization resources contain conflicting entries for (Namespace:UObjectToolTips, Key:AnimNode_AssetPlayerBase:BlendWeight):
Localization Resource: (D:/DevelopmentKit/Epic Games/4.10/Engine/Content/Localization/EditorTutorials/ko/EditorTutorials.locres) Source String Hash: (-1232800293) Localized String: (이 노드에 마지막 걸린 블렌드웨이트 입니다.)
Localization Resource: (D:/DevelopmentKit/Epic Games/4.10/Engine/Content/Localization/Engine/ko/Engine.locres) Source String Hash: (-1232800293) Localized String: (이 노드에 대해 마지막 접한 블렌드 웨이트)
[2016.11.24-09.10.52:597][  0]LogD3D11RHI: Found D3D11 adapter 0: NVIDIA GeForce GTX 765M (Feature Level 11_0)
[2016.11.24-09.10.52:597][  0]LogD3D11RHI: Adapter has 2019MB of dedicated video memory, 0MB of dedicated system memory, and 4056MB of shared system memory, 1 output[s]
[2016.11.24-09.10.52:677][  0]LogD3D11RHI: Found D3D11 adapter 1: Intel(R) HD Graphics 4600 (Feature Level 11_0)
[2016.11.24-09.10.52:677][  0]LogD3D11RHI: Adapter has 112MB of dedicated video memory, 0MB of dedicated system memory, and 2048MB of shared system memory, 0 output[s]
[2016.11.24-09.10.52:681][  0]LogD3D11RHI: Found D3D11 adapter 2: Microsoft Basic Render Driver (Feature Level 11_0)
[2016.11.24-09.10.52:681][  0]LogD3D11RHI: Adapter has 0MB of dedicated video memory, 0MB of dedicated system memory, and 4056MB of shared system memory, 0 output[s]
[2016.11.24-09.10.52:681][  0]LogD3D11RHI: Chosen D3D11 Adapter Id = 0
[2016.11.24-09.10.52:698][  0]LogD3D11RHI: !Direct3DDevice
[2016.11.24-09.10.52:698][  0]LogRHI: Texture pool is 1361 MB (70% of 1945 MB)
[2016.11.24-09.10.52:713][  0]LogD3D11RHI: Async texture creation enabled
[2016.11.24-09.10.53:012][  0]LogShaderCompilers: Guid format shader working directory is -29 characters bigger than the processId version (../../../../../../sylve/Documents/Unreal Projects/Entertainment/PaperNinja/Intermediate/Shaders/WorkingDirectory/16872/).
[2016.11.24-09.10.53:012][  0]LogShaderCompilers: Cleaned the shader compiler working directory 'C:/Users/sylve/AppData/Local/Temp/UnrealShaderWorkingDir/20ECE3674FCC9C43C533B090EDF9C422/'.
[2016.11.24-09.10.53:012][  0]LogShaderCompilers:Display: Using Local Shader Compiler.
[2016.11.24-09.10.55:908][  0]LogTemp:Display: Loaded TP AllDesktopTargetPlatform
[2016.11.24-09.10.55:912][  0]LogTemp:Display: Loaded TP WindowsClientTargetPlatform
[2016.11.24-09.10.55:921][  0]LogTemp:Display: Loaded TP WindowsNoEditorTargetPlatform
[2016.11.24-09.10.55:926][  0]LogTemp:Display: Loaded TP WindowsServerTargetPlatform
[2016.11.24-09.10.55:933][  0]LogTemp:Display: Loaded TP WindowsTargetPlatform
[2016.11.24-09.10.55:941][  0]LogTemp:Display: Loaded TP AndroidTargetPlatform
[2016.11.24-09.10.55:945][  0]LogTemp:Display: Loaded TP Android_ASTCTargetPlatform
[2016.11.24-09.10.55:950][  0]LogTemp:Display: Loaded TP Android_ATCTargetPlatform
[2016.11.24-09.10.55:955][  0]LogTemp:Display: Loaded TP Android_DXTTargetPlatform
[2016.11.24-09.10.55:960][  0]LogTemp:Display: Loaded TP Android_ETC1TargetPlatform
[2016.11.24-09.10.55:966][  0]LogTemp:Display: Loaded TP Android_ETC2TargetPlatform
[2016.11.24-09.10.55:976][  0]LogTemp:Display: Loaded TP Android_MultiTargetPlatform
[2016.11.24-09.10.55:976][  0]LogTemp:Display: Loaded TP Android_PVRTCTargetPlatform
[2016.11.24-09.10.55:978][  0]LogTemp:Display: Loaded TP HTML5TargetPlatform
[2016.11.24-09.10.56:024][  0]LogTemp:Display: Loaded TP IOSTargetPlatform
[2016.11.24-09.10.56:028][  0]LogTemp:Display: Loaded TP LinuxNoEditorTargetPlatform
[2016.11.24-09.10.56:033][  0]LogTemp:Display: Loaded TP LinuxServerTargetPlatform
[2016.11.24-09.10.56:047][  0]LogTemp:Display: Loaded TP LinuxTargetPlatform
[2016.11.24-09.10.56:047][  0]LogTargetPlatformManager:Display: Building Assets For Windows
[2016.11.24-09.10.56:453][  0]LogDerivedDataCache:Display: Max Cache Size: 512 MB
[2016.11.24-09.10.56:677][  0]LogDerivedDataCache: Loaded boot cache 0.22s 41MB C:/Users/sylve/AppData/Local/UnrealEngine/4.10/DerivedDataCache/Boot.ddc.
[2016.11.24-09.10.56:677][  0]LogDerivedDataCache:Display: Loaded Boot cache: C:/Users/sylve/AppData/Local/UnrealEngine/4.10/DerivedDataCache/Boot.ddc
[2016.11.24-09.10.56:677][  0]LogDerivedDataCache: FDerivedDataBackendGraph:  Pak pak cache file ../../../../../../sylve/Documents/Unreal Projects/Entertainment/PaperNinja/DerivedDataCache/DDC.ddp not found, will not use a pak cache.
[2016.11.24-09.10.56:677][  0]LogDerivedDataCache: Unable to find inner node Pak for hierarchical cache Hierarchy.
[2016.11.24-09.10.56:677][  0]LogDerivedDataCache: FDerivedDataBackendGraph:  CompressedPak pak cache file ../../../../../../sylve/Documents/Unreal Projects/Entertainment/PaperNinja/DerivedDataCache/Compressed.ddp not found, will not use a pak cache.
[2016.11.24-09.10.56:677][  0]LogDerivedDataCache: Unable to find inner node CompressedPak for hierarchical cache Hierarchy.
[2016.11.24-09.10.56:882][  0]LogDerivedDataCache:Display: Pak cache opened for reading ../../../Engine/DerivedDataCache/Compressed.ddp.
[2016.11.24-09.10.56:898][  0]LogDerivedDataCache: Using Local data cache path C:/Users/sylve/AppData/Local/UnrealEngine/Common/DerivedDataCache: Writable
[2016.11.24-09.11.04:105][  0]LogInit: Selected Device Profile: [Windows]
[2016.11.24-09.11.04:196][  0]LogContentStreaming: Texture pool size is 0.000000MB
[2016.11.24-09.11.05:573][  0]LogMeshUtilities: No automatic mesh reduction module available
[2016.11.24-09.11.05:573][  0]LogMeshUtilities: No automatic mesh merging module available
[2016.11.24-09.11.08:804][  0]LogInit: WinSock: version 1.1 (2.2), MaxSocks=32767, MaxUdp=65467
[2016.11.24-09.11.29:470][  0]UdpMessaging: Initializing bridge on interface 0.0.0.0:0 to multicast group 230.0.0.1:6666.
[2016.11.24-09.11.30:067][  0]LogAssetRegistry: FAssetRegistry took 0.0121 seconds to start up
[2016.11.24-09.11.32:697][  0]SourceControl: 정보 소스 콘트롤이 꺼졌습니다.
[2016.11.24-09.11.32:715][  0]SourceControl: 정보 소스 콘트롤이 꺼졌습니다.
[2016.11.24-09.11.32:810][  0]SourceControl: 정보 소스 콘트롤이 꺼졌습니다.
[2016.11.24-09.11.32:918][  0]SourceControl: 정보 소스 콘트롤이 꺼졌습니다.
[2016.11.24-09.11.34:525][  0]LogObj: 28633 objects as part of root set at end of initial load.
[2016.11.24-09.11.34:525][  0]LogUObjectAllocator: 6099744 out of 0 bytes used by permanent object pool.
[2016.11.24-09.11.36:212][  0]LogEngine: Initializing Engine...
[2016.11.24-09.11.36:241][  0]LogHMD: Can't find Oculus library dev build: is proper Runtime installed? Version: 0.8.0.0
[2016.11.24-09.11.36:342][  0]LogHMD: SteamVR failed to initialize.  Err: 110
[2016.11.24-09.11.38:099][  0]LogAIModule: Creating AISystem for world NewWorld
[2016.11.24-09.11.38:621][  0]LogInit: XAudio2 using '스피커(High Definition Audio 장치)' : 2 channels at 44.1 kHz using 16 bits per sample (channel mask 0x3)
[2016.11.24-09.11.38:657][  0]LogInit: FAudioDevice initialized.
[2016.11.24-09.11.38:761][  0]LogDerivedDataCache: Saved boot cache 0.10s 41MB C:/Users/sylve/AppData/Local/UnrealEngine/4.10/DerivedDataCache/Boot.ddc.
[2016.11.24-09.11.38:768][  0]LogInit: Texture streaming: Enabled
[2016.11.24-09.11.38:939][  0]LogAnalytics: Creating configured Analytics provider AnalyticsET
[2016.11.24-09.11.38:939][  0]LogAnalytics: [UEEditor.Rocket.Release] APIServer = http://et2.epicgames.com/ET2/. AppVersion = 4.10.4-2872498+++depot+UE4-Releases+4.10
[2016.11.24-09.11.38:939][  0]LogAnalytics: [UEEditor.Rocket.Release] SetUserId 87a6af9d4023301e4ee99981cf3c496b|5757bc0e79d542efb21b5d5f30a43a1b|386686de-ea3e-42a5-87a2-6f6f6f575754
[2016.11.24-09.11.38:970][  0]LogAnalytics: [UEEditor.Rocket.Release] AnalyticsET::StartSession
[2016.11.24-09.11.39:283][  0]LogInit: Transaction tracking system initialized
[2016.11.24-09.11.39:735][  0]BlueprintLog: New page: 에디터 로드
[2016.11.24-09.11.42:088][  0]LogConfig:Warning: Failed to saved backup for config[LocalizationServiceSettings]
[2016.11.24-09.11.42:103][  0]LogConfig:Warning: Failed to saved backup for config[LocalizationServiceSettings]
[2016.11.24-09.11.42:104][  0]LocalizationService: 정보 현지화 서비스가 비활성화되었습니다.
[2016.11.24-09.11.43:431][  0]LogConsoleResponse:Display: 
[2016.11.24-09.11.46:074][  0]LogFileCache: Scanning file cache for directory 'D:/sylve/Documents/Unreal Projects/Entertainment/PaperNinja/Content/' took 0.12s
[2016.11.24-09.11.46:074][  0]LogCook:Display: Done creating registry. It took  0.00s.
[2016.11.24-09.11.48:124][  0]SourceControl: 정보 소스 콘트롤이 꺼졌습니다.
[2016.11.24-09.11.48:228][  0]Cmd: MAP LOAD FILE="../../../../../../sylve/Documents/Unreal Projects/Entertainment/PaperNinja/Content/StarterContent/Maps/Minimal_Default.umap" TEMPLATE=0 SHOWPROGRESS=1 FEATURELEVEL=3
[2016.11.24-09.11.48:447][  0]LightingResults: New page: 라이팅 빌드
[2016.11.24-09.11.48:918][  0]MapCheck: New page: 맵 체크
[2016.11.24-09.11.48:918][  0]LightingResults: New page: 라이팅 빌드
[2016.11.24-09.11.49:804][  0]LogParticles: Destroying 0 GPU particle simulations for FXSystem 0x0000019407E05260
[2016.11.24-09.11.54:692][  0]LogAIModule: Creating AISystem for world Minimal_Default
[2016.11.24-09.11.55:662][  0]LogEditorServer: Finished looking for orphan Actors (0.005 secs)
[2016.11.24-09.11.55:767][  0]Cmd: MAP CHECKDEP NOCLEARLOG
[2016.11.24-09.11.56:023][  0]MapCheck: 정보 맵 체크 완료: 오류 0 회, 경고 0 회, 소요 시간 256.279ms.
[2016.11.24-09.11.56:038][  0]LogFileHelpers: Loading map 'Minimal_Default' took 7.841
[2016.11.24-09.11.58:657][  0]LogCollectionManager: Loaded 0 collections in 0.008749 seconds
[2016.11.24-09.11.58:943][  0]LogFileCache: Scanning file cache for directory 'D:/sylve/Documents/Unreal Projects/Entertainment/PaperNinja/Saved/Collections/' took 0.01s
[2016.11.24-09.11.58:943][  0]LogFileCache: Scanning file cache for directory 'D:/sylve/Documents/Unreal Projects/Entertainment/PaperNinja/Content/Developers/sylve/Collections/' took 0.01s
[2016.11.24-09.11.58:943][  0]LogFileCache: Scanning file cache for directory 'D:/sylve/Documents/Unreal Projects/Entertainment/PaperNinja/Content/Collections/' took 0.01s
[2016.11.24-09.11.58:943][  0]LogCollectionManager: Rebuilt the GUID cache for 0 collections in 0.000001 seconds
[2016.11.24-09.11.58:973][  0]LogContentBrowser: Native class hierarchy populated in 0.0217 seconds. Added 1893 classes and 338 folders.
[2016.11.24-09.11.59:137][  0]LogContentBrowser: Native class hierarchy updated for 'WidgetCarousel' in 0.0005 seconds. Added 0 classes and 0 folders.
[2016.11.24-09.12.02:142][  0]LogContentBrowser: Native class hierarchy updated for 'AddContentDialog' in 0.0010 seconds. Added 0 classes and 0 folders.
[2016.11.24-09.12.02:336][  0]LogContentBrowser: Native class hierarchy updated for 'SceneOutliner' in 0.0024 seconds. Added 1 classes and 2 folders.
[2016.11.24-09.12.05:493][  0]LogCrashTracker: Crashtracker disabled due to settings.
[2016.11.24-09.12.06:202][  0]LogUObjectGlobals:Warning: 'Class 없음.' 오브젝트를 찾는 데 실패했습니다.
[2016.11.24-09.12.06:328][  0]LogLoad: Full Startup: 79.80 seconds (BP compile: 0.67 seconds)
[2016.11.24-09.12.06:762][  0]LogOcInput: Can't find Oculus library dev build: is proper Runtime installed? Version: 0.8.0.0
[2016.11.24-09.12.08:684][  0]LogContentStreaming: Texture pool size now 1000 MB
[2016.11.24-09.12.11:854][  0]LogRenderer: Reallocating scene render targets to support 1208x572 (Frame:2).
[2016.11.24-09.12.11:912][  1]LogFileCache: Retrieving MD5 hashes for directory 'D:/sylve/Documents/Unreal Projects/Entertainment/PaperNinja/Content/' took 4.92s
[2016.11.24-09.12.19:589][ 22]LogAssetRegistry: Asset discovery search completed in 49.5342 seconds
[2016.11.24-09.12.19:606][ 22]LogCollectionManager: Rebuilt the object cache for 0 collections in 0.000001 seconds (found 0 objects)
[2016.11.24-09.12.19:607][ 22]LogCollectionManager: Fixed up redirectors for 0 collections in 0.006477 seconds (updated 0 objects)
[2016.11.24-09.12.19:946][ 23]AssetReimport: New page: 처리중인 소스 콘텐츠 변경사항 오전 3:12:19
[2016.11.24-09.12.23:262][ 33]AssetReimport:Warning: 경고 /Game/Characters/Textures/T_Ninja_D 에 새 애셋을 만들 수 없습니다 - 이미 하나 존재합니다.
[2016.11.24-09.12.23:262][ 33]AssetReimport:Warning: 경고 /Game/Characters/Textures/T_Noise01 에 새 애셋을 만들 수 없습니다 - 이미 하나 존재합니다.
[2016.11.24-09.12.23:262][ 33]AssetReimport:Warning: 경고 /Game/Characters/Textures/T_Rabbit_D 에 새 애셋을 만들 수 없습니다 - 이미 하나 존재합니다.
[2016.11.24-09.13.07:767][165]LogOutputDevice:Warning: === Handled error: ===

Ensure condition failed: Ar [File:D:\BuildFarm\buildmachine_++depot+UE4-Releases+4.10\Engine\Source\Developer\DirectoryWatcher\Private\FileCache.cpp] [Line: 511]
Unable to write file-cache for 'D:/sylve/Documents/Unreal Projects/Entertainment/PaperNinja/Content/' to 'D:/sylve/Documents/Unreal Projects/Entertainment/PaperNinja/Intermediate/ReimportCache/3688439234.bin'.
Stack: 
UE4Editor-Core.dll
UE4Editor-Core.dll
UE4Editor-Core.dll
UE4Editor-DirectoryWatcher.dll
UE4Editor-UnrealEd.dll
UE4Editor-UnrealEd.dll
UE4Editor-UnrealEd.dll
UE4Editor-UnrealEd.dll
UE4Editor-UnrealEd.dll
UE4Editor-UnrealEd.dll
UE4Editor-UnrealEd.dll
UE4Editor-UnrealEd.dll
UE4Editor-UnrealEd.dll
UE4Editor.exe
UE4Editor.exe
UE4Editor.exe
UE4Editor.exe
UE4Editor.exe
KERNEL32.DLL
ntdll.dll
ntdll.dll

[2016.11.24-09.14.18:769][556]LogAIModule: Creating AISystem for world PNStage01_Top
[2016.11.24-09.14.19:015][556]Cmd: MAP LOAD FILE="../../../../../../sylve/Documents/Unreal Projects/Entertainment/PaperNinja/Content/Maps/Stage01/PNStage01_Top.umap" TEMPLATE=0 SHOWPROGRESS=1 FEATURELEVEL=3
[2016.11.24-09.14.19:017][556]LightingResults: New page: 라이팅 빌드
[2016.11.24-09.14.19:052][556]LoadErrors: New page: 맵 로드중: PNStage01_Top.umap
[2016.11.24-09.14.19:146][556]MapCheck: New page: 맵 체크
[2016.11.24-09.14.19:146][556]LightingResults: New page: 라이팅 빌드
[2016.11.24-09.14.19:185][556]LogParticles: Destroying 0 GPU particle simulations for FXSystem 0x0000019479AE39C0
[2016.11.24-09.14.20:886][556]LogStaticMesh: SM_Shape_Cylinder_Base 스태틱 메시 빌드중...
[2016.11.24-09.14.20:907][556]LogStaticMesh: Built static mesh [0.020924.2s] /Game/Props/SM_Shape_Cylinder_Base.SM_Shape_Cylinder_Base
[2016.11.24-09.14.21:038][556]LogTexture:Display: 텍스처 빌드중: T_Carton_D (AutoDXT)
[2016.11.24-09.14.22:085][556]LogMaterial: Missing cached shader map for material M_Carton, compiling. 
[2016.11.24-09.14.22:253][556]LogStaticMesh: SM_Box01 스태틱 메시 빌드중...
[2016.11.24-09.14.22:257][556]LogStaticMesh: Built static mesh [0.006430.2s] /Game/Props/SM_Box01.SM_Box01
[2016.11.24-09.14.23:536][556]LogEditorServer: Finished looking for orphan Actors (0.000 secs)
[2016.11.24-09.14.23:771][556]Cmd: MAP CHECKDEP NOCLEARLOG
[2016.11.24-09.14.24:102][556]MapCheck: 정보 맵 체크 완료: 오류 0 회, 경고 0 회, 소요 시간 331.233ms.
[2016.11.24-09.14.24:104][556]LogFileHelpers: Loading map 'PNStage01_Top' took 5.136
[2016.11.24-09.14.26:253][640]LogBlueprintUserMessages: Early PlayInEditor Detection: Level '/Game/Maps/Stage01/PNStage01_Top.PNStage01_Top:PersistentLevel' has LevelScriptBlueprint '/Game/Maps/Stage01/PNStage01_Top.PNStage01_Top:PersistentLevel.PNStage01_Top' with GeneratedClass '/Game/Maps/Stage01/PNStage01_Top.PNStage01_Top_C' with ClassGeneratedBy '/Game/Maps/Stage01/PNStage01_Top.PNStage01_Top:PersistentLevel.PNStage01_Top'
[2016.11.24-09.14.26:253][640]LogBlueprintUserMessages: Early PlayInEditor Detection: Level '/Game/Maps/stage01/PNStage01_GB.PNStage01_GB:PersistentLevel' has LevelScriptBlueprint '/Game/Maps/stage01/PNStage01_GB.PNStage01_GB:PersistentLevel.PNStage01_GB' with GeneratedClass '/Game/Maps/stage01/PNStage01_GB.PNStage01_GB_C' with ClassGeneratedBy '/Game/Maps/stage01/PNStage01_GB.PNStage01_GB:PersistentLevel.PNStage01_GB'
[2016.11.24-09.14.26:254][640]LogPlayLevel: PlayLevel: No blueprints needed recompiling
[2016.11.24-09.14.26:274][640]PIE: New page: PIE 세션: PNStage01_Top (2016. 11. 25. 오전 3:14:26)
[2016.11.24-09.14.26:280][640]LogPlayLevel: Creating play world package: /Game/Maps/Stage01/UEDPIE_0_PNStage01_Top
[2016.11.24-09.14.26:322][640]LogPlayLevel: PIE: StaticDuplicateObject took: (0.042123s)
[2016.11.24-09.14.26:323][640]LogAIModule: Creating AISystem for world PNStage01_Top
[2016.11.24-09.14.26:323][640]LogPlayLevel: PIE: World Init took: (0.001279s)
[2016.11.24-09.14.26:324][640]LogPlayLevel: PIE: Created PIE world by copying editor world from /Game/Maps/Stage01/PNStage01_Top.PNStage01_Top to /Game/Maps/Stage01/UEDPIE_0_PNStage01_Top.PNStage01_Top (0.044067s)
[2016.11.24-09.14.26:465][640]LogInit: XAudio2 using '스피커(High Definition Audio 장치)' : 2 channels at 44.1 kHz using 16 bits per sample (channel mask 0x3)
[2016.11.24-09.14.26:495][640]LogInit: FAudioDevice initialized.
[2016.11.24-09.14.26:765][640]LogWorld: Game class is 'PNGameMode_C'
[2016.11.24-09.14.26:822][640]LogWorld: PIE: Copying PIE streaming level from /Game/Maps/stage01/PNStage01_GB.PNStage01_GB to /Game/Maps/stage01/UEDPIE_0_PNStage01_GB.PNStage01_GB. OwningWorld: /Game/Maps/Stage01/UEDPIE_0_PNStage01_Top.PNStage01_Top
[2016.11.24-09.14.26:858][640]LogWorld: PIE: Copying PIE streaming level from /Game/Maps/stage01/PNStage01_SM.PNStage01_SM to /Game/Maps/stage01/UEDPIE_0_PNStage01_SM.PNStage01_SM. OwningWorld: /Game/Maps/Stage01/UEDPIE_0_PNStage01_Top.PNStage01_Top
[2016.11.24-09.14.27:035][640]LogWorld: Bringing World /Game/Maps/Stage01/UEDPIE_0_PNStage01_Top.PNStage01_Top up for play (max tick rate 0) at 2016.11.24-18.14.27
[2016.11.24-09.14.27:036][640]LogActor:Warning: GameSession /Game/Maps/Stage01/UEDPIE_0_PNStage01_Top.PNStage01_Top:PersistentLevel.GameSession_0 has natively added scene component(s), but none of them were set as the actor's RootComponent - picking one arbitrarily
[2016.11.24-09.14.27:047][640]LogActor:Warning: GameNetworkManager /Game/Maps/Stage01/UEDPIE_0_PNStage01_Top.PNStage01_Top:PersistentLevel.GameNetworkManager_0 has natively added scene component(s), but none of them were set as the actor's RootComponent - picking one arbitrarily
[2016.11.24-09.14.27:185][640]LogWorld: Bringing up level for play took: 0.152859
[2016.11.24-09.14.27:345][640]PIE: 정보 /Game/Maps/Stage01/UEDPIE_0_PNStage01_Top 에 대한 에디터에서 플레이 시작 시간: 1.118
[2016.11.24-09.14.27:345][640]LogBlueprintUserMessages: Late PlayInEditor Detection: Level '/Game/Maps/Stage01/PNStage01_Top.PNStage01_Top:PersistentLevel' has LevelScriptBlueprint '/Game/Maps/Stage01/PNStage01_Top.PNStage01_Top:PersistentLevel.PNStage01_Top' with GeneratedClass '/Game/Maps/Stage01/PNStage01_Top.PNStage01_Top_C' with ClassGeneratedBy '/Game/Maps/Stage01/PNStage01_Top.PNStage01_Top:PersistentLevel.PNStage01_Top'
[2016.11.24-09.14.27:345][640]LogBlueprintUserMessages: Late PlayInEditor Detection: Level '/Game/Maps/stage01/PNStage01_GB.PNStage01_GB:PersistentLevel' has LevelScriptBlueprint '/Game/Maps/stage01/PNStage01_GB.PNStage01_GB:PersistentLevel.PNStage01_GB' with GeneratedClass '/Game/Maps/stage01/PNStage01_GB.PNStage01_GB_C' with ClassGeneratedBy '/Game/Maps/stage01/PNStage01_GB.PNStage01_GB:PersistentLevel.PNStage01_GB'
[2016.11.24-09.15.58:539][448]LogBlueprintUserMessages: Early EndPlayMap Detection: Level '/Game/Maps/Stage01/PNStage01_Top.PNStage01_Top:PersistentLevel' has LevelScriptBlueprint '/Game/Maps/Stage01/PNStage01_Top.PNStage01_Top:PersistentLevel.PNStage01_Top' with GeneratedClass '/Game/Maps/Stage01/PNStage01_Top.PNStage01_Top_C' with ClassGeneratedBy '/Game/Maps/Stage01/PNStage01_Top.PNStage01_Top:PersistentLevel.PNStage01_Top'
[2016.11.24-09.15.58:540][448]LogBlueprintUserMessages: Early EndPlayMap Detection: Level '/Game/Maps/stage01/PNStage01_GB.PNStage01_GB:PersistentLevel' has LevelScriptBlueprint '/Game/Maps/stage01/PNStage01_GB.PNStage01_GB:PersistentLevel.PNStage01_GB' with GeneratedClass '/Game/Maps/stage01/PNStage01_GB.PNStage01_GB_C' with ClassGeneratedBy '/Game/Maps/stage01/PNStage01_GB.PNStage01_GB:PersistentLevel.PNStage01_GB'
[2016.11.24-09.15.58:696][448]LogBlueprintUserMessages: Late EndPlayMap Detection: Level '/Game/Maps/Stage01/PNStage01_Top.PNStage01_Top:PersistentLevel' has LevelScriptBlueprint '/Game/Maps/Stage01/PNStage01_Top.PNStage01_Top:PersistentLevel.PNStage01_Top' with GeneratedClass '/Game/Maps/Stage01/PNStage01_Top.PNStage01_Top_C' with ClassGeneratedBy '/Game/Maps/Stage01/PNStage01_Top.PNStage01_Top:PersistentLevel.PNStage01_Top'
[2016.11.24-09.15.58:696][448]LogBlueprintUserMessages: Late EndPlayMap Detection: Level '/Game/Maps/stage01/PNStage01_GB.PNStage01_GB:PersistentLevel' has LevelScriptBlueprint '/Game/Maps/stage01/PNStage01_GB.PNStage01_GB:PersistentLevel.PNStage01_GB' with GeneratedClass '/Game/Maps/stage01/PNStage01_GB.PNStage01_GB_C' with ClassGeneratedBy '/Game/Maps/stage01/PNStage01_GB.PNStage01_GB:PersistentLevel.PNStage01_GB'
[2016.11.24-09.15.58:728][448]LogParticles: Destroying 0 GPU particle simulations for FXSystem 0x00000194135EE5C0
[2016.11.24-09.42.43:082][845]LogLinker:Warning: Asset '../../../Engine/Content/ArtTools/RenderToTexture/Macros/RenderToTextureMacros.uasset' has been saved with empty engine version. The asset will be loaded but may be incompatible.
[2016.11.24-09.42.44:274][845]LogContentBrowser: Native class hierarchy updated for 'BlueprintGraph' in 0.0079 seconds. Added 107 classes and 0 folders.
[2016.11.24-10.07.15:539][793]LogEditorViewport: Clicking on Actor (LMB): PNPawn_Rabbit_C (PNPawn_Rabbit)
[2016.11.24-10.12.17:042][899]LogEditorViewport: Clicking on Actor (LMB): BP_Sky_Sphere_C (BP_Sky_Sphere)
[2016.11.24-11.16.19:103][468]LogActorComponent: UnregisterComponent: (/Engine/Transient.CharMoveComp) Not registered. Aborting.
[2016.11.24-11.16.19:105][468]LogActorComponent: UnregisterComponent: (/Engine/Transient.CharacterMovementComponent_0) Not registered. Aborting.
[2016.11.24-11.16.19:270][468]LogParticles: Destroying 0 GPU particle simulations for FXSystem 0x000001944E4825C0
[2016.11.24-11.16.19:425][468]LogActorComponent: UnregisterComponent: (/Engine/Transient.EditorFloorComp) Not registered. Aborting.
[2016.11.24-11.16.19:803][469]Cmd: QUIT_EDITOR
[2016.11.24-11.16.20:079][469]LogWindowsTextInputMethodSystem:Display: IME system now activated using TSF (Microsoft 입력기).
[2016.11.24-11.16.20:147][469]LogExit: Preparing to exit.
[2016.11.24-11.16.20:744][469]LogExit: Editor shut down
[2016.11.24-11.16.20:745][469]LogExit: Transaction tracking system shut down
[2016.11.24-11.16.20:748][469]LogParticles: Destroying 0 GPU particle simulations for FXSystem 0x00000194142EEFC0
[2016.11.24-11.16.20:752][469]LogParticles: Destroying 0 GPU particle simulations for FXSystem 0x00000194141376A0
[2016.11.24-11.16.20:752][469]LogParticles: Destroying 0 GPU particle simulations for FXSystem 0x0000019419537740
[2016.11.24-11.16.20:752][469]LogParticles: Destroying 0 GPU particle simulations for FXSystem 0x0000019414137920
[2016.11.24-11.16.20:757][469]LogParticles: Destroying 0 GPU particle simulations for FXSystem 0x000001941950DB20
[2016.11.24-11.16.20:760][469]LogParticles: Destroying 0 GPU particle simulations for FXSystem 0x00000194135EE700
[2016.11.24-11.16.21:055][469]LogParticles: Destroying 0 GPU particle simulations for FXSystem 0x00000194359CA840
[2016.11.24-11.16.21:055][469]LogExit: Object subsystem successfully closed.
[2016.11.24-11.16.21:084][469]LogD3D11RHI: Shutdown
[2016.11.24-11.16.21:084][469]LogD3D11RHI: CleanupD3DDevice
[2016.11.24-11.16.21:198][469]LogD3D11RHI: ~FD3D11DynamicRHI
[2016.11.24-11.16.21:229][469]LogModuleManager: Shutting down and abandoning module BlueprintGraph (200)
[2016.11.24-11.16.21:229][469]LogModuleManager: Shutting down and abandoning module ExternalImagePicker (199)
[2016.11.24-11.16.21:229][469]LogModuleManager: Shutting down and abandoning module CrashTracker (198)
[2016.11.24-11.16.21:229][469]LogModuleManager: Shutting down and abandoning module SceneOutliner (197)
[2016.11.24-11.16.21:229][469]LogModuleManager: Shutting down and abandoning module SuperSearch (196)
[2016.11.24-11.16.21:229][469]LogModuleManager: Shutting down and abandoning module WidgetCarousel (195)
[2016.11.24-11.16.21:229][469]LogModuleManager: Shutting down and abandoning module AddContentDialog (194)
[2016.11.24-11.16.21:238][469]LogModuleManager: Shutting down and abandoning module EditorWidgets (193)
[2016.11.24-11.16.21:238][469]LogModuleManager: Shutting down and abandoning module CollectionManager (192)
[2016.11.24-11.16.21:238][469]LogModuleManager: Shutting down and abandoning module StatsViewer (191)
[2016.11.24-11.16.21:238][469]LogModuleManager: Shutting down and abandoning module FoliageEdit (190)
[2016.11.24-11.16.21:238][469]LogModuleManager: Shutting down and abandoning module LandscapeEditor (189)
[2016.11.24-11.16.21:239][469]LogModuleManager: Shutting down and abandoning module ActorPickerMode (188)
[2016.11.24-11.16.21:239][469]LogModuleManager: Shutting down and abandoning module GeometryMode (187)
[2016.11.24-11.16.21:239][469]LogModuleManager: Shutting down and abandoning module TextureAlignMode (186)
[2016.11.24-11.16.21:239][469]LogModuleManager: Shutting down and abandoning module BspMode (185)
[2016.11.24-11.16.21:239][469]LogModuleManager: Shutting down and abandoning module PlacementMode (184)
[2016.11.24-11.16.21:239][469]LogModuleManager: Shutting down and abandoning module AutomationWorker (183)
[2016.11.24-11.16.21:239][469]LogModuleManager: Shutting down and abandoning module CharacterAI (182)
[2016.11.24-11.16.21:239][469]LogModuleManager: Shutting down and abandoning module SmartSnapping (181)
[2016.11.24-11.16.21:239][469]LogModuleManager: Shutting down and abandoning module ViewportSnapping (180)
[2016.11.24-11.16.21:239][469]LogModuleManager: Shutting down and abandoning module LogVisualizer (179)
[2016.11.24-11.16.21:239][469]LogModuleManager: Shutting down and abandoning module GameProjectGeneration (178)
[2016.11.24-11.16.21:239][469]LogModuleManager: Shutting down and abandoning module IntroTutorials (177)
[2016.11.24-11.16.21:239][469]LogModuleManager: Shutting down and abandoning module EditorLiveStreaming (176)
[2016.11.24-11.16.21:239][469]LogModuleManager: Shutting down and abandoning module IOSPlatformEditor (175)
[2016.11.24-11.16.21:239][469]LogModuleManager: Shutting down and abandoning module HTML5PlatformEditor (174)
[2016.11.24-11.16.21:239][469]LogModuleManager: Shutting down and abandoning module AndroidDeviceDetection (173)
[2016.11.24-11.16.22:175][469]LogModuleManager: Shutting down and abandoning module AndroidPlatformEditor (172)
[2016.11.24-11.16.22:175][469]LogModuleManager: Shutting down and abandoning module IOSRuntimeSettings (171)
[2016.11.24-11.16.22:175][469]LogModuleManager: Shutting down and abandoning module AndroidRuntimeSettings (170)
[2016.11.24-11.16.22:175][469]LogModuleManager: Shutting down and abandoning module MergeActors (169)
[2016.11.24-11.16.22:175][469]LogModuleManager: Shutting down and abandoning module SizeMap (168)
[2016.11.24-11.16.22:175][469]LogModuleManager: Shutting down and abandoning module TreeMap (167)
[2016.11.24-11.16.22:175][469]LogModuleManager: Shutting down and abandoning module ReferenceViewer (166)
[2016.11.24-11.16.22:175][469]LogModuleManager: Shutting down and abandoning module LocalizationService (165)
[2016.11.24-11.16.22:175][469]LogModuleManager: Shutting down and abandoning module LocalizationDashboard (164)
[2016.11.24-11.16.22:176][469]LogModuleManager: Shutting down and abandoning module HardwareTargeting (163)
[2016.11.24-11.16.22:176][469]LogModuleManager: Shutting down and abandoning module DeviceProfileEditor (162)
[2016.11.24-11.16.22:176][469]LogModuleManager: Shutting down and abandoning module UndoHistory (161)
[2016.11.24-11.16.22:176][469]LogModuleManager: Shutting down and abandoning module GameplayTagsEditor (160)
[2016.11.24-11.16.22:176][469]LogModuleManager: Shutting down and abandoning module UserFeedback (159)
[2016.11.24-11.16.22:176][469]LogModuleManager: Shutting down and abandoning module XmlParser (158)
[2016.11.24-11.16.22:176][469]LogModuleManager: Shutting down and abandoning module Blutility (157)
[2016.11.24-11.16.22:176][469]LogModuleManager: Shutting down and abandoning module ProjectTargetPlatformEditor (156)
[2016.11.24-11.16.22:177][469]LogModuleManager: Shutting down and abandoning module ProjectSettingsViewer (155)
[2016.11.24-11.16.22:178][469]LogModuleManager: Shutting down and abandoning module InputBindingEditor (154)
[2016.11.24-11.16.22:178][469]LogModuleManager: Shutting down and abandoning module EditorSettingsViewer (153)
[2016.11.24-11.16.22:179][469]LogModuleManager: Shutting down and abandoning module SettingsEditor (152)
[2016.11.24-11.16.22:179][469]LogModuleManager: Shutting down and abandoning module ProjectLauncher (151)
[2016.11.24-11.16.22:179][469]LogModuleManager: Shutting down and abandoning module SessionFrontend (150)
[2016.11.24-11.16.22:179][469]LogModuleManager: Shutting down and abandoning module ProfilerClient (149)
[2016.11.24-11.16.22:179][469]LogModuleManager: Shutting down and abandoning module TargetDeviceServices (148)
[2016.11.24-11.16.22:179][469]LogModuleManager: Shutting down and abandoning module DeviceManager (147)
[2016.11.24-11.16.22:180][469]LogModuleManager: Shutting down and abandoning module AutomationController (146)
[2016.11.24-11.16.22:180][469]LogModuleManager: Shutting down and abandoning module AutomationWindow (145)
[2016.11.24-11.16.22:180][469]LogModuleManager: Shutting down and abandoning module Layers (144)
[2016.11.24-11.16.22:181][469]LogModuleManager: Shutting down and abandoning module ComponentVisualizers (143)
[2016.11.24-11.16.22:181][469]LogModuleManager: Shutting down and abandoning module DetailCustomizations (142)
[2016.11.24-11.16.22:181][469]LogModuleManager: Shutting down and abandoning module PackagesDialog (141)
[2016.11.24-11.16.22:181][469]LogModuleManager: Shutting down and abandoning module Persona (140)
[2016.11.24-11.16.22:182][469]LogModuleManager: Shutting down and abandoning module Kismet (139)
[2016.11.24-11.16.22:182][469]LogModuleManager: Shutting down and abandoning module GraphEditor (138)
[2016.11.24-11.16.22:183][469]LogModuleManager: Shutting down and abandoning module ClassViewer (137)
[2016.11.24-11.16.22:183][469]LogModuleManager: Shutting down and abandoning module Toolbox (136)
[2016.11.24-11.16.22:183][469]LogModuleManager: Shutting down and abandoning module ModuleUI (135)
[2016.11.24-11.16.22:183][469]LogModuleManager: Shutting down and abandoning module MovieSceneTools (134)
[2016.11.24-11.16.22:183][469]LogModuleManager: Shutting down and abandoning module OutputLog (133)
[2016.11.24-11.16.22:183][469]LogModuleManager: Shutting down and abandoning module GammaUI (132)
[2016.11.24-11.16.22:183][469]LogModuleManager: Shutting down and abandoning module Documentation (131)
[2016.11.24-11.16.22:185][469]LogModuleManager: Shutting down and abandoning module GameLiveStreaming (130)
[2016.11.24-11.16.22:185][469]LogModuleManager: Shutting down and abandoning module StreamingPauseRendering (129)
[2016.11.24-11.16.22:185][469]LogModuleManager: Shutting down and abandoning module AnalyticsET (128)
[2016.11.24-11.16.22:185][469]LogModuleManager: Shutting down and abandoning module Analytics (127)
[2016.11.24-11.16.22:185][469]LogModuleManager: Shutting down and abandoning module AITestSuite (126)
[2016.11.24-11.16.22:185][469]LogModuleManager: Shutting down and abandoning module GameplayDebugger (125)
[2016.11.24-11.16.22:185][469]LogModuleManager: Shutting down and abandoning module AIModule (124)
[2016.11.24-11.16.22:185][469]LogModuleManager: Shutting down and abandoning module ProfilerService (123)
[2016.11.24-11.16.22:302][469]LogModuleManager: Shutting down and abandoning module TaskGraph (122)
[2016.11.24-11.16.22:302][469]LogModuleManager: Shutting down and abandoning module SlateRemote (121)
[2016.11.24-11.16.22:302][469]LogModuleManager: Shutting down and abandoning module SteamVRController (120)
[2016.11.24-11.16.22:302][469]LogModuleManager: Shutting down and abandoning module SteamVR (119)
[2016.11.24-11.16.22:302][469]LogModuleManager: Shutting down and abandoning module ProceduralMeshComponent (118)
[2016.11.24-11.16.22:302][469]LogModuleManager: Shutting down and abandoning module OculusLibrary (117)
[2016.11.24-11.16.22:302][469]LogModuleManager: Shutting down and abandoning module OculusInput (116)
[2016.11.24-11.16.22:302][469]LogModuleManager: Shutting down and abandoning module LeapMotionController (115)
[2016.11.24-11.16.22:370][469]LogModuleManager: Shutting down and abandoning module CustomMeshComponent (114)
[2016.11.24-11.16.22:370][469]LogModuleManager: Shutting down and abandoning module CableComponent (113)
[2016.11.24-11.16.22:370][469]LogModuleManager: Shutting down and abandoning module ArchVisCharacter (112)
[2016.11.24-11.16.22:370][469]LogModuleManager: Shutting down and abandoning module MessagingDebugger (111)
[2016.11.24-11.16.22:370][469]LogModuleManager: Shutting down and abandoning module MediaPlayerEditor (110)
[2016.11.24-11.16.22:370][469]LogModuleManager: Shutting down and abandoning module HTML5Networking (109)
[2016.11.24-11.16.22:370][469]LogModuleManager: Shutting down and abandoning module SpeedTreeImporter (108)
[2016.11.24-11.16.22:370][469]LogModuleManager: Shutting down and abandoning module PluginBrowser (107)
[2016.11.24-11.16.22:370][469]LogModuleManager: Shutting down and abandoning module EpicSurvey (106)
[2016.11.24-11.16.22:371][469]LogModuleManager: Shutting down and abandoning module DesktopPlatform (105)
[2016.11.24-11.16.22:371][469]LogModuleManager: Shutting down and abandoning module VisualStudioSourceCodeAccess (104)
[2016.11.24-11.16.22:371][469]LogModuleManager: Shutting down and abandoning module UObjectPlugin (103)
[2016.11.24-11.16.22:371][469]LogModuleManager: Shutting down and abandoning module SubversionSourceControl (102)
[2016.11.24-11.16.22:371][469]LogModuleManager: Shutting down and abandoning module PerforceSourceControl (101)
[2016.11.24-11.16.22:371][469]LogModuleManager: Shutting down and abandoning module SourceControl (100)
[2016.11.24-11.16.22:371][469]LogModuleManager: Shutting down and abandoning module GitSourceControl (99)
[2016.11.24-11.16.22:371][469]LogModuleManager: Shutting down and abandoning module LightPropagationVolumeEditor (98)
[2016.11.24-11.16.22:371][469]LogModuleManager: Shutting down and abandoning module PaperTiledImporter (97)
[2016.11.24-11.16.22:372][469]LogModuleManager: Shutting down and abandoning module PaperSpriteSheetImporter (96)
[2016.11.24-11.16.22:372][469]LogModuleManager: Shutting down and abandoning module MeshPaint (95)
[2016.11.24-11.16.22:372][469]LogModuleManager: Shutting down and abandoning module SlateReflector (94)
[2016.11.24-11.16.22:372][469]LogModuleManager: Shutting down and abandoning module HotReload (93)
[2016.11.24-11.16.22:372][469]LogModuleManager: Shutting down and abandoning module MainFrame (92)
[2016.11.24-11.16.22:372][469]LogModuleManager: Shutting down and abandoning module LevelEditor (91)
[2016.11.24-11.16.22:381][469]LogModuleManager: Shutting down and abandoning module DirectoryWatcher (90)
[2016.11.24-11.16.22:403][469]LogModuleManager: Shutting down and abandoning module AssetRegistry (89)
[2016.11.24-11.16.22:692][469]LogModuleManager: Shutting down and abandoning module ContentBrowser (88)
[2016.11.24-11.16.22:695][469]LogModuleManager: Shutting down and abandoning module Paper2DEditor (87)
[2016.11.24-11.16.22:695][469]LogModuleManager: Shutting down and abandoning module UdpMessaging (86)
[2016.11.24-11.16.22:796][469]LogModuleManager: Shutting down and abandoning module LightPropagationVolumeRuntime (85)
[2016.11.24-11.16.22:796][469]LogModuleManager: Shutting down and abandoning module Paper2D (84)
[2016.11.24-11.16.22:796][469]LogModuleManager: Shutting down and abandoning module WindowsMoviePlayer (83)
[2016.11.24-11.16.22:809][469]LogModuleManager: Shutting down and abandoning module Media (82)
[2016.11.24-11.16.22:810][469]LogModuleManager: Shutting down and abandoning module WmfMedia (81)
[2016.11.24-11.16.22:810][469]LogModuleManager: Shutting down and abandoning module OnlineBlueprintSupport (80)
[2016.11.24-11.16.22:810][469]LogModuleManager: Shutting down and abandoning module GameplayTasksEditor (79)
[2016.11.24-11.16.22:810][469]LogModuleManager: Shutting down and abandoning module PropertyEditor (78)
[2016.11.24-11.16.22:811][469]LogModuleManager: Shutting down and abandoning module BehaviorTreeEditor (77)
[2016.11.24-11.16.22:811][469]LogModuleManager: Shutting down and abandoning module FunctionalTesting (76)
[2016.11.24-11.16.22:811][469]LogModuleManager: Shutting down and abandoning module CollisionAnalyzer (75)
[2016.11.24-11.16.22:811][469]LogModuleManager: Shutting down and abandoning module WorkspaceMenuStructure (74)
[2016.11.24-11.16.22:811][469]LogModuleManager: Shutting down and abandoning module MessageLog (73)
[2016.11.24-11.16.22:811][469]LogModuleManager: Shutting down and abandoning module Sequencer (72)
[2016.11.24-11.16.22:812][469]LogModuleManager: Shutting down and abandoning module AssetTools (71)
[2016.11.24-11.16.22:812][469]LogModuleManager: Shutting down and abandoning module UMGEditor (70)
[2016.11.24-11.16.22:812][469]LogModuleManager: Shutting down and abandoning module UMG (69)
[2016.11.24-11.16.22:812][469]LogModuleManager: Shutting down and abandoning module Slate (68)
[2016.11.24-11.16.22:812][469]LogModuleManager: Shutting down and abandoning module EditorStyle (67)
[2016.11.24-11.16.22:824][469]LogModuleManager: Shutting down and abandoning module SessionServices (66)
[2016.11.24-11.16.22:824][469]LogModuleManager: Shutting down and abandoning module SourceCodeAccess (65)
[2016.11.24-11.16.22:824][469]LogModuleManager: Shutting down and abandoning module HeadMountedDisplay (64)
[2016.11.24-11.16.22:824][469]LogModuleManager: Shutting down and abandoning module XAudio2 (63)
[2016.11.24-11.16.22:824][469]LogModuleManager: Shutting down and abandoning module Networking (61)
[2016.11.24-11.16.22:825][469]LogModuleManager: Shutting down and abandoning module Core (60)
[2016.11.24-11.16.22:825][469]LogModuleManager: Shutting down and abandoning module KismetCompiler (59)
[2016.11.24-11.16.22:825][469]LogModuleManager: Shutting down and abandoning module PhysXFormats (58)
[2016.11.24-11.16.22:825][469]LogModuleManager: Shutting down and abandoning module MeshUtilities (57)
[2016.11.24-11.16.22:825][469]LogModuleManager: Shutting down and abandoning module DerivedDataCache (56)
[2016.11.24-11.16.22:871][469]LogDerivedDataCache: Shutdown
[2016.11.24-11.16.22:871][469]LogModuleManager: Shutting down and abandoning module ShaderFormatOpenGL (55)
[2016.11.24-11.16.22:871][469]LogModuleManager: Shutting down and abandoning module ShaderFormatD3D (54)
[2016.11.24-11.16.22:871][469]LogModuleManager: Shutting down and abandoning module MetalShaderFormat (53)
[2016.11.24-11.16.22:871][469]LogModuleManager: Shutting down and abandoning module TextureFormatUncompressed (52)
[2016.11.24-11.16.22:871][469]LogModuleManager: Shutting down and abandoning module TextureFormatPVR (51)
[2016.11.24-11.16.22:871][469]LogModuleManager: Shutting down and abandoning module TextureFormatIntelISPCTexComp (50)
[2016.11.24-11.16.22:871][469]LogModuleManager: Shutting down and abandoning module TextureFormatDXT (49)
[2016.11.24-11.16.22:872][469]LogModuleManager: Shutting down and abandoning module ImageWrapper (48)
[2016.11.24-11.16.22:872][469]LogModuleManager: Shutting down and abandoning module TextureFormatASTC (47)
[2016.11.24-11.16.22:872][469]LogModuleManager: Shutting down and abandoning module TextureFormatAndroid (46)
[2016.11.24-11.16.22:872][469]LogModuleManager: Shutting down and abandoning module AudioFormatOpus (45)
[2016.11.24-11.16.22:872][469]LogModuleManager: Shutting down and abandoning module AudioFormatOgg (44)
[2016.11.24-11.16.22:872][469]LogModuleManager: Shutting down and abandoning module AudioFormatADPCM (43)
[2016.11.24-11.16.22:872][469]LogModuleManager: Shutting down and abandoning module LinuxTargetPlatform (42)
[2016.11.24-11.16.22:873][469]LogModuleManager: Shutting down and abandoning module LinuxServerTargetPlatform (41)
[2016.11.24-11.16.22:873][469]LogModuleManager: Shutting down and abandoning module LinuxNoEditorTargetPlatform (40)
[2016.11.24-11.16.22:873][469]LogModuleManager: Shutting down and abandoning module Messaging (39)
[2016.11.24-11.16.22:873][469]LogModuleManager: Shutting down and abandoning module IOSTargetPlatform (38)
[2016.11.24-11.16.22:873][469]LogModuleManager: Shutting down and abandoning module HTML5TargetPlatform (37)
[2016.11.24-11.16.22:873][469]LogModuleManager: Shutting down and abandoning module Android_PVRTCTargetPlatform (36)
[2016.11.24-11.16.22:873][469]LogModuleManager: Shutting down and abandoning module Android_MultiTargetPlatform (35)
[2016.11.24-11.16.22:873][469]LogModuleManager: Shutting down and abandoning module Android_ETC2TargetPlatform (34)
[2016.11.24-11.16.22:873][469]LogModuleManager: Shutting down and abandoning module Android_ETC1TargetPlatform (33)
[2016.11.24-11.16.22:873][469]LogModuleManager: Shutting down and abandoning module Android_DXTTargetPlatform (32)
[2016.11.24-11.16.22:874][469]LogModuleManager: Shutting down and abandoning module Android_ATCTargetPlatform (31)
[2016.11.24-11.16.22:874][469]LogModuleManager: Shutting down and abandoning module Android_ASTCTargetPlatform (30)
[2016.11.24-11.16.22:874][469]LogModuleManager: Shutting down and abandoning module AndroidTargetPlatform (29)
[2016.11.24-11.16.22:874][469]LogModuleManager: Shutting down and abandoning module WindowsTargetPlatform (28)
[2016.11.24-11.16.22:875][469]LogModuleManager: Shutting down and abandoning module WindowsServerTargetPlatform (27)
[2016.11.24-11.16.22:875][469]LogModuleManager: Shutting down and abandoning module WindowsNoEditorTargetPlatform (26)
[2016.11.24-11.16.22:875][469]LogModuleManager: Shutting down and abandoning module WindowsClientTargetPlatform (25)
[2016.11.24-11.16.22:875][469]LogModuleManager: Shutting down and abandoning module AllDesktopTargetPlatform (24)
[2016.11.24-11.16.22:875][469]LogModuleManager: Shutting down and abandoning module TargetPlatform (23)
[2016.11.24-11.16.22:876][469]LogModuleManager: Shutting down and abandoning module InputCore (22)
[2016.11.24-11.16.22:876][469]LogModuleManager: Shutting down and abandoning module Settings (21)
[2016.11.24-11.16.22:876][469]LogModuleManager: Shutting down and abandoning module OnlineSubsystem (19)
[2016.11.24-11.16.22:876][469]LogModuleManager: Shutting down and abandoning module HTTP (18)
[2016.11.24-11.16.24:879][469]LogModuleManager: Shutting down and abandoning module XMPP (17)
[2016.11.24-11.16.24:879][469]LogModuleManager: Shutting down and abandoning module OculusRift (16)
[2016.11.24-11.16.24:879][469]LogModuleManager: Shutting down and abandoning module ExampleDeviceProfileSelector (15)
[2016.11.24-11.16.24:879][469]LogModuleManager: Shutting down and abandoning module TextureCompressor (14)
[2016.11.24-11.16.24:880][469]LogModuleManager: Shutting down and abandoning module ShaderCore (13)
[2016.11.24-11.16.24:880][469]LogModuleManager: Shutting down and abandoning module Landscape (12)
[2016.11.24-11.16.24:880][469]LogModuleManager: Shutting down and abandoning module SlateRHIRenderer (11)
[2016.11.24-11.16.24:958][469]LogModuleManager: Shutting down and abandoning module OpenGLDrv (10)
[2016.11.24-11.16.24:958][469]LogModuleManager: Shutting down and abandoning module D3D11RHI (9)
[2016.11.24-11.16.24:958][469]LogModuleManager: Shutting down and abandoning module AnimGraphRuntime (8)
[2016.11.24-11.16.24:958][469]LogModuleManager: Shutting down and abandoning module Renderer (7)
[2016.11.24-11.16.24:958][469]LogModuleManager: Shutting down and abandoning module Engine (6)
[2016.11.24-11.16.24:958][469]LogModuleManager: Shutting down and abandoning module CoreUObject (5)
[2016.11.24-11.16.24:958][469]LogModuleManager: Shutting down and abandoning module NetworkFile (4)
[2016.11.24-11.16.24:958][469]LogModuleManager: Shutting down and abandoning module StreamingFile (3)
[2016.11.24-11.16.24:958][469]LogModuleManager: Shutting down and abandoning module SandboxFile (2)
[2016.11.24-11.16.24:958][469]LogModuleManager: Shutting down and abandoning module PakFile (1)
[2016.11.24-11.16.24:963][469]LogExit: Exiting.
[2016.11.24-11.16.25:008][469]Log file closed, 11/24/16 20:16:25
