Log file open, 10/13/16 19:26:01
LogInit:Display: Running engine for game: PaperNinja
LogPlatformFile: Not using cached read wrapper
LogInit:Display: RandInit(-2142217884) SRandInit(-2142217883).
LogTaskGraph: Started task graph with 4 named threads and 7 total threads with 1 sets of task threads.
LogStats: Stats thread started at 0.070183
LogInit: Version: 4.12.5-3039270+++UE4+Release-4.12
LogInit: API Version: 2992821
LogInit: Net Version: 3039270
LogDevObjectVersion: Number of dev versions registered: 13
LogDevObjectVersion:   Dev-Blueprints (B0D832E4-1F89-4F0D-ACCF-7EB736FD4AA2): 3
LogDevObjectVersion:   Dev-Build (E1C64328-A22C-4D53-A36C-8E866417BD8C): 0
LogDevObjectVersion:   Dev-Core (375EC13C-06E4-48FB-B500-84F0262A717E): 1
LogDevObjectVersion:   Dev-Editor (E4B068ED-F494-42E9-A231-DA0B2E46BB41): 2
LogDevObjectVersion:   Dev-Framework (CFFC743F-43B0-4480-9391-14DF171D2073): 6
LogDevObjectVersion:   Dev-Mobile (B02B49B5-BB20-44E9-A304-32B752E40360): 0
LogDevObjectVersion:   Dev-Networking (A4E4105C-59A1-49B5-A7C5-40C4547EDFEE): 0
LogDevObjectVersion:   Dev-Online (39C831C9-5AE6-47DC-9A44-9C173E1C8E7C): 0
LogDevObjectVersion:   Dev-Physics (78F01B33-EBEA-4F98-B9B4-84EACCB95AA2): 0
LogDevObjectVersion:   Dev-Platform (6631380F-2D4D-43E0-8009-CF276956A95A): 0
LogDevObjectVersion:   Dev-Rendering (12F88B9F-8875-4AFC-A67C-D90C383ABD29): 2
LogDevObjectVersion:   Dev-Sequencer (7B5AE74C-D270-4C10-A958-57980B212A5A): 0
LogDevObjectVersion:   Dev-VR (D7296918-1DD6-4BDD-9DE2-64A83CC13884): 0
LogInit: Compiled (64-bit): Jul  6 2016 09:09:46
LogInit: Compiled with Visual C++: 19.00.23026.00
LogInit: Build Configuration: Development
LogInit: Branch Name: ++UE4+Release-4.12
LogInit: Command line:  
LogInit: Base directory: D:/DevelopmentKit/Epic Games/4.12/Engine/Binaries/Win64/
LogInit: Installed Engine Build: 1
LogInit: Using libcurl 7.41.0
LogInit:  - built for x86_64-pc-win32
LogInit:  - supports SSL with WinSSL
LogInit:  - other features:
LogInit:      CURL_VERSION_SSL
LogInit:      CURL_VERSION_IPV6
LogInit:      CURL_VERSION_ASYNCHDNS
LogInit:      CURL_VERSION_LARGEFILE
LogInit:      CURL_VERSION_IDN
LogInit:  CurlRequestOptions (configurable via config and command line):
LogInit:  - bVerifyPeer = true  - Libcurl will verify peer certificate
LogInit:  - bUseHttpProxy = false  - Libcurl will NOT use HTTP proxy
LogInit:  - bDontReuseConnections = false  - Libcurl will reuse connections
LogInit:  - CertBundlePath = nullptr  - Libcurl will use whatever was configured at build time.
LogInit: Presizing for max 8388607 objects, including 0 objects not considered by GC, pre-allocating 0 bytes for permanent pool.
LogInit: Object subsystem initialized
[2016.10.13-10.26.01:887][  0]LogInit: Selected Device Profile: [Windows]
[2016.10.13-10.26.01:887][  0]LogInit: Applying CVar settings loaded from the selected device profile: [Windows]
[2016.10.13-10.26.01:897][  0]LogInit: Computer: NARAMLOPTOP
[2016.10.13-10.26.01:897][  0]LogInit: User: sylve
[2016.10.13-10.26.01:897][  0]LogInit: CPU Page size=65536, Cores=4
[2016.10.13-10.26.01:897][  0]LogInit: High frequency timer resolution =2.728069 MHz
[2016.10.13-10.26.01:897][  0]LogMemory: Memory total: Physical=7.9GB (8GB approx)
[2016.10.13-10.26.01:897][  0]LogMemory: Platform Memory Stats for Windows
[2016.10.13-10.26.01:897][  0]LogMemory: Process Physical Memory: 191.50 MB used, 191.50 MB peak
[2016.10.13-10.26.01:897][  0]LogMemory: Process Virtual Memory: 195.29 MB used, 195.29 MB peak
[2016.10.13-10.26.01:897][  0]LogMemory: Physical Memory: 4781.99 MB used, 8112.01 MB total
[2016.10.13-10.26.01:897][  0]LogMemory: Virtual Memory: 553.24 MB used, 134217728.00 MB total
[2016.10.13-10.26.02:456][  0]LogTextLocalizationManager: No specific translations for ('ko-KR') exist, so ('ko') translations will be used.
[2016.10.13-10.26.02:489][  0]LogTextLocalizationManager:Warning: Loaded localization resources contain conflicting entries for (Namespace:KismetSchema, Key:Default):
Localization Resource: (D:/DevelopmentKit/Epic Games/4.12/Engine/Content/Localization/EditorTutorials/ko/EditorTutorials.locres) Source String Hash: (940523119) Localized String: (디폴트)
Localization Resource: (D:/DevelopmentKit/Epic Games/4.12/Engine/Content/Localization/Engine/ko/Engine.locres) Source String Hash: (940523119) Localized String: (기본)
[2016.10.13-10.26.02:490][  0]LogTextLocalizationManager:Warning: Loaded localization resources contain conflicting entries for (Namespace:UObjectToolTips, Key:AnimNode_AssetPlayerBase:InternalTimeAccumulator):
Localization Resource: (D:/DevelopmentKit/Epic Games/4.12/Engine/Content/Localization/EditorTutorials/ko/EditorTutorials.locres) Source String Hash: (502993589) Localized String: (이 노드에서 애셋을 레퍼런싱하는 데 사용되는 누적 시간입니다.)
Localization Resource: (D:/DevelopmentKit/Epic Games/4.12/Engine/Content/Localization/Engine/ko/Engine.locres) Source String Hash: (502993589) Localized String: (이 노드에서 애셋을 레퍼런싱하는 데 사용된 누적 시간입니다.)
[2016.10.13-10.26.02:490][  0]LogTextLocalizationManager:Warning: Loaded localization resources contain conflicting entries for (Namespace:UObjectToolTips, Key:AnimNode_AssetPlayerBase:bIgnoreForRelevancyTest):
Localization Resource: (D:/DevelopmentKit/Epic Games/4.12/Engine/Content/Localization/EditorTutorials/ko/EditorTutorials.locres) Source String Hash: (319969718) Localized String: (True 면, 스테이트에서 최고 가중치 애니메이션을 찾는 "Relevant anim" 노드는 이 노드를 무시합니다.
 )
Localization Resource: (D:/DevelopmentKit/Epic Games/4.12/Engine/Content/Localization/Engine/ko/Engine.locres) Source String Hash: (319969718) Localized String: (True 면 스테이트 내 최고 웨이팅된 애니메이션을 찾는 "Relevant anim" 노드가 무시됩니다.
 )
[2016.10.13-10.26.02:490][  0]LogTextLocalizationManager:Warning: Loaded localization resources contain conflicting entries for (Namespace:UObjectToolTips, Key:AnimNode_AssetPlayerBase:BlendWeight):
Localization Resource: (D:/DevelopmentKit/Epic Games/4.12/Engine/Content/Localization/EditorTutorials/ko/EditorTutorials.locres) Source String Hash: (-1232800293) Localized String: (이 노드에 마지막 걸린 블렌드웨이트 입니다.)
Localization Resource: (D:/DevelopmentKit/Epic Games/4.12/Engine/Content/Localization/Engine/ko/Engine.locres) Source String Hash: (-1232800293) Localized String: (이 노드에 대해 마지막 접한 블렌드 웨이트)
[2016.10.13-10.26.02:588][  0]LogD3D11RHI: D3D11 adapters:
[2016.10.13-10.26.02:612][  0]LogD3D11RHI:    0. 'NVIDIA GeForce GTX 765M' (Feature Level 11_0)
[2016.10.13-10.26.02:612][  0]LogD3D11RHI:       2019/0/4056 MB DedicatedVideo/DedicatedSystem/SharedSystem, Outputs:1, VendorId:0x10de
[2016.10.13-10.26.02:618][  0]LogD3D11RHI:    1. 'Intel(R) HD Graphics 4600' (Feature Level 11_0)
[2016.10.13-10.26.02:618][  0]LogD3D11RHI:       112/0/2048 MB DedicatedVideo/DedicatedSystem/SharedSystem, Outputs:0, VendorId:0x8086
[2016.10.13-10.26.02:620][  0]LogD3D11RHI:    2. 'Microsoft Basic Render Driver' (Feature Level 11_0)
[2016.10.13-10.26.02:620][  0]LogD3D11RHI:       0/0/4056 MB DedicatedVideo/DedicatedSystem/SharedSystem, Outputs:0, VendorId:0x1414
[2016.10.13-10.26.02:620][  0]LogD3D11RHI: Chosen D3D11 Adapter: 0
[2016.10.13-10.26.02:624][  0]LogD3D11RHI: Creating new Direct3DDevice
[2016.10.13-10.26.02:624][  0]LogD3D11RHI:     GPU DeviceId: 0x11e2 (for the marketing name, search the web for "GPU Device Id")
[2016.10.13-10.26.02:624][  0]LogWindows: EnumDisplayDevices:
[2016.10.13-10.26.02:625][  0]LogWindows:    0. 'Intel(R) HD Graphics 4600' (P:1 D:1)
[2016.10.13-10.26.02:625][  0]LogWindows:    1. 'Intel(R) HD Graphics 4600' (P:0 D:0)
[2016.10.13-10.26.02:626][  0]LogWindows:    2. 'Intel(R) HD Graphics 4600' (P:0 D:0)
[2016.10.13-10.26.02:626][  0]LogWindows: DebugString: PrimaryIsNotTheChoosenAdapter PrimaryIsNotTheChoosenAdapter PrimaryIsNotTheChoosenAdapter FoundDriverCount:0 
[2016.10.13-10.26.02:626][  0]LogD3D11RHI:     Adapter Name: NVIDIA GeForce GTX 765M
[2016.10.13-10.26.02:626][  0]LogD3D11RHI:   Driver Version: Unknown (internal:Unknown, unified:Unknown)
[2016.10.13-10.26.02:626][  0]LogD3D11RHI:      Driver Date: Unknown
[2016.10.13-10.26.02:626][  0]LogRHI: Texture pool is 1361 MB (70% of 1945 MB)
[2016.10.13-10.26.02:641][  0]LogD3D11RHI: Async texture creation enabled
[2016.10.13-10.26.02:652][  0]LogD3D11RHI: GPU Timing Frequency: 1000.000000 (Debug: 2 1)
[2016.10.13-10.26.02:652][  0]LogShaderCompilers: Guid format shader working directory is -15 characters bigger than the processId version (../../../../../../sylve/Documents/Unreal Projects/PaperNinja/Intermediate/Shaders/WorkingDirectory/14104/).
[2016.10.13-10.26.02:653][  0]LogShaderCompilers: Cleaned the shader compiler working directory 'C:/Users/sylve/AppData/Local/Temp/UnrealShaderWorkingDir/DEE3E0AC43D96B383B2707B018BB646B/'.
[2016.10.13-10.26.02:653][  0]LogShaderCompilers:Display: Using Local Shader Compiler.
[2016.10.13-10.26.03:841][  0]LogTemp:Display: Loaded TP AllDesktopTargetPlatform
[2016.10.13-10.26.03:848][  0]LogTemp:Display: Loaded TP WindowsClientTargetPlatform
[2016.10.13-10.26.03:856][  0]LogTemp:Display: Loaded TP WindowsNoEditorTargetPlatform
[2016.10.13-10.26.03:864][  0]LogTemp:Display: Loaded TP WindowsServerTargetPlatform
[2016.10.13-10.26.03:873][  0]LogTemp:Display: Loaded TP WindowsTargetPlatform
[2016.10.13-10.26.03:885][  0]LogTemp:Display: Loaded TP AndroidTargetPlatform
[2016.10.13-10.26.03:892][  0]LogTemp:Display: Loaded TP Android_ASTCTargetPlatform
[2016.10.13-10.26.03:902][  0]LogTemp:Display: Loaded TP Android_ATCTargetPlatform
[2016.10.13-10.26.03:909][  0]LogTemp:Display: Loaded TP Android_DXTTargetPlatform
[2016.10.13-10.26.03:918][  0]LogTemp:Display: Loaded TP Android_ETC1TargetPlatform
[2016.10.13-10.26.03:926][  0]LogTemp:Display: Loaded TP Android_ETC2TargetPlatform
[2016.10.13-10.26.03:940][  0]LogTemp:Display: Loaded TP Android_MultiTargetPlatform
[2016.10.13-10.26.03:940][  0]LogTemp:Display: Loaded TP Android_PVRTCTargetPlatform
[2016.10.13-10.26.03:942][  0]LogTemp:Display: Loaded TP HTML5TargetPlatform
[2016.10.13-10.26.03:972][  0]LogTemp:Display: Loaded TP IOSTargetPlatform
[2016.10.13-10.26.03:979][  0]LogTemp:Display: Loaded TP TVOSTargetPlatform
[2016.10.13-10.26.03:986][  0]LogTemp:Display: Loaded TP LinuxNoEditorTargetPlatform
[2016.10.13-10.26.03:993][  0]LogTemp:Display: Loaded TP LinuxServerTargetPlatform
[2016.10.13-10.26.04:000][  0]LogTemp:Display: Loaded TP LinuxTargetPlatform
[2016.10.13-10.26.04:000][  0]LogTargetPlatformManager:Display: Building Assets For Windows
[2016.10.13-10.26.04:099][  0]LogDerivedDataCache:Display: Max Cache Size: 512 MB
[2016.10.13-10.26.04:156][  0]LogDerivedDataCache: Loaded boot cache 0.06s 48MB C:/Users/sylve/AppData/Local/UnrealEngine/4.12/DerivedDataCache/Boot.ddc.
[2016.10.13-10.26.04:157][  0]LogDerivedDataCache:Display: Loaded Boot cache: C:/Users/sylve/AppData/Local/UnrealEngine/4.12/DerivedDataCache/Boot.ddc
[2016.10.13-10.26.04:157][  0]LogDerivedDataCache: FDerivedDataBackendGraph:  Pak pak cache file ../../../../../../sylve/Documents/Unreal Projects/PaperNinja/DerivedDataCache/DDC.ddp not found, will not use a pak cache.
[2016.10.13-10.26.04:157][  0]LogDerivedDataCache: Unable to find inner node Pak for hierarchical cache Hierarchy.
[2016.10.13-10.26.04:157][  0]LogDerivedDataCache: FDerivedDataBackendGraph:  CompressedPak pak cache file ../../../../../../sylve/Documents/Unreal Projects/PaperNinja/DerivedDataCache/Compressed.ddp not found, will not use a pak cache.
[2016.10.13-10.26.04:157][  0]LogDerivedDataCache: Unable to find inner node CompressedPak for hierarchical cache Hierarchy.
[2016.10.13-10.26.04:172][  0]LogDerivedDataCache:Display: Pak cache opened for reading ../../../Engine/DerivedDataCache/Compressed.ddp.
[2016.10.13-10.26.04:185][  0]LogDerivedDataCache: Using Local data cache path C:/Users/sylve/AppData/Local/UnrealEngine/Common/DerivedDataCache: Writable
[2016.10.13-10.26.04:631][  0]LogInit: Selected Device Profile: [Windows]
[2016.10.13-10.26.04:632][  0]LogContentStreaming: Texture pool size is 0.00 MB
[2016.10.13-10.26.04:794][  0]LogMeshUtilities: No automatic mesh reduction module available
[2016.10.13-10.26.04:794][  0]LogMeshUtilities: No automatic mesh merging module available
[2016.10.13-10.26.04:794][  0]LogMeshUtilities: No distributed automatic mesh merging module available
[2016.10.13-10.26.05:065][  0]LogAssetRegistry: FAssetRegistry took 0.0225 seconds to start up
[2016.10.13-10.26.05:131][  0]LogPackageLocalizationCache: Processed 3 localized package path(s) for 2 prioritized culture(s) in 0.063518 seconds
[2016.10.13-10.26.05:137][  0]LogUObjectArray: 28739 objects as part of root set at end of initial load.
[2016.10.13-10.26.05:137][  0]LogUObjectAllocator: 5855624 out of 0 bytes used by permanent object pool.
[2016.10.13-10.26.05:137][  0]LogUObjectArray: CloseDisregardForGC: 0/0 objects in disregard for GC pool
[2016.10.13-10.26.05:141][  0]LogInit: WinSock: version 1.1 (2.2), MaxSocks=32767, MaxUdp=65467
[2016.10.13-10.26.05:296][  0]LogSlate: SlateFontCache - WITH_FREETYPE: 1, WITH_HARFBUZZ: 1
[2016.10.13-10.26.05:296][  0]LogSlate: SlateFontCache - WITH_FREETYPE: 1, WITH_HARFBUZZ: 1
[2016.10.13-10.26.06:304][  0]LogUdpMessaging: Initializing bridge on interface 0.0.0.0:0 to multicast group 230.0.0.1:6666.
[2016.10.13-10.26.06:578][  0]SourceControl: 정보 소스 콘트롤이 꺼졌습니다.
[2016.10.13-10.26.06:579][  0]SourceControl: 정보 소스 콘트롤이 꺼졌습니다.
[2016.10.13-10.26.06:590][  0]SourceControl: 정보 소스 콘트롤이 꺼졌습니다.
[2016.10.13-10.26.06:600][  0]SourceControl: 정보 소스 콘트롤이 꺼졌습니다.
[2016.10.13-10.26.06:895][  0]LogEngine: Initializing Engine...
[2016.10.13-10.26.06:896][  0]LogHMD: SteamVR failed to initialize.  Err: 110
[2016.10.13-10.26.06:897][  0]LogHMD: SteamVR failed to initialize.  Err: 110
[2016.10.13-10.26.07:040][  0]LogAIModule: Creating AISystem for world NewWorld
[2016.10.13-10.26.07:060][  0]LogInit: XAudio2 using '스피커(High Definition Audio 장치)' : 2 channels at 44.1 kHz using 16 bits per sample (channel mask 0x3)
[2016.10.13-10.26.07:093][  0]LogInit: FAudioDevice initialized.
[2016.10.13-10.26.07:123][  0]LogDerivedDataCache: Saved boot cache 0.03s 48MB C:/Users/sylve/AppData/Local/UnrealEngine/4.12/DerivedDataCache/Boot.ddc.
[2016.10.13-10.26.07:131][  0]LogInit: Texture streaming: Enabled
[2016.10.13-10.26.07:156][  0]LogWindowsTextInputMethodSystem:Display: IME system now activated using TSF (Microsoft 입력기).
[2016.10.13-10.26.07:246][  0]LogInit: Transaction tracking system initialized
[2016.10.13-10.26.07:283][  0]BlueprintLog: New page: 에디터 로드
[2016.10.13-10.26.07:343][  0]LocalizationService: 정보 현지화 서비스가 비활성화되었습니다.
[2016.10.13-10.26.07:403][  0]LogConsoleResponse:Display: 
[2016.10.13-10.26.07:499][  0]LogCook:Display: Max memory allowance for cook 8192mb
[2016.10.13-10.26.07:499][  0]LogCook:Display: Mobile HDR setting 1
[2016.10.13-10.26.07:595][  0]LogFileCache: Scanning file cache for directory 'D:/sylve/Documents/Unreal Projects/PaperNinja/Content/' took 0.02s
[2016.10.13-10.26.07:595][  0]SourceControl: 정보 소스 콘트롤이 꺼졌습니다.
[2016.10.13-10.26.07:595][  0]Cmd: MAP LOAD FILE="../../../../../../sylve/Documents/Unreal Projects/PaperNinja/Content/Maps/Stage01/PNStage01_Top.umap" TEMPLATE=0 SHOWPROGRESS=1 FEATURELEVEL=3
[2016.10.13-10.26.07:596][  0]LightingResults: New page: 라이팅 빌드
[2016.10.13-10.26.07:597][  0]MapCheck: New page: 맵 체크
[2016.10.13-10.26.07:597][  0]LightingResults: New page: 라이팅 빌드
[2016.10.13-10.26.07:652][  0]LogAIModule: Creating AISystem for world PNStage01_Top
[2016.10.13-10.26.07:872][  0]LogTexture:Display: 텍스처 빌드중: HQ_Lightmap0_3 (AutoDXT)
[2016.10.13-10.26.07:887][  0]LogTexture:Display: 텍스처 빌드중: HQ_Lightmap1_3 (AutoDXT)
[2016.10.13-10.26.07:887][  0]LogTexture:Display: 텍스처 빌드중: LQ_Lightmap_0_3 (DXT1)
[2016.10.13-10.26.07:887][  0]LogTexture:Display: 텍스처 빌드중: ShadowMapTexture2D_1 (G8)
[2016.10.13-10.26.07:888][  0]LogTexture:Display: 텍스처 빌드중: ShadowMapTexture2D_6 (G8)
[2016.10.13-10.26.08:075][  0]LogTexture:Display: 텍스처 빌드중: T_Floor01_D (AutoDXT)
[2016.10.13-10.26.08:241][  0]LogMaterial: Missing cached shader map for material M_Floor, compiling. 
[2016.10.13-10.26.08:380][  0]LogTexture:Display: 텍스처 빌드중: T_Floor01_Side_D (AutoDXT)
[2016.10.13-10.26.08:410][  0]LogMaterial: Missing cached shader map for material M_FloorSide, compiling. 
[2016.10.13-10.26.08:423][  0]LogStaticMesh: SM_Floor 스태틱 메시 빌드중...
[2016.10.13-10.26.08:457][  0]LogStaticMesh: Built static mesh [0.04s] /Game/Architecture/SM_Floor.SM_Floor
[2016.10.13-10.26.08:521][  0]LogTexture:Display: 텍스처 빌드중: T_Pillar01_D (AutoDXT)
[2016.10.13-10.26.08:785][  0]LogMaterial: Missing cached shader map for material M_Pillar, compiling. 
[2016.10.13-10.26.08:805][  0]LogStaticMesh: SM_Pillar 스태틱 메시 빌드중...
[2016.10.13-10.26.08:809][  0]LogStaticMesh: Built static mesh [0.00s] /Game/Architecture/SM_Pillar.SM_Pillar
[2016.10.13-10.26.09:069][  0]LogTexture:Display: 텍스처 빌드중: T_Wall01_D (AutoDXT)
[2016.10.13-10.26.10:332][  0]LogMaterial: Missing cached shader map for material M_Wall, compiling. 
[2016.10.13-10.26.10:353][  0]LogStaticMesh: SM_Wall 스태틱 메시 빌드중...
[2016.10.13-10.26.10:359][  0]LogStaticMesh: Built static mesh [0.01s] /Game/Architecture/SM_Wall.SM_Wall
[2016.10.13-10.26.10:414][  0]LogTexture:Display: 텍스처 빌드중: HQ_Lightmap0_1 (AutoDXT)
[2016.10.13-10.26.10:629][  0]LogTexture:Display: 텍스처 빌드중: HQ_Lightmap0_2 (AutoDXT)
[2016.10.13-10.26.10:861][  0]LogTexture:Display: 텍스처 빌드중: HQ_Lightmap1_1 (AutoDXT)
[2016.10.13-10.26.11:248][  0]LogTexture:Display: 텍스처 빌드중: HQ_Lightmap1_2 (AutoDXT)
[2016.10.13-10.26.11:625][  0]LogTexture:Display: 텍스처 빌드중: LQ_Lightmap_0_1 (DXT1)
[2016.10.13-10.26.11:759][  0]LogTexture:Display: 텍스처 빌드중: LQ_Lightmap_1_2 (DXT1)
[2016.10.13-10.26.11:909][  0]LogTexture:Display: 텍스처 빌드중: ShadowMapTexture2D_0 (G8)
[2016.10.13-10.26.12:037][  0]LogTexture:Display: 텍스처 빌드중: ShadowMapTexture2D_5 (G8)
[2016.10.13-10.26.12:221][  0]LogEditorServer: Finished looking for orphan Actors (0.000 secs)
[2016.10.13-10.26.12:224][  0]Cmd: MAP CHECKDEP NOCLEARLOG
[2016.10.13-10.26.12:375][  0]MapCheck: 정보 맵 체크 완료: 오류 0 회, 경고 0 회, 소요 시간 150.276ms.
[2016.10.13-10.26.12:375][  0]LogFileHelpers: Loading map 'PNStage01_Top' took 4.780
[2016.10.13-10.26.12:717][  0]LogCollectionManager: Loaded 0 collections in 0.002899 seconds
[2016.10.13-10.26.12:768][  0]LogFileCache: Scanning file cache for directory 'D:/sylve/Documents/Unreal Projects/PaperNinja/Saved/Collections/' took 0.01s
[2016.10.13-10.26.12:768][  0]LogFileCache: Scanning file cache for directory 'D:/sylve/Documents/Unreal Projects/PaperNinja/Content/Developers/sylve/Collections/' took 0.01s
[2016.10.13-10.26.12:768][  0]LogFileCache: Scanning file cache for directory 'D:/sylve/Documents/Unreal Projects/PaperNinja/Content/Collections/' took 0.01s
[2016.10.13-10.26.12:768][  0]LogCollectionManager: Rebuilt the GUID cache for 0 collections in 0.000004 seconds
[2016.10.13-10.26.12:784][  0]LogContentBrowser: Native class hierarchy populated in 0.0159 seconds. Added 2047 classes and 369 folders.
[2016.10.13-10.26.12:790][  0]LogStats: UGameplayTagsManager::ConstructGameplayTagTree: Construct from data asset -  0.000 s
[2016.10.13-10.26.12:790][  0]LogStats: UGameplayTagsManager::ConstructGameplayTagTree: GameplayTagTreeChangedEvent.Broadcast -  0.000 s
[2016.10.13-10.26.12:792][  0]LogContentBrowser: Native class hierarchy updated for 'GameplayTags' in 0.0011 seconds. Added 12 classes and 0 folders.
[2016.10.13-10.26.12:799][  0]LogContentBrowser: Native class hierarchy updated for 'WidgetCarousel' in 0.0014 seconds. Added 0 classes and 0 folders.
[2016.10.13-10.26.12:963][  0]LogContentBrowser: Native class hierarchy updated for 'AddContentDialog' in 0.0013 seconds. Added 0 classes and 0 folders.
[2016.10.13-10.26.12:971][  0]LogContentBrowser: Native class hierarchy updated for 'SceneOutliner' in 0.0016 seconds. Added 1 classes and 2 folders.
[2016.10.13-10.26.13:109][  0]LogContentBrowser: Native class hierarchy updated for 'WorldBrowser' in 0.0012 seconds. Added 1 classes and 3 folders.
[2016.10.13-10.26.13:117][  0]LogCrashTracker: Crashtracker disabled due to settings.
[2016.10.13-10.26.13:126][  0]LogUObjectGlobals:Warning: 'Class 없음.' 오브젝트를 찾는 데 실패했습니다.
[2016.10.13-10.26.13:156][  0]LogContentBrowser: Native class hierarchy updated for 'HierarchicalLODOutliner' in 0.0014 seconds. Added 1 classes and 2 folders.
[2016.10.13-10.26.13:156][  0]LogLoad: Full Startup: 12.08 seconds (BP compile: 0.03 seconds)
[2016.10.13-10.26.13:156][  0]LogExternalProfiler: Found external profiler: VSPerf
[2016.10.13-10.26.13:156][  0]LogExternalProfiler: Using external profiler: VSPerf
[2016.10.13-10.26.13:179][  0]LogOcInput: OculusInput pre-init called
[2016.10.13-10.26.13:226][  0]LogContentStreaming: Texture pool size now 400 MB
[2016.10.13-10.26.13:582][  0]LogRenderer: Reallocating scene render targets to support 1208x576 (Frame:2).
[2016.10.13-10.26.13:813][  2]LogAssetRegistry: Asset discovery search completed in 8.7709 seconds
[2016.10.13-10.26.13:814][  2]LogCollectionManager: Rebuilt the object cache for 0 collections in 0.000001 seconds (found 0 objects)
[2016.10.13-10.26.13:814][  2]LogCollectionManager: Fixed up redirectors for 0 collections in 0.000037 seconds (updated 0 objects)
[2016.10.13-10.26.38:130][436]LogEditorViewport: Clicking on Actor (LMB): StaticMeshActor (SM_Pillar4)
[2016.10.13-10.27.49:616][709]LogWindowsTextInputMethodSystem:Display: IME system now activated using TSF (Microsoft 입력기).
[2016.10.13-10.27.49:845][710]Cmd: QUIT_EDITOR
[2016.10.13-10.27.49:910][710]LogExit: Preparing to exit.
[2016.10.13-10.27.52:008][710]LogExit: Editor shut down
[2016.10.13-10.27.52:009][710]LogExit: Transaction tracking system shut down
[2016.10.13-10.27.52:163][710]LogObj: Freed 0b from 0 cluster array pools.
[2016.10.13-10.27.52:163][710]LogExit: Object subsystem successfully closed.
[2016.10.13-10.27.52:183][710]LogD3D11RHI: Shutdown
[2016.10.13-10.27.52:183][710]LogD3D11RHI: CleanupD3DDevice
[2016.10.13-10.27.52:227][710]LogD3D11RHI: ~FD3D11DynamicRHI
[2016.10.13-10.27.52:233][710]LogModuleManager: Shutting down and abandoning module HierarchicalLODOutliner (214)
[2016.10.13-10.27.52:233][710]LogModuleManager: Shutting down and abandoning module CrashTracker (213)
[2016.10.13-10.27.52:233][710]LogModuleManager: Shutting down and abandoning module WorldBrowser (212)
[2016.10.13-10.27.52:233][710]LogModuleManager: Shutting down and abandoning module SceneOutliner (211)
[2016.10.13-10.27.52:233][710]LogModuleManager: Shutting down and abandoning module WidgetCarousel (210)
[2016.10.13-10.27.52:233][710]LogModuleManager: Shutting down and abandoning module AddContentDialog (209)
[2016.10.13-10.27.52:234][710]LogModuleManager: Shutting down and abandoning module GameplayTags (208)
[2016.10.13-10.27.52:234][710]LogModuleManager: Shutting down and abandoning module EditorWidgets (207)
[2016.10.13-10.27.52:234][710]LogModuleManager: Shutting down and abandoning module CollectionManager (206)
[2016.10.13-10.27.52:234][710]LogModuleManager: Shutting down and abandoning module StatsViewer (205)
[2016.10.13-10.27.52:235][710]LogModuleManager: Shutting down and abandoning module FoliageEdit (204)
[2016.10.13-10.27.52:235][710]LogModuleManager: Shutting down and abandoning module LandscapeEditor (203)
[2016.10.13-10.27.52:235][710]LogModuleManager: Shutting down and abandoning module SceneDepthPickerMode (202)
[2016.10.13-10.27.52:235][710]LogModuleManager: Shutting down and abandoning module ActorPickerMode (201)
[2016.10.13-10.27.52:235][710]LogModuleManager: Shutting down and abandoning module GeometryMode (200)
[2016.10.13-10.27.52:235][710]LogModuleManager: Shutting down and abandoning module TextureAlignMode (199)
[2016.10.13-10.27.52:235][710]LogModuleManager: Shutting down and abandoning module BspMode (198)
[2016.10.13-10.27.52:235][710]LogModuleManager: Shutting down and abandoning module HardwareSurvey (197)
[2016.10.13-10.27.52:235][710]LogModuleManager: Shutting down and abandoning module SequenceRecorderSections (196)
[2016.10.13-10.27.52:235][710]LogModuleManager: Shutting down and abandoning module SequenceRecorder (195)
[2016.10.13-10.27.52:235][710]LogModuleManager: Shutting down and abandoning module AutomationWorker (194)
[2016.10.13-10.27.52:235][710]LogModuleManager: Shutting down and abandoning module MatineeToLevelSequence (193)
[2016.10.13-10.27.52:235][710]LogModuleManager: Shutting down and abandoning module PlacementMode (192)
[2016.10.13-10.27.52:235][710]LogModuleManager: Shutting down and abandoning module LevelSequenceEditor (191)
[2016.10.13-10.27.52:235][710]LogModuleManager: Shutting down and abandoning module CharacterAI (190)
[2016.10.13-10.27.52:235][710]LogModuleManager: Shutting down and abandoning module SmartSnapping (189)
[2016.10.13-10.27.52:235][710]LogModuleManager: Shutting down and abandoning module SessionServices (188)
[2016.10.13-10.27.52:235][710]LogModuleManager: Shutting down and abandoning module ViewportSnapping (187)
[2016.10.13-10.27.52:235][710]LogModuleManager: Shutting down and abandoning module LogVisualizer (186)
[2016.10.13-10.27.52:235][710]LogModuleManager: Shutting down and abandoning module GameProjectGeneration (185)
[2016.10.13-10.27.52:235][710]LogModuleManager: Shutting down and abandoning module IntroTutorials (184)
[2016.10.13-10.27.52:235][710]LogModuleManager: Shutting down and abandoning module EditorLiveStreaming (183)
[2016.10.13-10.27.52:235][710]LogModuleManager: Shutting down and abandoning module IOSPlatformEditor (182)
[2016.10.13-10.27.52:235][710]LogModuleManager: Shutting down and abandoning module HTML5PlatformEditor (181)
[2016.10.13-10.27.52:235][710]LogModuleManager: Shutting down and abandoning module AndroidDeviceDetection (180)
[2016.10.13-10.27.52:410][710]LogModuleManager: Shutting down and abandoning module AndroidPlatformEditor (179)
[2016.10.13-10.27.52:410][710]LogModuleManager: Shutting down and abandoning module IOSRuntimeSettings (178)
[2016.10.13-10.27.52:410][710]LogModuleManager: Shutting down and abandoning module AndroidRuntimeSettings (177)
[2016.10.13-10.27.52:410][710]LogModuleManager: Shutting down and abandoning module MergeActors (176)
[2016.10.13-10.27.52:410][710]LogModuleManager: Shutting down and abandoning module SizeMap (175)
[2016.10.13-10.27.52:410][710]LogModuleManager: Shutting down and abandoning module TreeMap (174)
[2016.10.13-10.27.52:410][710]LogModuleManager: Shutting down and abandoning module ReferenceViewer (173)
[2016.10.13-10.27.52:410][710]LogModuleManager: Shutting down and abandoning module LocalizationService (172)
[2016.10.13-10.27.52:410][710]LogModuleManager: Shutting down and abandoning module LocalizationDashboard (171)
[2016.10.13-10.27.52:410][710]LogModuleManager: Shutting down and abandoning module HardwareTargeting (170)
[2016.10.13-10.27.52:410][710]LogModuleManager: Shutting down and abandoning module DeviceProfileEditor (169)
[2016.10.13-10.27.52:410][710]LogModuleManager: Shutting down and abandoning module UndoHistory (168)
[2016.10.13-10.27.52:410][710]LogModuleManager: Shutting down and abandoning module UserFeedback (167)
[2016.10.13-10.27.52:410][710]LogModuleManager: Shutting down and abandoning module XmlParser (166)
[2016.10.13-10.27.52:410][710]LogModuleManager: Shutting down and abandoning module Blutility (165)
[2016.10.13-10.27.52:410][710]LogModuleManager: Shutting down and abandoning module ProjectTargetPlatformEditor (164)
[2016.10.13-10.27.52:410][710]LogModuleManager: Shutting down and abandoning module ProjectSettingsViewer (163)
[2016.10.13-10.27.52:410][710]LogModuleManager: Shutting down and abandoning module InputBindingEditor (162)
[2016.10.13-10.27.52:410][710]LogModuleManager: Shutting down and abandoning module EditorSettingsViewer (161)
[2016.10.13-10.27.52:410][710]LogModuleManager: Shutting down and abandoning module SettingsEditor (160)
[2016.10.13-10.27.52:410][710]LogModuleManager: Shutting down and abandoning module ProjectLauncher (159)
[2016.10.13-10.27.52:410][710]LogModuleManager: Shutting down and abandoning module SessionFrontend (158)
[2016.10.13-10.27.52:411][710]LogModuleManager: Shutting down and abandoning module ProfilerClient (157)
[2016.10.13-10.27.52:411][710]LogModuleManager: Shutting down and abandoning module TargetDeviceServices (156)
[2016.10.13-10.27.52:411][710]LogModuleManager: Shutting down and abandoning module DeviceManager (155)
[2016.10.13-10.27.52:455][710]LogModuleManager: Shutting down and abandoning module AutomationController (154)
[2016.10.13-10.27.52:455][710]LogModuleManager: Shutting down and abandoning module AutomationWindow (153)
[2016.10.13-10.27.52:455][710]LogModuleManager: Shutting down and abandoning module Layers (152)
[2016.10.13-10.27.52:455][710]LogModuleManager: Shutting down and abandoning module ComponentVisualizers (151)
[2016.10.13-10.27.52:455][710]LogModuleManager: Shutting down and abandoning module DetailCustomizations (150)
[2016.10.13-10.27.52:455][710]LogModuleManager: Shutting down and abandoning module PackagesDialog (149)
[2016.10.13-10.27.52:455][710]LogModuleManager: Shutting down and abandoning module Persona (148)
[2016.10.13-10.27.52:455][710]LogModuleManager: Shutting down and abandoning module Kismet (147)
[2016.10.13-10.27.52:455][710]LogModuleManager: Shutting down and abandoning module GraphEditor (146)
[2016.10.13-10.27.52:455][710]LogModuleManager: Shutting down and abandoning module ClassViewer (145)
[2016.10.13-10.27.52:455][710]LogModuleManager: Shutting down and abandoning module Toolbox (144)
[2016.10.13-10.27.52:455][710]LogModuleManager: Shutting down and abandoning module ModuleUI (143)
[2016.10.13-10.27.52:455][710]LogModuleManager: Shutting down and abandoning module MovieSceneTools (142)
[2016.10.13-10.27.52:455][710]LogModuleManager: Shutting down and abandoning module OutputLog (141)
[2016.10.13-10.27.52:455][710]LogModuleManager: Shutting down and abandoning module GammaUI (140)
[2016.10.13-10.27.52:455][710]LogModuleManager: Shutting down and abandoning module Documentation (139)
[2016.10.13-10.27.52:455][710]LogModuleManager: Shutting down and abandoning module StreamingPauseRendering (138)
[2016.10.13-10.27.52:455][710]LogModuleManager: Shutting down and abandoning module AnalyticsET (137)
[2016.10.13-10.27.52:455][710]LogModuleManager: Shutting down and abandoning module Analytics (136)
[2016.10.13-10.27.52:455][710]LogModuleManager: Shutting down and abandoning module PortalServices (135)
[2016.10.13-10.27.52:455][710]LogModuleManager: Shutting down and abandoning module PortalRpc (134)
[2016.10.13-10.27.52:455][710]LogModuleManager: Shutting down and abandoning module MessagingRpc (133)
[2016.10.13-10.27.52:455][710]LogModuleManager: Shutting down and abandoning module GameplayDebugger (132)
[2016.10.13-10.27.52:455][710]LogModuleManager: Shutting down and abandoning module AITestSuite (131)
[2016.10.13-10.27.52:455][710]LogModuleManager: Shutting down and abandoning module AIModule (130)
[2016.10.13-10.27.52:455][710]LogModuleManager: Shutting down and abandoning module ProfilerService (129)
[2016.10.13-10.27.52:461][710]LogModuleManager: Shutting down and abandoning module TaskGraph (128)
[2016.10.13-10.27.52:461][710]LogModuleManager: Shutting down and abandoning module SlateRemote (127)
[2016.10.13-10.27.52:461][710]LogModuleManager: Shutting down and abandoning module SteamVRController (126)
[2016.10.13-10.27.52:461][710]LogModuleManager: Shutting down and abandoning module SteamVR (125)
[2016.10.13-10.27.52:461][710]LogModuleManager: Shutting down and abandoning module ProceduralMeshComponent (124)
[2016.10.13-10.27.52:461][710]LogModuleManager: Shutting down and abandoning module OculusLibrary (123)
[2016.10.13-10.27.52:461][710]LogModuleManager: Shutting down and abandoning module OculusInput (122)
[2016.10.13-10.27.52:461][710]LogModuleManager: Shutting down and abandoning module CustomMeshComponent (121)
[2016.10.13-10.27.52:461][710]LogModuleManager: Shutting down and abandoning module CableComponent (120)
[2016.10.13-10.27.52:461][710]LogModuleManager: Shutting down and abandoning module ArchVisCharacter (119)
[2016.10.13-10.27.52:461][710]LogModuleManager: Shutting down and abandoning module MediaPlayerEditor (118)
[2016.10.13-10.27.52:462][710]LogModuleManager: Shutting down and abandoning module HTML5Networking (117)
[2016.10.13-10.27.52:462][710]LogModuleManager: Shutting down and abandoning module SuperSearch (116)
[2016.10.13-10.27.52:462][710]LogModuleManager: Shutting down and abandoning module SuperSearchEditor (115)
[2016.10.13-10.27.52:462][710]LogModuleManager: Shutting down and abandoning module SpeedTreeImporter (114)
[2016.10.13-10.27.52:462][710]LogModuleManager: Shutting down and abandoning module PluginBrowser (113)
[2016.10.13-10.27.52:462][710]LogModuleManager: Shutting down and abandoning module EpicSurvey (112)
[2016.10.13-10.27.52:462][710]LogModuleManager: Shutting down and abandoning module DesktopPlatform (111)
[2016.10.13-10.27.52:462][710]LogModuleManager: Shutting down and abandoning module VisualStudioSourceCodeAccess (110)
[2016.10.13-10.27.52:462][710]LogModuleManager: Shutting down and abandoning module UObjectPlugin (109)
[2016.10.13-10.27.52:462][710]LogModuleManager: Shutting down and abandoning module SubversionSourceControl (108)
[2016.10.13-10.27.52:462][710]LogModuleManager: Shutting down and abandoning module PerforceSourceControl (107)
[2016.10.13-10.27.52:462][710]LogModuleManager: Shutting down and abandoning module SourceControl (106)
[2016.10.13-10.27.52:462][710]LogModuleManager: Shutting down and abandoning module GitSourceControl (105)
[2016.10.13-10.27.52:462][710]LogModuleManager: Shutting down and abandoning module LightPropagationVolumeEditor (104)
[2016.10.13-10.27.52:462][710]LogModuleManager: Shutting down and abandoning module PaperTiledImporter (103)
[2016.10.13-10.27.52:462][710]LogModuleManager: Shutting down and abandoning module PaperSpriteSheetImporter (102)
[2016.10.13-10.27.52:462][710]LogModuleManager: Shutting down and abandoning module MeshPaint (101)
[2016.10.13-10.27.52:462][710]LogModuleManager: Shutting down and abandoning module PixelInspectorModule (100)
[2016.10.13-10.27.52:462][710]LogModuleManager: Shutting down and abandoning module HotReload (99)
[2016.10.13-10.27.52:463][710]LogModuleManager: Shutting down and abandoning module MainFrame (98)
[2016.10.13-10.27.52:463][710]LogModuleManager: Shutting down and abandoning module LevelEditor (97)
[2016.10.13-10.27.52:464][710]LogModuleManager: Shutting down and abandoning module ContentBrowser (96)
[2016.10.13-10.27.52:465][710]LogModuleManager: Shutting down and abandoning module Paper2DEditor (95)
[2016.10.13-10.27.52:465][710]LogModuleManager: Shutting down and abandoning module UdpMessaging (94)
[2016.10.13-10.27.52:566][710]LogModuleManager: Shutting down and abandoning module LightPropagationVolumeRuntime (93)
[2016.10.13-10.27.52:566][710]LogModuleManager: Shutting down and abandoning module Paper2D (92)
[2016.10.13-10.27.52:566][710]LogModuleManager: Shutting down and abandoning module WindowsMoviePlayer (91)
[2016.10.13-10.27.52:566][710]LogModuleManager: Shutting down and abandoning module Media (90)
[2016.10.13-10.27.52:566][710]LogModuleManager: Shutting down and abandoning module WmfMedia (89)
[2016.10.13-10.27.52:566][710]LogModuleManager: Shutting down and abandoning module MediaAssets (88)
[2016.10.13-10.27.52:566][710]LogModuleManager: Shutting down and abandoning module GameLiveStreaming (87)
[2016.10.13-10.27.52:566][710]LogModuleManager: Shutting down and abandoning module GameplayTagsEditor (86)
[2016.10.13-10.27.52:566][710]LogModuleManager: Shutting down and abandoning module OnlineBlueprintSupport (85)
[2016.10.13-10.27.52:566][710]LogModuleManager: Shutting down and abandoning module VREditor (84)
[2016.10.13-10.27.52:566][710]LogModuleManager: Shutting down and abandoning module GameplayTasksEditor (83)
[2016.10.13-10.27.52:566][710]LogModuleManager: Shutting down and abandoning module PropertyEditor (82)
[2016.10.13-10.27.52:566][710]LogModuleManager: Shutting down and abandoning module BehaviorTreeEditor (81)
[2016.10.13-10.27.52:566][710]LogModuleManager: Shutting down and abandoning module FunctionalTesting (80)
[2016.10.13-10.27.52:566][710]LogModuleManager: Shutting down and abandoning module CollisionAnalyzer (79)
[2016.10.13-10.27.52:566][710]LogModuleManager: Shutting down and abandoning module Sequencer (78)
[2016.10.13-10.27.52:566][710]LogModuleManager: Shutting down and abandoning module WorkspaceMenuStructure (77)
[2016.10.13-10.27.52:566][710]LogModuleManager: Shutting down and abandoning module MessageLog (76)
[2016.10.13-10.27.52:566][710]LogModuleManager: Shutting down and abandoning module AssetTools (75)
[2016.10.13-10.27.52:566][710]LogModuleManager: Shutting down and abandoning module UMGEditor (74)
[2016.10.13-10.27.52:566][710]LogModuleManager: Shutting down and abandoning module UMG (73)
[2016.10.13-10.27.52:566][710]LogModuleManager: Shutting down and abandoning module SlateReflector (72)
[2016.10.13-10.27.52:566][710]LogModuleManager: Shutting down and abandoning module Slate (71)
[2016.10.13-10.27.52:566][710]LogModuleManager: Shutting down and abandoning module EditorStyle (70)
[2016.10.13-10.27.52:568][710]LogModuleManager: Shutting down and abandoning module SourceCodeAccess (69)
[2016.10.13-10.27.52:568][710]LogModuleManager: Shutting down and abandoning module HeadMountedDisplay (68)
[2016.10.13-10.27.52:568][710]LogModuleManager: Shutting down and abandoning module XAudio2 (67)
[2016.10.13-10.27.52:568][710]LogModuleManager: Shutting down and abandoning module Networking (65)
[2016.10.13-10.27.52:568][710]LogModuleManager: Shutting down and abandoning module Core (64)
[2016.10.13-10.27.52:568][710]LogModuleManager: Shutting down and abandoning module DirectoryWatcher (63)
[2016.10.13-10.27.52:569][710]LogModuleManager: Shutting down and abandoning module AssetRegistry (62)
[2016.10.13-10.27.52:709][710]LogModuleManager: Shutting down and abandoning module KismetCompiler (61)
[2016.10.13-10.27.52:709][710]LogModuleManager: Shutting down and abandoning module PhysXFormats (60)
[2016.10.13-10.27.52:709][710]LogModuleManager: Shutting down and abandoning module MeshUtilities (59)
[2016.10.13-10.27.52:709][710]LogModuleManager: Shutting down and abandoning module DerivedDataCache (58)
[2016.10.13-10.27.52:786][710]LogDerivedDataCache: Shutdown
[2016.10.13-10.27.52:786][710]LogModuleManager: Shutting down and abandoning module VulkanShaderFormat (57)
[2016.10.13-10.27.52:786][710]LogModuleManager: Shutting down and abandoning module ShaderFormatOpenGL (56)
[2016.10.13-10.27.52:786][710]LogModuleManager: Shutting down and abandoning module ShaderFormatD3D (55)
[2016.10.13-10.27.52:786][710]LogModuleManager: Shutting down and abandoning module MetalShaderFormat (54)
[2016.10.13-10.27.52:786][710]LogModuleManager: Shutting down and abandoning module TextureFormatUncompressed (53)
[2016.10.13-10.27.52:786][710]LogModuleManager: Shutting down and abandoning module TextureFormatPVR (52)
[2016.10.13-10.27.52:786][710]LogModuleManager: Shutting down and abandoning module TextureFormatIntelISPCTexComp (51)
[2016.10.13-10.27.52:786][710]LogModuleManager: Shutting down and abandoning module TextureFormatDXT (50)
[2016.10.13-10.27.52:786][710]LogModuleManager: Shutting down and abandoning module ImageWrapper (49)
[2016.10.13-10.27.52:786][710]LogModuleManager: Shutting down and abandoning module TextureFormatASTC (48)
[2016.10.13-10.27.52:786][710]LogModuleManager: Shutting down and abandoning module TextureFormatAndroid (47)
[2016.10.13-10.27.52:786][710]LogModuleManager: Shutting down and abandoning module AudioFormatOpus (46)
[2016.10.13-10.27.52:786][710]LogModuleManager: Shutting down and abandoning module AudioFormatOgg (45)
[2016.10.13-10.27.52:786][710]LogModuleManager: Shutting down and abandoning module AudioFormatADPCM (44)
[2016.10.13-10.27.52:786][710]LogModuleManager: Shutting down and abandoning module LinuxTargetPlatform (43)
[2016.10.13-10.27.52:786][710]LogModuleManager: Shutting down and abandoning module LinuxServerTargetPlatform (42)
[2016.10.13-10.27.52:786][710]LogModuleManager: Shutting down and abandoning module LinuxNoEditorTargetPlatform (41)
[2016.10.13-10.27.52:786][710]LogModuleManager: Shutting down and abandoning module TVOSTargetPlatform (40)
[2016.10.13-10.27.52:786][710]LogModuleManager: Shutting down and abandoning module Messaging (39)
[2016.10.13-10.27.52:786][710]LogModuleManager: Shutting down and abandoning module IOSTargetPlatform (38)
[2016.10.13-10.27.52:786][710]LogModuleManager: Shutting down and abandoning module HTML5TargetPlatform (37)
[2016.10.13-10.27.52:786][710]LogModuleManager: Shutting down and abandoning module Android_PVRTCTargetPlatform (36)
[2016.10.13-10.27.52:786][710]LogModuleManager: Shutting down and abandoning module Android_MultiTargetPlatform (35)
[2016.10.13-10.27.52:786][710]LogModuleManager: Shutting down and abandoning module Android_ETC2TargetPlatform (34)
[2016.10.13-10.27.52:786][710]LogModuleManager: Shutting down and abandoning module Android_ETC1TargetPlatform (33)
[2016.10.13-10.27.52:786][710]LogModuleManager: Shutting down and abandoning module Android_DXTTargetPlatform (32)
[2016.10.13-10.27.52:786][710]LogModuleManager: Shutting down and abandoning module Android_ATCTargetPlatform (31)
[2016.10.13-10.27.52:787][710]LogModuleManager: Shutting down and abandoning module Android_ASTCTargetPlatform (30)
[2016.10.13-10.27.52:787][710]LogModuleManager: Shutting down and abandoning module AndroidTargetPlatform (29)
[2016.10.13-10.27.52:787][710]LogModuleManager: Shutting down and abandoning module WindowsTargetPlatform (28)
[2016.10.13-10.27.52:787][710]LogModuleManager: Shutting down and abandoning module WindowsServerTargetPlatform (27)
[2016.10.13-10.27.52:787][710]LogModuleManager: Shutting down and abandoning module WindowsNoEditorTargetPlatform (26)
[2016.10.13-10.27.52:787][710]LogModuleManager: Shutting down and abandoning module WindowsClientTargetPlatform (25)
[2016.10.13-10.27.52:787][710]LogModuleManager: Shutting down and abandoning module AllDesktopTargetPlatform (24)
[2016.10.13-10.27.52:787][710]LogModuleManager: Shutting down and abandoning module TargetPlatform (23)
[2016.10.13-10.27.52:787][710]LogModuleManager: Shutting down and abandoning module InputCore (22)
[2016.10.13-10.27.52:787][710]LogModuleManager: Shutting down and abandoning module Settings (21)
[2016.10.13-10.27.52:787][710]LogModuleManager: Shutting down and abandoning module OnlineSubsystem (19)
[2016.10.13-10.27.52:787][710]LogModuleManager: Shutting down and abandoning module HTTP (18)
[2016.10.13-10.27.56:291][710]LogModuleManager: Shutting down and abandoning module XMPP (17)
[2016.10.13-10.27.56:291][710]LogModuleManager: Shutting down and abandoning module OculusRift (16)
[2016.10.13-10.27.56:291][710]LogModuleManager: Shutting down and abandoning module ExampleDeviceProfileSelector (15)
[2016.10.13-10.27.56:291][710]LogModuleManager: Shutting down and abandoning module TextureCompressor (14)
[2016.10.13-10.27.56:291][710]LogModuleManager: Shutting down and abandoning module ShaderCore (13)
[2016.10.13-10.27.56:291][710]LogModuleManager: Shutting down and abandoning module Landscape (12)
[2016.10.13-10.27.56:291][710]LogModuleManager: Shutting down and abandoning module SlateRHIRenderer (11)
[2016.10.13-10.27.56:292][710]LogModuleManager: Shutting down and abandoning module OpenGLDrv (10)
[2016.10.13-10.27.56:292][710]LogModuleManager: Shutting down and abandoning module D3D11RHI (9)
[2016.10.13-10.27.56:292][710]LogModuleManager: Shutting down and abandoning module AnimGraphRuntime (8)
[2016.10.13-10.27.56:292][710]LogModuleManager: Shutting down and abandoning module Renderer (7)
[2016.10.13-10.27.56:292][710]LogModuleManager: Shutting down and abandoning module Engine (6)
[2016.10.13-10.27.56:292][710]LogModuleManager: Shutting down and abandoning module CoreUObject (5)
[2016.10.13-10.27.56:292][710]LogModuleManager: Shutting down and abandoning module NetworkFile (4)
[2016.10.13-10.27.56:292][710]LogModuleManager: Shutting down and abandoning module StreamingFile (3)
[2016.10.13-10.27.56:292][710]LogModuleManager: Shutting down and abandoning module SandboxFile (2)
[2016.10.13-10.27.56:292][710]LogModuleManager: Shutting down and abandoning module PakFile (1)
[2016.10.13-10.27.56:294][710]LogExit: Exiting.
[2016.10.13-10.27.56:295][710]Log file closed, 10/13/16 19:27:56
