Log file open, 12/04/16 09:49:33
LogInit:Display: Running engine for game: EntertainmentProject
LogPlatformFile: Not using cached read wrapper
LogInit:Display: RandInit(1172035642) SRandInit(1172035642).
LogTaskGraph: Started task graph with 5 named threads and 8 total threads with 1 sets of task threads.
LogStats: Stats thread started at 1.445456
LogPluginManager: Loaded Plugin Paper2D, From D:/Development Kit/Epic Games/4.13/Engine/Plugins/2D/Paper2D/Paper2D.uplugin
LogPluginManager: Loaded Plugin LightPropagationVolume, From D:/Development Kit/Epic Games/4.13/Engine/Plugins/Blendables/LightPropagationVolume/LightPropagationVolume.uplugin
LogPluginManager: Loaded Plugin BlankPlugin, From D:/Development Kit/Epic Games/4.13/Engine/Plugins/Developer/BlankPlugin/BlankPlugin.uplugin
LogPluginManager: Loaded Plugin CodeLiteSourceCodeAccess, From D:/Development Kit/Epic Games/4.13/Engine/Plugins/Developer/CodeLiteSourceCodeAccess/CodeLiteSourceCodeAccess.uplugin
LogPluginManager: Loaded Plugin GitSourceControl, From D:/Development Kit/Epic Games/4.13/Engine/Plugins/Developer/GitSourceControl/GitSourceControl.uplugin
LogPluginManager: Loaded Plugin KDevelopSourceCodeAccess, From D:/Development Kit/Epic Games/4.13/Engine/Plugins/Developer/KDevelopSourceCodeAccess/KDevelopSourceCodeAccess.uplugin
LogPluginManager: Loaded Plugin NullSourceCodeAccess, From D:/Development Kit/Epic Games/4.13/Engine/Plugins/Developer/NullSourceCodeAccess/NullSourceCodeAccess.uplugin
LogPluginManager: Loaded Plugin OneSkyLocalizationService, From D:/Development Kit/Epic Games/4.13/Engine/Plugins/Developer/OneSkyLocalizationService/OneSkyLocalizationService.uplugin
LogPluginManager: Loaded Plugin PerforceSourceControl, From D:/Development Kit/Epic Games/4.13/Engine/Plugins/Developer/PerforceSourceControl/PerforceSourceControl.uplugin
LogPluginManager: Loaded Plugin SubversionSourceControl, From D:/Development Kit/Epic Games/4.13/Engine/Plugins/Developer/SubversionSourceControl/SubversionSourceControl.uplugin
LogPluginManager: Loaded Plugin UObjectPlugin, From D:/Development Kit/Epic Games/4.13/Engine/Plugins/Developer/UObjectPlugin/UObjectPlugin.uplugin
LogPluginManager: Loaded Plugin VisualStudioSourceCodeAccess, From D:/Development Kit/Epic Games/4.13/Engine/Plugins/Developer/VisualStudioSourceCodeAccess/VisualStudioSourceCodeAccess.uplugin
LogPluginManager: Loaded Plugin XCodeSourceCodeAccess, From D:/Development Kit/Epic Games/4.13/Engine/Plugins/Developer/XCodeSourceCodeAccess/XCodeSourceCodeAccess.uplugin
LogPluginManager: Loaded Plugin EpicSurvey, From D:/Development Kit/Epic Games/4.13/Engine/Plugins/Editor/EpicSurvey/EpicSurvey.uplugin
LogPluginManager: Loaded Plugin MacGraphicsSwitching, From D:/Development Kit/Epic Games/4.13/Engine/Plugins/Editor/MacGraphicsSwitching/MacGraphicsSwitching.uplugin
LogPluginManager: Loaded Plugin MobileLauncherProfileWizard, From D:/Development Kit/Epic Games/4.13/Engine/Plugins/Editor/MobileLauncherProfileWizard/MobileLauncherProfileWizard.uplugin
LogPluginManager: Loaded Plugin PluginBrowser, From D:/Development Kit/Epic Games/4.13/Engine/Plugins/Editor/PluginBrowser/PluginBrowser.uplugin
LogPluginManager: Loaded Plugin SpeedTreeImporter, From D:/Development Kit/Epic Games/4.13/Engine/Plugins/Editor/SpeedTreeImporter/SpeedTreeImporter.uplugin
LogPluginManager: Loaded Plugin SuperSearchEditor, From D:/Development Kit/Epic Games/4.13/Engine/Plugins/Editor/SuperSearchEditor/SuperSearchEditor.uplugin
LogPluginManager: Loaded Plugin AlembicImporter, From D:/Development Kit/Epic Games/4.13/Engine/Plugins/Experimental/AlembicImporter/AlembicImporter.uplugin
LogPluginManager: Loaded Plugin BlueprintStats, From D:/Development Kit/Epic Games/4.13/Engine/Plugins/Experimental/BlueprintStats/BlueprintStats.uplugin
LogPluginManager: Loaded Plugin CharacterAI, From D:/Development Kit/Epic Games/4.13/Engine/Plugins/Experimental/CharacterAI/CharacterAI.uplugin
LogPluginManager: Loaded Plugin CodeEditor, From D:/Development Kit/Epic Games/4.13/Engine/Plugins/Experimental/CodeEditor/CodeEditor.uplugin
LogPluginManager: Loaded Plugin CodeView, From D:/Development Kit/Epic Games/4.13/Engine/Plugins/Experimental/CodeView/CodeView.uplugin
LogPluginManager: Loaded Plugin HTML5Networking, From D:/Development Kit/Epic Games/4.13/Engine/Plugins/Experimental/HTML5Networking/HTML5Networking.uplugin
LogPluginManager: Loaded Plugin LiveEditor, From D:/Development Kit/Epic Games/4.13/Engine/Plugins/Experimental/LiveEditor/LiveEditor.uplugin
LogPluginManager: Loaded Plugin OSVR, From D:/Development Kit/Epic Games/4.13/Engine/Plugins/Experimental/OSVR/OSVR.uplugin
LogPluginManager: Loaded Plugin Phya, From D:/Development Kit/Epic Games/4.13/Engine/Plugins/Experimental/Phya/Phya.uplugin
LogPluginManager: Loaded Plugin SignificanceManager, From D:/Development Kit/Epic Games/4.13/Engine/Plugins/Experimental/SignificanceManager/SignificanceManager.uplugin
LogPluginManager: Loaded Plugin SimpleHMD, From D:/Development Kit/Epic Games/4.13/Engine/Plugins/Experimental/SimpleHMD/SimpleHMD.uplugin
LogPluginManager: Loaded Plugin StereoPanorama, From D:/Development Kit/Epic Games/4.13/Engine/Plugins/Experimental/StereoPanorama/StereoPanorama.uplugin
LogPluginManager: Loaded Plugin StructBox, From D:/Development Kit/Epic Games/4.13/Engine/Plugins/Experimental/StructBox/StructBox.uplugin
LogPluginManager: Loaded Plugin RunebergVRPlugin, From D:/Development Kit/Epic Games/4.13/Engine/Plugins/Marketplace/RunebergVRPlugin/RunebergVRPlugin.uplugin
LogPluginManager: Loaded Plugin AndroidMedia, From D:/Development Kit/Epic Games/4.13/Engine/Plugins/Media/AndroidMedia/AndroidMedia.uplugin
LogPluginManager: Loaded Plugin AvfMedia, From D:/Development Kit/Epic Games/4.13/Engine/Plugins/Media/AvfMedia/AvfMedia.uplugin
LogPluginManager: Loaded Plugin MediaPlayerEditor, From D:/Development Kit/Epic Games/4.13/Engine/Plugins/Media/MediaPlayerEditor/MediaPlayerEditor.uplugin
LogPluginManager: Loaded Plugin WmfMedia, From D:/Development Kit/Epic Games/4.13/Engine/Plugins/Media/WmfMedia/WmfMedia.uplugin
LogPluginManager: Loaded Plugin MessagingDebugger, From D:/Development Kit/Epic Games/4.13/Engine/Plugins/Messaging/MessagingDebugger/MessagingDebugger.uplugin
LogPluginManager: Loaded Plugin TcpMessaging, From D:/Development Kit/Epic Games/4.13/Engine/Plugins/Messaging/TcpMessaging/TcpMessaging.uplugin
LogPluginManager: Loaded Plugin UdpMessaging, From D:/Development Kit/Epic Games/4.13/Engine/Plugins/Messaging/UdpMessaging/UdpMessaging.uplugin
LogPluginManager: Loaded Plugin LevelSequenceEditor, From D:/Development Kit/Epic Games/4.13/Engine/Plugins/MovieScene/LevelSequenceEditor/LevelSequenceEditor.uplugin
LogPluginManager: Loaded Plugin MatineeToLevelSequence, From D:/Development Kit/Epic Games/4.13/Engine/Plugins/MovieScene/MatineeToLevelSequence/MatineeToLevelSequence.uplugin
LogPluginManager: Loaded Plugin NetcodeUnitTest, From D:/Development Kit/Epic Games/4.13/Engine/Plugins/NetcodeUnitTest/NetcodeUnitTest/NetcodeUnitTest.uplugin
LogPluginManager: Loaded Plugin NUTUnrealEngine4, From D:/Development Kit/Epic Games/4.13/Engine/Plugins/NetcodeUnitTest/NUTUnrealEngine4/NUTUnrealEngine4.uplugin
LogPluginManager: Loaded Plugin OnlineSubsystemGooglePlay, From D:/Development Kit/Epic Games/4.13/Engine/Plugins/Online/Android/OnlineSubsystemGooglePlay/OnlineSubsystemGooglePlay.uplugin
LogPluginManager: Loaded Plugin OnlineSubsystemIOS, From D:/Development Kit/Epic Games/4.13/Engine/Plugins/Online/IOS/OnlineSubsystemIOS/OnlineSubsystemIOS.uplugin
LogPluginManager: Loaded Plugin OnlineFramework, From D:/Development Kit/Epic Games/4.13/Engine/Plugins/Online/OnlineFramework/OnlineFramework.uplugin
LogPluginManager: Loaded Plugin OnlineSubsystem, From D:/Development Kit/Epic Games/4.13/Engine/Plugins/Online/OnlineSubsystem/OnlineSubsystem.uplugin
LogPluginManager: Loaded Plugin OnlineSubsystemAmazon, From D:/Development Kit/Epic Games/4.13/Engine/Plugins/Online/OnlineSubsystemAmazon/OnlineSubsystemAmazon.uplugin
LogPluginManager: Loaded Plugin OnlineSubsystemFacebook, From D:/Development Kit/Epic Games/4.13/Engine/Plugins/Online/OnlineSubsystemFacebook/OnlineSubsystemFacebook.uplugin
LogPluginManager: Loaded Plugin OnlineSubsystemNull, From D:/Development Kit/Epic Games/4.13/Engine/Plugins/Online/OnlineSubsystemNull/OnlineSubsystemNull.uplugin
LogPluginManager: Loaded Plugin OnlineSubsystemOculus, From D:/Development Kit/Epic Games/4.13/Engine/Plugins/Online/OnlineSubsystemOculus/OnlineSubsystemOculus.uplugin
LogPluginManager: Loaded Plugin OnlineSubsystemSteam, From D:/Development Kit/Epic Games/4.13/Engine/Plugins/Online/OnlineSubsystemSteam/OnlineSubsystemSteam.uplugin
LogPluginManager: Loaded Plugin OnlineSubsystemUtils, From D:/Development Kit/Epic Games/4.13/Engine/Plugins/Online/OnlineSubsystemUtils/OnlineSubsystemUtils.uplugin
LogPluginManager: Loaded Plugin IOSTapJoy, From D:/Development Kit/Epic Games/4.13/Engine/Plugins/Runtime/Advertising/IOSTapJoy/IOSTapJoy.uplugin
LogPluginManager: Loaded Plugin AnalyticsBlueprintLibrary, From D:/Development Kit/Epic Games/4.13/Engine/Plugins/Runtime/Analytics/AnalyticsBlueprintLibrary/AnalyticsBlueprintLibrary.uplugin
LogPluginManager: Loaded Plugin AnalyticsMulticast, From D:/Development Kit/Epic Games/4.13/Engine/Plugins/Runtime/Analytics/AnalyticsMulticast/AnalyticsMulticast.uplugin
LogPluginManager: Loaded Plugin Apsalar, From D:/Development Kit/Epic Games/4.13/Engine/Plugins/Runtime/Analytics/Apsalar/Apsalar.uplugin
LogPluginManager: Loaded Plugin FileLogging, From D:/Development Kit/Epic Games/4.13/Engine/Plugins/Runtime/Analytics/FileLogging/FileLogging.uplugin
LogPluginManager: Loaded Plugin Flurry, From D:/Development Kit/Epic Games/4.13/Engine/Plugins/Runtime/Analytics/Flurry/Flurry.uplugin
LogPluginManager: Loaded Plugin AndroidDeviceProfileSelector, From D:/Development Kit/Epic Games/4.13/Engine/Plugins/Runtime/AndroidDeviceProfileSelector/AndroidDeviceProfileSelector.uplugin
LogPluginManager: Loaded Plugin AndroidMoviePlayer, From D:/Development Kit/Epic Games/4.13/Engine/Plugins/Runtime/AndroidMoviePlayer/AndroidMoviePlayer.uplugin
LogPluginManager: Loaded Plugin AppleMoviePlayer, From D:/Development Kit/Epic Games/4.13/Engine/Plugins/Runtime/AppleMoviePlayer/AppleMoviePlayer.uplugin
LogPluginManager: Loaded Plugin ArchVisCharacter, From D:/Development Kit/Epic Games/4.13/Engine/Plugins/Runtime/ArchVisCharacter/ArchVisCharacter.uplugin
LogPluginManager: Loaded Plugin CableComponent, From D:/Development Kit/Epic Games/4.13/Engine/Plugins/Runtime/CableComponent/CableComponent.uplugin
LogPluginManager: Loaded Plugin CustomMeshComponent, From D:/Development Kit/Epic Games/4.13/Engine/Plugins/Runtime/CustomMeshComponent/CustomMeshComponent.uplugin
LogPluginManager: Loaded Plugin ExampleDeviceProfileSelector, From D:/Development Kit/Epic Games/4.13/Engine/Plugins/Runtime/ExampleDeviceProfileSelector/ExampleDeviceProfileSelector.uplugin
LogPluginManager: Loaded Plugin GearVR, From D:/Development Kit/Epic Games/4.13/Engine/Plugins/Runtime/GearVR/GearVR.uplugin
LogPluginManager: Loaded Plugin GoogleVRController, From D:/Development Kit/Epic Games/4.13/Engine/Plugins/Runtime/GoogleVR/GoogleVRController/GoogleVRController.uplugin
LogPluginManager: Loaded Plugin GoogleVRHMD, From D:/Development Kit/Epic Games/4.13/Engine/Plugins/Runtime/GoogleVR/GoogleVRHMD/GoogleVRHMD.uplugin
LogPluginManager: Loaded Plugin IOSDeviceProfileSelector, From D:/Development Kit/Epic Games/4.13/Engine/Plugins/Runtime/IOSDeviceProfileSelector/IOSDeviceProfileSelector.uplugin
LogPluginManager: Loaded Plugin LeapMotion, From D:/Development Kit/Epic Games/4.13/Engine/Plugins/Runtime/LeapMotion/LeapMotion.uplugin
LogPluginManager: Loaded Plugin LinuxDeviceProfileSelector, From D:/Development Kit/Epic Games/4.13/Engine/Plugins/Runtime/LinuxDeviceProfileSelector/LinuxDeviceProfileSelector.uplugin
LogPluginManager: Loaded Plugin LiveEditorListenServer, From D:/Development Kit/Epic Games/4.13/Engine/Plugins/Runtime/LiveEditorListenServer/LiveEditorListenServer.uplugin
LogPluginManager: Loaded Plugin OculusAudio, From D:/Development Kit/Epic Games/4.13/Engine/Plugins/Runtime/OculusAudio/OculusAudio.uplugin
LogPluginManager: Loaded Plugin OculusInput, From D:/Development Kit/Epic Games/4.13/Engine/Plugins/Runtime/OculusInput/OculusInput.uplugin
LogPluginManager: Loaded Plugin OculusLibrary, From D:/Development Kit/Epic Games/4.13/Engine/Plugins/Runtime/OculusLibrary/OculusLibrary.uplugin
LogPluginManager: Loaded Plugin OculusRift, From D:/Development Kit/Epic Games/4.13/Engine/Plugins/Runtime/OculusRift/OculusRift.uplugin
LogPluginManager: Loaded Plugin Oodle, From D:/Development Kit/Epic Games/4.13/Engine/Plugins/Runtime/PacketHandlers/CompressionComponents/Oodle/Oodle.uplugin
LogPluginManager: Loaded Plugin ProceduralMeshComponent, From D:/Development Kit/Epic Games/4.13/Engine/Plugins/Runtime/ProceduralMeshComponent/ProceduralMeshComponent.uplugin
LogPluginManager: Loaded Plugin SoundMod, From D:/Development Kit/Epic Games/4.13/Engine/Plugins/Runtime/SoundMod/SoundMod.uplugin
LogPluginManager: Loaded Plugin SoundVisualizations, From D:/Development Kit/Epic Games/4.13/Engine/Plugins/Runtime/SoundVisualizations/SoundVisualizations.uplugin
LogPluginManager: Loaded Plugin SteamController, From D:/Development Kit/Epic Games/4.13/Engine/Plugins/Runtime/Steam/SteamController/SteamController.uplugin
LogPluginManager: Loaded Plugin SteamVR, From D:/Development Kit/Epic Games/4.13/Engine/Plugins/Runtime/Steam/SteamVR/SteamVR.uplugin
LogPluginManager: Loaded Plugin WebBrowserWidget, From D:/Development Kit/Epic Games/4.13/Engine/Plugins/Runtime/WebBrowserWidget/WebBrowserWidget.uplugin
LogPluginManager: Loaded Plugin WindowsDeviceProfileSelector, From D:/Development Kit/Epic Games/4.13/Engine/Plugins/Runtime/WindowsDeviceProfileSelector/WindowsDeviceProfileSelector.uplugin
LogPluginManager: Loaded Plugin WindowsMoviePlayer, From D:/Development Kit/Epic Games/4.13/Engine/Plugins/Runtime/WindowsMoviePlayer/WindowsMoviePlayer.uplugin
LogPluginManager: Loaded Plugin ScriptPlugin, From D:/Development Kit/Epic Games/4.13/Engine/Plugins/ScriptPlugin/ScriptPlugin.uplugin
LogPluginManager: Loaded Plugin SlateRemote, From D:/Development Kit/Epic Games/4.13/Engine/Plugins/Slate/SlateRemote/SlateRemote.uplugin
LogInit: Using libcurl 7.47.1
LogInit:  - built for x86_64-pc-win32
LogInit:  - supports SSL with WinSSL
LogInit:  - other features:
LogInit:      CURL_VERSION_SSL
LogInit:      CURL_VERSION_IPV6
LogInit:      CURL_VERSION_ASYNCHDNS
LogInit:      CURL_VERSION_LARGEFILE
LogInit:      CURL_VERSION_IDN
LogInit:  CurlRequestOptions (configurable via config and command line):
LogInit:  - bVerifyPeer = false  - Libcurl will NOT verify peer certificate
LogInit:  - bUseHttpProxy = false  - Libcurl will NOT use HTTP proxy
LogInit:  - bDontReuseConnections = false  - Libcurl will reuse connections
LogInit:  - CertBundlePath = nullptr  - Libcurl will use whatever was configured at build time.
LogInit: Build: ++UE4+Release-4.13-CL-3172292
LogInit: Engine Version: 4.13.2-3172292+++UE4+Release-4.13
LogInit: Compatible Engine Version: 4.13.0-3106830+++UE4+Release-4.13
LogInit: Net CL: 3172292
LogDevObjectVersion: Number of dev versions registered: 13
LogDevObjectVersion:   Dev-Blueprints (B0D832E4-1F89-4F0D-ACCF-7EB736FD4AA2): 5
LogDevObjectVersion:   Dev-Build (E1C64328-A22C-4D53-A36C-8E866417BD8C): 0
LogDevObjectVersion:   Dev-Core (375EC13C-06E4-48FB-B500-84F0262A717E): 1
LogDevObjectVersion:   Dev-Editor (E4B068ED-F494-42E9-A231-DA0B2E46BB41): 6
LogDevObjectVersion:   Dev-Framework (CFFC743F-43B0-4480-9391-14DF171D2073): 12
LogDevObjectVersion:   Dev-Mobile (B02B49B5-BB20-44E9-A304-32B752E40360): 0
LogDevObjectVersion:   Dev-Networking (A4E4105C-59A1-49B5-A7C5-40C4547EDFEE): 0
LogDevObjectVersion:   Dev-Online (39C831C9-5AE6-47DC-9A44-9C173E1C8E7C): 0
LogDevObjectVersion:   Dev-Physics (78F01B33-EBEA-4F98-B9B4-84EACCB95AA2): 0
LogDevObjectVersion:   Dev-Platform (6631380F-2D4D-43E0-8009-CF276956A95A): 0
LogDevObjectVersion:   Dev-Rendering (12F88B9F-8875-4AFC-A67C-D90C383ABD29): 4
LogDevObjectVersion:   Dev-Sequencer (7B5AE74C-D270-4C10-A958-57980B212A5A): 0
LogDevObjectVersion:   Dev-VR (D7296918-1DD6-4BDD-9DE2-64A83CC13884): 0
LogInit: Compiled (64-bit): Oct 24 2016 14:29:06
LogInit: Compiled with Visual C++: 19.00.23026.00
LogInit: Build Configuration: Development
LogInit: Branch Name: ++UE4+Release-4.13
LogInit: Command line: 
LogInit: Base directory: D:/Development Kit/Epic Games/4.13/Engine/Binaries/Win64/
LogInit: Installed Engine Build: 1
LogInit: Presizing for max 8388607 objects, including 0 objects not considered by GC, pre-allocating 0 bytes for permanent pool.
LogInit: Object subsystem initialized
[2016.12.04-00.49.34:024][  0]LogInit: Selected Device Profile: [Windows]
[2016.12.04-00.49.34:024][  0]LogInit: Applying CVar settings loaded from the selected device profile: [Windows]
[2016.12.04-00.49.34:058][  0]LogInit: Computer: NARAMPC
[2016.12.04-00.49.34:058][  0]LogInit: User: sylve
[2016.12.04-00.49.34:058][  0]LogInit: CPU Page size=65536, Cores=4
[2016.12.04-00.49.34:058][  0]LogInit: High frequency timer resolution =3.312647 MHz
[2016.12.04-00.49.34:058][  0]LogMemory: Memory total: Physical=7.9GB (8GB approx)
[2016.12.04-00.49.34:058][  0]LogMemory: Platform Memory Stats for Windows
[2016.12.04-00.49.34:058][  0]LogMemory: Process Physical Memory: 257.16 MB used, 257.16 MB peak
[2016.12.04-00.49.34:058][  0]LogMemory: Process Virtual Memory: 259.98 MB used, 259.98 MB peak
[2016.12.04-00.49.34:058][  0]LogMemory: Physical Memory: 3730.12 MB used, 8130.24 MB total
[2016.12.04-00.49.34:058][  0]LogMemory: Virtual Memory: 622.03 MB used, 134217728.00 MB total
[2016.12.04-00.49.34:220][  0]LogTextLocalizationManager: No specific translations for ('ko-KR') exist, so ('ko') translations will be used.
[2016.12.04-00.49.34:673][  0]LogTextLocalizationManager:Warning: Loaded localization resources contain conflicting entries for (Namespace:UObjectToolTips, Key:AnimNode_AssetPlayerBase:bIgnoreForRelevancyTest):
Localization Resource: (D:/Development Kit/Epic Games/4.13/Engine/Content/Localization/EditorTutorials/ko/EditorTutorials.locres) Source String Hash: (319969718) Localized String: (True 면, 스테이트에서 최고 가중치 애니메이션을 찾는 "Relevant anim" 노드는 이 노드를 
무시합니다.)
Localization Resource: (D:/Development Kit/Epic Games/4.13/Engine/Content/Localization/Engine/ko/Engine.locres) Source String Hash: (319969718) Localized String: (True 면 스테이트 내 최고 웨이팅된 애니메이션을 찾는 "Relevant anim" 노드가 무시됩니다.
 )
[2016.12.04-00.49.34:673][  0]LogTextLocalizationManager:Warning: Loaded localization resources contain conflicting entries for (Namespace:UObjectToolTips, Key:AnimNode_AssetPlayerBase:BlendWeight):
Localization Resource: (D:/Development Kit/Epic Games/4.13/Engine/Content/Localization/EditorTutorials/ko/EditorTutorials.locres) Source String Hash: (-1232800293) Localized String: (이 노드에 마지막 걸린 블렌드웨이트 입니다.)
Localization Resource: (D:/Development Kit/Epic Games/4.13/Engine/Content/Localization/Engine/ko/Engine.locres) Source String Hash: (-1232800293) Localized String: (이 노드에 대해 마지막 접한 블렌드 웨이트)
[2016.12.04-00.49.39:008][  0]LogD3D11RHI: D3D11 adapters:
[2016.12.04-00.49.39:048][  0]LogD3D11RHI:    0. 'NVIDIA GeForce GTX 660' (Feature Level 11_0)
[2016.12.04-00.49.39:048][  0]LogD3D11RHI:       2016/0/4065 MB DedicatedVideo/DedicatedSystem/SharedSystem, Outputs:1, VendorId:0x10de
[2016.12.04-00.49.39:051][  0]LogD3D11RHI:    1. 'Microsoft Basic Render Driver' (Feature Level 11_0)
[2016.12.04-00.49.39:051][  0]LogD3D11RHI:       0/0/4065 MB DedicatedVideo/DedicatedSystem/SharedSystem, Outputs:0, VendorId:0x1414
[2016.12.04-00.49.39:052][  0]LogD3D11RHI: Chosen D3D11 Adapter: 0
[2016.12.04-00.49.39:056][  0]LogD3D11RHI: Creating new Direct3DDevice
[2016.12.04-00.49.39:056][  0]LogD3D11RHI:     GPU DeviceId: 0x11c0 (for the marketing name, search the web for "GPU Device Id")
[2016.12.04-00.49.39:056][  0]LogWindows: EnumDisplayDevices:
[2016.12.04-00.49.39:057][  0]LogWindows:    0. 'NVIDIA GeForce GTX 660' (P:1 D:1)
[2016.12.04-00.49.39:057][  0]LogWindows:    1. 'NVIDIA GeForce GTX 660' (P:0 D:0)
[2016.12.04-00.49.39:057][  0]LogWindows:    2. 'NVIDIA GeForce GTX 660' (P:0 D:0)
[2016.12.04-00.49.39:057][  0]LogWindows:    3. 'NVIDIA GeForce GTX 660' (P:0 D:0)
[2016.12.04-00.49.39:058][  0]LogWindows: DebugString: FoundDriverCount:4 
[2016.12.04-00.49.39:058][  0]LogD3D11RHI:     Adapter Name: NVIDIA GeForce GTX 660
[2016.12.04-00.49.39:058][  0]LogD3D11RHI:   Driver Version: 376.09 (internal:21.21.13.7609, unified:376.09)
[2016.12.04-00.49.39:058][  0]LogD3D11RHI:      Driver Date: 11-24-2016
[2016.12.04-00.49.39:058][  0]LogRHI: Texture pool is 1361 MB (70% of 1945 MB)
[2016.12.04-00.49.39:076][  0]LogD3D11RHI: Async texture creation enabled
[2016.12.04-00.49.39:153][  0]LogD3D11RHI: GPU Timing Frequency: 1000.000000 (Debug: 2 2)
[2016.12.04-00.49.39:154][  0]LogShaderCompilers: Guid format shader working directory is -27 characters bigger than the processId version (../../../../../../sylve/Documents/WorkSpace/Unreal Projects/Entertainment/Intermediate/Shaders/WorkingDirectory/2172/).
[2016.12.04-00.49.39:154][  0]LogShaderCompilers: Cleaned the shader compiler working directory 'C:/Users/sylve/AppData/Local/Temp/UnrealShaderWorkingDir/4C6D6046417E5203066BCD9C7DD75203/'.
[2016.12.04-00.49.39:154][  0]LogShaderCompilers:Display: Using Local Shader Compiler.
[2016.12.04-00.49.44:523][  0]LogTemp:Display: Loaded TP AllDesktopTargetPlatform
[2016.12.04-00.49.44:533][  0]LogTemp:Display: Loaded TP WindowsClientTargetPlatform
[2016.12.04-00.49.44:543][  0]LogTemp:Display: Loaded TP WindowsNoEditorTargetPlatform
[2016.12.04-00.49.44:552][  0]LogTemp:Display: Loaded TP WindowsServerTargetPlatform
[2016.12.04-00.49.44:561][  0]LogTemp:Display: Loaded TP WindowsTargetPlatform
[2016.12.04-00.49.44:589][  0]LogTemp:Display: Loaded TP AndroidTargetPlatform
[2016.12.04-00.49.44:636][  0]LogTemp:Display: Loaded TP Android_ASTCTargetPlatform
[2016.12.04-00.49.44:645][  0]LogTemp:Display: Loaded TP Android_ATCTargetPlatform
[2016.12.04-00.49.44:653][  0]LogTemp:Display: Loaded TP Android_DXTTargetPlatform
[2016.12.04-00.49.44:660][  0]LogTemp:Display: Loaded TP Android_ETC1TargetPlatform
[2016.12.04-00.49.44:667][  0]LogTemp:Display: Loaded TP Android_ETC2TargetPlatform
[2016.12.04-00.49.44:801][  0]LogTemp:Display: Loaded TP Android_MultiTargetPlatform
[2016.12.04-00.49.44:801][  0]LogTemp:Display: Loaded TP Android_PVRTCTargetPlatform
[2016.12.04-00.49.44:803][  0]LogTemp:Display: Loaded TP HTML5TargetPlatform
[2016.12.04-00.49.44:955][  0]LogTemp:Display: Loaded TP IOSTargetPlatform
[2016.12.04-00.49.44:962][  0]LogTemp:Display: Loaded TP TVOSTargetPlatform
[2016.12.04-00.49.44:969][  0]LogTemp:Display: Loaded TP LinuxClientTargetPlatform
[2016.12.04-00.49.44:977][  0]LogTemp:Display: Loaded TP LinuxNoEditorTargetPlatform
[2016.12.04-00.49.44:984][  0]LogTemp:Display: Loaded TP LinuxServerTargetPlatform
[2016.12.04-00.49.45:038][  0]LogTemp:Display: Loaded TP LinuxTargetPlatform
[2016.12.04-00.49.45:038][  0]LogTargetPlatformManager:Display: Building Assets For Windows
[2016.12.04-00.49.46:051][  0]LogDerivedDataCache:Display: Max Cache Size: 512 MB
[2016.12.04-00.49.46:427][  0]LogDerivedDataCache: Loaded boot cache 0.38s 62MB C:/Users/sylve/AppData/Local/UnrealEngine/4.13/DerivedDataCache/Boot.ddc.
[2016.12.04-00.49.46:427][  0]LogDerivedDataCache:Display: Loaded Boot cache: C:/Users/sylve/AppData/Local/UnrealEngine/4.13/DerivedDataCache/Boot.ddc
[2016.12.04-00.49.46:427][  0]LogDerivedDataCache: FDerivedDataBackendGraph:  Pak pak cache file ../../../../../../sylve/Documents/WorkSpace/Unreal Projects/Entertainment/DerivedDataCache/DDC.ddp not found, will not use a pak cache.
[2016.12.04-00.49.46:427][  0]LogDerivedDataCache: Unable to find inner node Pak for hierarchical cache Hierarchy.
[2016.12.04-00.49.46:428][  0]LogDerivedDataCache: FDerivedDataBackendGraph:  CompressedPak pak cache file ../../../../../../sylve/Documents/WorkSpace/Unreal Projects/Entertainment/DerivedDataCache/Compressed.ddp not found, will not use a pak cache.
[2016.12.04-00.49.46:428][  0]LogDerivedDataCache: Unable to find inner node CompressedPak for hierarchical cache Hierarchy.
[2016.12.04-00.49.46:659][  0]LogDerivedDataCache:Display: Pak cache opened for reading ../../../Engine/DerivedDataCache/Compressed.ddp.
[2016.12.04-00.49.46:671][  0]LogDerivedDataCache: Using Local data cache path C:/Users/sylve/AppData/Local/UnrealEngine/Common/DerivedDataCache: Writable
[2016.12.04-00.49.54:154][  0]LogInit: Selected Device Profile: [Windows]
[2016.12.04-00.49.54:173][  0]LogContentStreaming: Texture pool size is 0.00 MB
[2016.12.04-00.49.54:361][  0]LogMeshUtilities: No automatic mesh reduction module available
[2016.12.04-00.49.54:361][  0]LogMeshUtilities: No automatic mesh merging module available
[2016.12.04-00.49.54:361][  0]LogMeshUtilities: No distributed automatic mesh merging module available
[2016.12.04-00.49.55:827][  0]LogMaterial: Uniform references updated for custom material expression Custom.
[2016.12.04-00.49.57:990][  0]LogNetVersion: GetLocalNetworkVersion: CL: 3106830, ProjectName: entertainmentproject, ProjectVersion: , EngineNetworkVersion: 1, GameNetworkVersion: 0, NetworkChecksum: 3731665078
[2016.12.04-00.49.58:149][  0]LogAssetRegistry: FAssetRegistry took 0.0467 seconds to start up
[2016.12.04-00.49.58:151][  0]LogDirectoryWatcher:Warning: Failed to begin reading directory changes for ../../../Engine/Plugins/Marketplace/RunebergVRPlugin/Content/. Error: 지정된 파일을 찾을 수 없습니다. (0x00000002)
[2016.12.04-00.49.58:436][  0]LogPackageLocalizationCache: Processed 4 localized package path(s) for 2 prioritized culture(s) in 0.251071 seconds
[2016.12.04-00.49.58:442][  0]LogUObjectArray: 29778 objects as part of root set at end of initial load.
[2016.12.04-00.49.58:442][  0]LogUObjectAllocator: 6125448 out of 0 bytes used by permanent object pool.
[2016.12.04-00.49.58:442][  0]LogUObjectArray: CloseDisregardForGC: 0/0 objects in disregard for GC pool
[2016.12.04-00.49.58:448][  0]LogInit: WinSock: version 1.1 (2.2), MaxSocks=32767, MaxUdp=65467
[2016.12.04-00.50.10:564][  0]LogSlate: SlateFontCache - WITH_FREETYPE: 1, WITH_HARFBUZZ: 1
[2016.12.04-00.50.10:564][  0]LogSlate: SlateFontCache - WITH_FREETYPE: 1, WITH_HARFBUZZ: 1
[2016.12.04-00.50.42:495][  0]LogTcpMessaging: Initializing TcpMessaging bridge
[2016.12.04-00.50.42:681][  0]LogUdpMessaging: Initializing bridge on interface 0.0.0.0:0 to multicast group 230.0.0.1:6666.
[2016.12.04-00.50.49:558][  0]SourceControl: 정보 소스 콘트롤이 꺼졌습니다.
[2016.12.04-00.50.49:745][  0]SourceControl: 정보 소스 콘트롤이 꺼졌습니다.
[2016.12.04-00.50.50:252][  0]SourceControl: 정보 소스 콘트롤이 꺼졌습니다.
[2016.12.04-00.50.50:411][  0]SourceControl: 정보 소스 콘트롤이 꺼졌습니다.
[2016.12.04-00.50.57:753][  0]LogEngine: Initializing Engine...
[2016.12.04-00.50.57:789][  0]LogHMD: Failed to initialize OpenVR with code 110
[2016.12.04-00.51.00:778][  0]LogAIModule: Creating AISystem for world Untitled
[2016.12.04-00.51.01:665][  0]LogInit: XAudio2 using '스피커(Realtek High Definition Audio)' : 2 channels at 48 kHz using 32 bits per sample (channel mask 0x3)
[2016.12.04-00.51.01:976][  0]LogInit: FAudioDevice initialized.
[2016.12.04-00.51.02:019][  0]LogDerivedDataCache: Saved boot cache 0.04s 62MB C:/Users/sylve/AppData/Local/UnrealEngine/4.13/DerivedDataCache/Boot.ddc.
[2016.12.04-00.51.02:035][  0]LogInit: Texture streaming: Enabled
[2016.12.04-00.51.03:889][  0]LogInit: Transaction tracking system initialized
[2016.12.04-00.51.06:508][  0]BlueprintLog: New page: 에디터 로드
[2016.12.04-00.51.15:001][  0]LocalizationService: 정보 현지화 서비스가 비활성화되었습니다.
[2016.12.04-00.51.17:182][  0]LogConsoleResponse:Display: 
[2016.12.04-00.51.21:215][  0]LogFileCache: Scanning file cache for directory 'D:/sylve/Documents/WorkSpace/Unreal Projects/Entertainment/Content/' took 0.26s
[2016.12.04-00.51.21:215][  0]LogCook:Display: Max memory allowance for cook 16384mb min free memory 0mb
[2016.12.04-00.51.21:260][  0]LogCook:Display: Mobile HDR setting 1
[2016.12.04-00.51.25:610][  0]SourceControl: 정보 소스 콘트롤이 꺼졌습니다.
[2016.12.04-00.51.25:698][  0]Cmd: MAP LOAD FILE="../../../../../../sylve/Documents/WorkSpace/Unreal Projects/Entertainment/Content/SideScrollerBP/Maps/Stage01.umap" TEMPLATE=0 SHOWPROGRESS=1 FEATURELEVEL=3
[2016.12.04-00.51.25:724][  0]LightingResults: New page: 라이팅 빌드
[2016.12.04-00.51.26:067][  0]MapCheck: New page: 맵 체크
[2016.12.04-00.51.26:067][  0]LightingResults: New page: 라이팅 빌드
[2016.12.04-00.51.49:105][  0]LogAIModule: Creating AISystem for world Stage01
[2016.12.04-00.51.52:441][  0]LogEditorServer: Finished looking for orphan Actors (0.008 secs)
[2016.12.04-00.51.52:916][  0]Cmd: MAP CHECKDEP NOCLEARLOG
[2016.12.04-00.51.53:120][  0]MapCheck: 정보 맵 체크 완료: 오류 0 회, 경고 0 회, 소요 시간 191.253ms.
[2016.12.04-00.51.53:121][  0]LogFileHelpers: Loading map 'Stage01' took 27.445
[2016.12.04-00.51.58:076][  0]LogCollectionManager: Loaded 0 collections in 0.002663 seconds
[2016.12.04-00.51.58:771][  0]LogFileCache: Scanning file cache for directory 'D:/sylve/Documents/WorkSpace/Unreal Projects/Entertainment/Saved/Collections/' took 0.32s
[2016.12.04-00.51.58:771][  0]LogFileCache: Scanning file cache for directory 'D:/sylve/Documents/WorkSpace/Unreal Projects/Entertainment/Content/Developers/sylve/Collections/' took 0.01s
[2016.12.04-00.51.58:771][  0]LogFileCache: Scanning file cache for directory 'D:/sylve/Documents/WorkSpace/Unreal Projects/Entertainment/Content/Collections/' took 0.01s
[2016.12.04-00.51.58:771][  0]LogCollectionManager: Rebuilt the GUID cache for 0 collections in 0.000010 seconds
[2016.12.04-00.51.58:838][  0]LogContentBrowser: Native class hierarchy populated in 0.0480 seconds. Added 2145 classes and 418 folders.
[2016.12.04-00.51.59:042][  0]LogStats: UGameplayTagsManager::ConstructGameplayTagTree: Construct from data asset -  0.000 s
[2016.12.04-00.51.59:056][  0]LogStats: UGameplayTagsManager::ConstructGameplayTagTree: GameplayTagTreeChangedEvent.Broadcast -  0.014 s
[2016.12.04-00.51.59:067][  0]LogContentBrowser: Native class hierarchy updated for 'GameplayTags' in 0.0015 seconds. Added 12 classes and 0 folders.
[2016.12.04-00.51.59:146][  0]LogContentBrowser: Native class hierarchy updated for 'WidgetCarousel' in 0.0008 seconds. Added 0 classes and 0 folders.
[2016.12.04-00.52.05:430][  0]LogContentBrowser: Native class hierarchy updated for 'AddContentDialog' in 0.0024 seconds. Added 0 classes and 0 folders.
[2016.12.04-00.52.05:761][  0]LogContentBrowser: Native class hierarchy updated for 'SceneOutliner' in 0.0006 seconds. Added 1 classes and 2 folders.
[2016.12.04-00.52.09:236][  0]LogCrashTracker: Crashtracker disabled due to settings.
[2016.12.04-00.52.10:448][  0]LogUObjectGlobals:Warning: 'Class 없음.' 오브젝트를 찾는 데 실패했습니다.
[2016.12.04-00.52.10:915][  0]LogContentBrowser: Native class hierarchy updated for 'HierarchicalLODOutliner' in 0.0014 seconds. Added 1 classes and 2 folders.
[2016.12.04-00.52.10:915][  0]LogLoad: (Engine Initialization) Total time: 160.17 seconds
[2016.12.04-00.52.10:916][  0]LogLoad: (Engine Initialization) Total Blueprint compile time: 5.20 seconds
[2016.12.04-00.52.10:944][  0]LogExternalProfiler: Found external profiler: VSPerf
[2016.12.04-00.52.10:944][  0]LogExternalProfiler: Using external profiler: VSPerf
[2016.12.04-00.52.11:377][  0]LogOcInput: OculusInput pre-init called
[2016.12.04-00.52.13:266][  0]LogContentStreaming: Texture pool size now 1000 MB
[2016.12.04-00.52.17:849][  0]LogRenderer: Reallocating scene render targets to support 1208x584 (Frame:2).
[2016.12.04-00.52.20:264][  4]LogAssetRegistry: Asset discovery search completed in 142.1561 seconds
[2016.12.04-00.52.20:277][  4]LogCollectionManager: Rebuilt the object cache for 0 collections in 0.000001 seconds (found 0 objects)
[2016.12.04-00.52.20:285][  4]LogCollectionManager: Fixed up redirectors for 0 collections in 0.021561 seconds (updated 0 objects)
[2016.12.04-00.52.35:303][114]LogEditorViewport: Clicking on Actor (LMB): SideScrollerCharacter_C (SideScrollerCharacter)
[2016.12.04-01.00.34:136][421]LogBlueprintUserMessages: Early PlayInEditor Detection: Level '/Game/SideScrollerBP/Maps/Stage01.Stage01:PersistentLevel' has LevelScriptBlueprint '/Game/SideScrollerBP/Maps/Stage01.Stage01:PersistentLevel.Stage01' with GeneratedClass '/Game/SideScrollerBP/Maps/Stage01.Stage01_C' with ClassGeneratedBy '/Game/SideScrollerBP/Maps/Stage01.Stage01:PersistentLevel.Stage01'
[2016.12.04-01.00.34:158][421]LogPlayLevel: PlayLevel: No blueprints needed recompiling
[2016.12.04-01.00.34:280][421]PIE: New page: PIE 세션: Stage01 (2016. 12. 4. 오후 7:00:34)
[2016.12.04-01.00.34:280][421]LogPlayLevel: Creating play world package: /Game/SideScrollerBP/Maps/UEDPIE_0_Stage01
[2016.12.04-01.00.34:417][421]LogPlayLevel: PIE: StaticDuplicateObject took: (0.136756s)
[2016.12.04-01.00.34:426][421]LogAIModule: Creating AISystem for world Stage01
[2016.12.04-01.00.34:426][421]LogPlayLevel: PIE: World Init took: (0.009387s)
[2016.12.04-01.00.34:427][421]LogPlayLevel: PIE: Created PIE world by copying editor world from /Game/SideScrollerBP/Maps/Stage01.Stage01 to /Game/SideScrollerBP/Maps/UEDPIE_0_Stage01.Stage01 (0.146621s)
[2016.12.04-01.00.34:493][421]LogInit: XAudio2 using '스피커(Realtek High Definition Audio)' : 2 channels at 48 kHz using 32 bits per sample (channel mask 0x3)
[2016.12.04-01.00.34:512][421]LogInit: FAudioDevice initialized.
[2016.12.04-01.00.34:618][421]LogWorld: Game class is 'GameMode'
[2016.12.04-01.00.34:728][421]LogWorld: Bringing World /Game/SideScrollerBP/Maps/UEDPIE_0_Stage01.Stage01 up for play (max tick rate 0) at 2016.12.04-10.00.34
[2016.12.04-01.00.34:753][421]LogWorld: Bringing up level for play took: 0.081255
[2016.12.04-01.00.34:792][421]LogContentBrowser: Native class hierarchy updated for 'MovieSceneCapture' in 0.0006 seconds. Added 11 classes and 0 folders.
[2016.12.04-01.00.34:793][421]LogGameMode:Display: Match State Changed from EnteringMap to WaitingToStart
[2016.12.04-01.00.34:793][421]LogGameState: Match State Changed from EnteringMap to WaitingToStart
[2016.12.04-01.00.34:793][421]LogGameMode:Display: Match State Changed from WaitingToStart to InProgress
[2016.12.04-01.00.34:794][421]LogGameState: Match State Changed from WaitingToStart to InProgress
[2016.12.04-01.00.34:794][421]PIE: 정보 /Game/SideScrollerBP/Maps/UEDPIE_0_Stage01 에 대한 에디터에서 플레이 시작 시간: 0.078
[2016.12.04-01.00.34:795][421]LogBlueprintUserMessages: Late PlayInEditor Detection: Level '/Game/SideScrollerBP/Maps/Stage01.Stage01:PersistentLevel' has LevelScriptBlueprint '/Game/SideScrollerBP/Maps/Stage01.Stage01:PersistentLevel.Stage01' with GeneratedClass '/Game/SideScrollerBP/Maps/Stage01.Stage01_C' with ClassGeneratedBy '/Game/SideScrollerBP/Maps/Stage01.Stage01:PersistentLevel.Stage01'
[2016.12.04-01.00.44:341][538]LogBlueprintUserMessages: [SideScrollerCharacter_78] Hp: 2
[2016.12.04-01.00.54:563][764]LogBlueprintUserMessages: [SideScrollerCharacter_78] Hp: 1
[2016.12.04-01.01.25:880][522]LogBlueprintUserMessages: [SideScrollerCharacter_78] 1
[2016.12.04-01.02.06:429][387]LogBlueprintUserMessages: [SideScrollerCharacter_78] 2
[2016.12.04-01.02.23:634][450]LogBlueprintUserMessages: [SideScrollerCharacter_78] 3
[2016.12.04-01.02.29:968][210]LogBlueprintUserMessages: [SideScrollerCharacter_78] die
[2016.12.04-01.02.29:984][210]LogBlueprintUserMessages: Early EndPlayMap Detection: Level '/Game/SideScrollerBP/Maps/Stage01.Stage01:PersistentLevel' has LevelScriptBlueprint '/Game/SideScrollerBP/Maps/Stage01.Stage01:PersistentLevel.Stage01' with GeneratedClass '/Game/SideScrollerBP/Maps/Stage01.Stage01_C' with ClassGeneratedBy '/Game/SideScrollerBP/Maps/Stage01.Stage01:PersistentLevel.Stage01'
[2016.12.04-01.02.30:203][210]LogBlueprintUserMessages: Late EndPlayMap Detection: Level '/Game/SideScrollerBP/Maps/Stage01.Stage01:PersistentLevel' has LevelScriptBlueprint '/Game/SideScrollerBP/Maps/Stage01.Stage01:PersistentLevel.Stage01' with GeneratedClass '/Game/SideScrollerBP/Maps/Stage01.Stage01_C' with ClassGeneratedBy '/Game/SideScrollerBP/Maps/Stage01.Stage01:PersistentLevel.Stage01'
[2016.12.04-01.02.43:750][798]LogBlueprintUserMessages: Early PlayInEditor Detection: Level '/Game/SideScrollerBP/Maps/Stage01.Stage01:PersistentLevel' has LevelScriptBlueprint '/Game/SideScrollerBP/Maps/Stage01.Stage01:PersistentLevel.Stage01' with GeneratedClass '/Game/SideScrollerBP/Maps/Stage01.Stage01_C' with ClassGeneratedBy '/Game/SideScrollerBP/Maps/Stage01.Stage01:PersistentLevel.Stage01'
[2016.12.04-01.02.43:750][798]LogPlayLevel: PlayLevel: No blueprints needed recompiling
[2016.12.04-01.02.43:750][798]PIE: New page: PIE 세션: Stage01 (2016. 12. 4. 오후 7:02:43)
[2016.12.04-01.02.43:750][798]LogPlayLevel: Creating play world package: /Game/SideScrollerBP/Maps/UEDPIE_0_Stage01
[2016.12.04-01.02.43:795][798]LogPlayLevel: PIE: StaticDuplicateObject took: (0.043519s)
[2016.12.04-01.02.43:795][798]LogAIModule: Creating AISystem for world Stage01
[2016.12.04-01.02.43:796][798]LogPlayLevel: PIE: World Init took: (0.001042s)
[2016.12.04-01.02.43:796][798]LogPlayLevel: PIE: Created PIE world by copying editor world from /Game/SideScrollerBP/Maps/Stage01.Stage01 to /Game/SideScrollerBP/Maps/UEDPIE_0_Stage01.Stage01 (0.044873s)
[2016.12.04-01.02.43:848][798]LogInit: XAudio2 using '스피커(Realtek High Definition Audio)' : 2 channels at 48 kHz using 32 bits per sample (channel mask 0x3)
[2016.12.04-01.02.43:860][798]LogInit: FAudioDevice initialized.
[2016.12.04-01.02.43:891][798]LogWorld: Game class is 'GameMode'
[2016.12.04-01.02.43:949][798]LogWorld: Bringing World /Game/SideScrollerBP/Maps/UEDPIE_0_Stage01.Stage01 up for play (max tick rate 0) at 2016.12.04-10.02.43
[2016.12.04-01.02.43:951][798]LogWorld: Bringing up level for play took: 0.059462
[2016.12.04-01.02.43:953][798]LogGameMode:Display: Match State Changed from EnteringMap to WaitingToStart
[2016.12.04-01.02.43:953][798]LogGameState: Match State Changed from EnteringMap to WaitingToStart
[2016.12.04-01.02.43:953][798]LogGameMode:Display: Match State Changed from WaitingToStart to InProgress
[2016.12.04-01.02.43:954][798]LogGameState: Match State Changed from WaitingToStart to InProgress
[2016.12.04-01.02.43:954][798]PIE: 정보 /Game/SideScrollerBP/Maps/UEDPIE_0_Stage01 에 대한 에디터에서 플레이 시작 시간: -0.763
[2016.12.04-01.02.43:954][798]LogBlueprintUserMessages: Late PlayInEditor Detection: Level '/Game/SideScrollerBP/Maps/Stage01.Stage01:PersistentLevel' has LevelScriptBlueprint '/Game/SideScrollerBP/Maps/Stage01.Stage01:PersistentLevel.Stage01' with GeneratedClass '/Game/SideScrollerBP/Maps/Stage01.Stage01_C' with ClassGeneratedBy '/Game/SideScrollerBP/Maps/Stage01.Stage01:PersistentLevel.Stage01'
[2016.12.04-01.03.54:512][255]LogBlueprintUserMessages: [SideScrollerCharacter_78] 1
[2016.12.04-01.03.58:946][787]LogBlueprintUserMessages: [SideScrollerCharacter_78] Hp: 2
[2016.12.04-01.04.34:806][ 90]LogBlueprintUserMessages: [SideScrollerCharacter_78] 2
[2016.12.04-01.04.45:445][366]LogBlueprintUserMessages: [SideScrollerCharacter_78] 3
[2016.12.04-01.05.12:197][576]LogBlueprintUserMessages: [SideScrollerCharacter_78] Score: 3
Life: 2
[2016.12.04-01.05.17:191][175]LogBlueprintUserMessages: Early EndPlayMap Detection: Level '/Game/SideScrollerBP/Maps/Stage01.Stage01:PersistentLevel' has LevelScriptBlueprint '/Game/SideScrollerBP/Maps/Stage01.Stage01:PersistentLevel.Stage01' with GeneratedClass '/Game/SideScrollerBP/Maps/Stage01.Stage01_C' with ClassGeneratedBy '/Game/SideScrollerBP/Maps/Stage01.Stage01:PersistentLevel.Stage01'
[2016.12.04-01.05.17:298][175]LogBlueprintUserMessages: Late EndPlayMap Detection: Level '/Game/SideScrollerBP/Maps/Stage01.Stage01:PersistentLevel' has LevelScriptBlueprint '/Game/SideScrollerBP/Maps/Stage01.Stage01:PersistentLevel.Stage01' with GeneratedClass '/Game/SideScrollerBP/Maps/Stage01.Stage01_C' with ClassGeneratedBy '/Game/SideScrollerBP/Maps/Stage01.Stage01:PersistentLevel.Stage01'
[2016.12.04-01.06.41:730][309]LogSavePackage: Save=310.07ms
[2016.12.04-01.06.41:730][309]LogSavePackage: Moving '../../../../../../sylve/Documents/WorkSpace/Unreal Projects/Entertainment/Saved/Stage01_Auto14FED18BC4BD746D14383369F6B32B6EE.tmp' to '../../../../../../sylve/Documents/WorkSpace/Unreal Projects/Entertainment/Saved/Autosaves/Game/SideScrollerBP/Maps/Stage01_Auto1.umap'
[2016.12.04-01.06.41:733][309]LogSavePackage:Display: Finished SavePackage ../../../../../../sylve/Documents/WorkSpace/Unreal Projects/Entertainment/Saved/Autosaves/Game/SideScrollerBP/Maps/Stage01_Auto1.umap
[2016.12.04-01.06.41:736][309]LogFileHelpers: Editor autosave (incl. sublevels) for '/Game/SideScrollerBP/Maps/Stage01' took 0.840
[2016.12.04-01.06.41:736][309]LogFileHelpers: Editor autosave (incl. sublevels) for all levels took 0.840
[2016.12.04-01.11.00:908][ 75]LogSavePackage: Save=206.10ms
[2016.12.04-01.11.00:908][ 75]LogSavePackage: Moving '../../../../../../sylve/Documents/WorkSpace/Unreal Projects/Entertainment/Saved/Stage01B5B5D90A437763A5E72C18B0C7841FF8.tmp' to '../../../../../../sylve/Documents/WorkSpace/Unreal Projects/Entertainment/Content/SideScrollerBP/Maps/Stage01.umap'
[2016.12.04-01.11.00:919][ 75]LogSavePackage:Display: Finished SavePackage ../../../../../../sylve/Documents/WorkSpace/Unreal Projects/Entertainment/Content/SideScrollerBP/Maps/Stage01.umap
[2016.12.04-01.11.00:986][ 75]LogFileHelpers: Saving map 'Stage01' took 0.443
[2016.12.04-01.11.01:259][ 75]LogWindowsTextInputMethodSystem:Display: IME system now activated using TSF (Microsoft 입력기).
[2016.12.04-01.11.01:687][ 76]Cmd: QUIT_EDITOR
[2016.12.04-01.11.02:321][ 76]LogExit: Preparing to exit.
[2016.12.04-01.11.03:426][ 76]LogDirectoryWatcher: A directory notification for 'D:/sylve/Documents/WorkSpace/Unreal Projects/Entertainment/Content/' was aborted.
[2016.12.04-01.11.03:603][ 76]LogExit: Editor shut down
[2016.12.04-01.11.03:605][ 76]LogExit: Transaction tracking system shut down
[2016.12.04-01.11.04:520][ 76]LogObj: Freed 0b from 0 cluster array pools.
[2016.12.04-01.11.04:520][ 76]LogExit: Object subsystem successfully closed.
[2016.12.04-01.11.04:717][ 76]LogD3D11RHI: Shutdown
[2016.12.04-01.11.04:717][ 76]LogD3D11RHI: CleanupD3DDevice
[2016.12.04-01.11.04:891][ 76]LogD3D11RHI: ~FD3D11DynamicRHI
[2016.12.04-01.11.05:362][ 76]LogModuleManager: Shutting down and abandoning module MovieSceneCapture (235)
[2016.12.04-01.11.05:362][ 76]LogModuleManager: Shutting down and abandoning module HierarchicalLODOutliner (234)
[2016.12.04-01.11.05:362][ 76]LogModuleManager: Shutting down and abandoning module CrashTracker (233)
[2016.12.04-01.11.05:362][ 76]LogModuleManager: Shutting down and abandoning module SceneOutliner (232)
[2016.12.04-01.11.05:362][ 76]LogModuleManager: Shutting down and abandoning module WidgetCarousel (231)
[2016.12.04-01.11.05:362][ 76]LogModuleManager: Shutting down and abandoning module AddContentDialog (230)
[2016.12.04-01.11.05:363][ 76]LogDirectoryWatcher: A directory notification for 'D:/Development Kit/Epic Games/4.13/FeaturePacks/' was aborted.
[2016.12.04-01.11.05:379][ 76]LogModuleManager: Shutting down and abandoning module GameplayTags (229)
[2016.12.04-01.11.05:379][ 76]LogModuleManager: Shutting down and abandoning module EditorWidgets (228)
[2016.12.04-01.11.05:379][ 76]LogModuleManager: Shutting down and abandoning module CollectionManager (227)
[2016.12.04-01.11.05:379][ 76]LogDirectoryWatcher: A directory notification for 'D:/sylve/Documents/WorkSpace/Unreal Projects/Entertainment/Content/Collections/' was aborted.
[2016.12.04-01.11.05:380][ 76]LogDirectoryWatcher: A directory notification for 'D:/sylve/Documents/WorkSpace/Unreal Projects/Entertainment/Content/Developers/sylve/Collections/' was aborted.
[2016.12.04-01.11.05:380][ 76]LogDirectoryWatcher: A directory notification for 'D:/sylve/Documents/WorkSpace/Unreal Projects/Entertainment/Saved/Collections/' was aborted.
[2016.12.04-01.11.05:380][ 76]LogModuleManager: Shutting down and abandoning module StatsViewer (226)
[2016.12.04-01.11.05:380][ 76]LogModuleManager: Shutting down and abandoning module FoliageEdit (225)
[2016.12.04-01.11.05:380][ 76]LogModuleManager: Shutting down and abandoning module LandscapeEditor (224)
[2016.12.04-01.11.05:402][ 76]LogModuleManager: Shutting down and abandoning module SceneDepthPickerMode (223)
[2016.12.04-01.11.05:402][ 76]LogModuleManager: Shutting down and abandoning module ActorPickerMode (222)
[2016.12.04-01.11.05:402][ 76]LogModuleManager: Shutting down and abandoning module GeometryMode (221)
[2016.12.04-01.11.05:402][ 76]LogModuleManager: Shutting down and abandoning module TextureAlignMode (220)
[2016.12.04-01.11.05:402][ 76]LogModuleManager: Shutting down and abandoning module BspMode (219)
[2016.12.04-01.11.05:403][ 76]LogModuleManager: Shutting down and abandoning module HardwareSurvey (218)
[2016.12.04-01.11.05:403][ 76]LogModuleManager: Shutting down and abandoning module SequenceRecorderSections (217)
[2016.12.04-01.11.05:403][ 76]LogModuleManager: Shutting down and abandoning module SequenceRecorder (216)
[2016.12.04-01.11.05:403][ 76]LogModuleManager: Shutting down and abandoning module AutomationWorker (215)
[2016.12.04-01.11.05:403][ 76]LogModuleManager: Shutting down and abandoning module MatineeToLevelSequence (214)
[2016.12.04-01.11.05:411][ 76]LogModuleManager: Shutting down and abandoning module PlacementMode (213)
[2016.12.04-01.11.05:431][ 76]LogModuleManager: Shutting down and abandoning module LevelSequenceEditor (212)
[2016.12.04-01.11.05:435][ 76]LogModuleManager: Shutting down and abandoning module WmfMediaFactory (211)
[2016.12.04-01.11.05:435][ 76]LogModuleManager: Shutting down and abandoning module WmfMediaEditor (210)
[2016.12.04-01.11.05:435][ 76]LogModuleManager: Shutting down and abandoning module AvfMediaFactory (209)
[2016.12.04-01.11.05:435][ 76]LogModuleManager: Shutting down and abandoning module AvfMediaEditor (208)
[2016.12.04-01.11.05:435][ 76]LogModuleManager: Shutting down and abandoning module Media (207)
[2016.12.04-01.11.05:435][ 76]LogModuleManager: Shutting down and abandoning module AndroidMediaFactory (206)
[2016.12.04-01.11.05:435][ 76]LogModuleManager: Shutting down and abandoning module AndroidMediaEditor (205)
[2016.12.04-01.11.05:435][ 76]LogModuleManager: Shutting down and abandoning module CharacterAI (204)
[2016.12.04-01.11.05:435][ 76]LogModuleManager: Shutting down and abandoning module SmartSnapping (203)
[2016.12.04-01.11.05:435][ 76]LogModuleManager: Shutting down and abandoning module SessionServices (202)
[2016.12.04-01.11.05:435][ 76]LogModuleManager: Shutting down and abandoning module ViewportSnapping (201)
[2016.12.04-01.11.05:435][ 76]LogModuleManager: Shutting down and abandoning module ViewportInteraction (200)
[2016.12.04-01.11.05:435][ 76]LogModuleManager: Shutting down and abandoning module LogVisualizer (199)
[2016.12.04-01.11.05:454][ 76]LogModuleManager: Shutting down and abandoning module GameProjectGeneration (198)
[2016.12.04-01.11.05:454][ 76]LogModuleManager: Shutting down and abandoning module IntroTutorials (197)
[2016.12.04-01.11.05:471][ 76]LogModuleManager: Shutting down and abandoning module EditorLiveStreaming (196)
[2016.12.04-01.11.05:471][ 76]LogModuleManager: Shutting down and abandoning module IOSPlatformEditor (195)
[2016.12.04-01.11.05:471][ 76]LogModuleManager: Shutting down and abandoning module HTML5PlatformEditor (194)
[2016.12.04-01.11.05:471][ 76]LogModuleManager: Shutting down and abandoning module AndroidDeviceDetection (193)
[2016.12.04-01.11.06:121][ 76]LogModuleManager: Shutting down and abandoning module AndroidPlatformEditor (192)
[2016.12.04-01.11.06:121][ 76]LogModuleManager: Shutting down and abandoning module IOSRuntimeSettings (191)
[2016.12.04-01.11.06:121][ 76]LogModuleManager: Shutting down and abandoning module AndroidRuntimeSettings (190)
[2016.12.04-01.11.06:121][ 76]LogModuleManager: Shutting down and abandoning module NiagaraEditor (189)
[2016.12.04-01.11.06:137][ 76]LogModuleManager: Shutting down and abandoning module MergeActors (188)
[2016.12.04-01.11.06:152][ 76]LogModuleManager: Shutting down and abandoning module SizeMap (187)
[2016.12.04-01.11.06:152][ 76]LogModuleManager: Shutting down and abandoning module TreeMap (186)
[2016.12.04-01.11.06:152][ 76]LogModuleManager: Shutting down and abandoning module ReferenceViewer (185)
[2016.12.04-01.11.06:152][ 76]LogModuleManager: Shutting down and abandoning module LocalizationService (184)
[2016.12.04-01.11.06:160][ 76]LogModuleManager: Shutting down and abandoning module LocalizationDashboard (183)
[2016.12.04-01.11.06:180][ 76]LogModuleManager: Shutting down and abandoning module HardwareTargeting (182)
[2016.12.04-01.11.06:180][ 76]LogModuleManager: Shutting down and abandoning module DeviceProfileEditor (181)
[2016.12.04-01.11.06:180][ 76]LogModuleManager: Shutting down and abandoning module UndoHistory (180)
[2016.12.04-01.11.06:180][ 76]LogModuleManager: Shutting down and abandoning module UserFeedback (179)
[2016.12.04-01.11.06:180][ 76]LogModuleManager: Shutting down and abandoning module XmlParser (178)
[2016.12.04-01.11.06:180][ 76]LogModuleManager: Shutting down and abandoning module Blutility (177)
[2016.12.04-01.11.06:180][ 76]LogModuleManager: Shutting down and abandoning module ProjectTargetPlatformEditor (176)
[2016.12.04-01.11.06:187][ 76]LogModuleManager: Shutting down and abandoning module ProjectSettingsViewer (175)
[2016.12.04-01.11.06:187][ 76]LogModuleManager: Shutting down and abandoning module InputBindingEditor (174)
[2016.12.04-01.11.06:203][ 76]LogModuleManager: Shutting down and abandoning module EditorSettingsViewer (173)
[2016.12.04-01.11.06:203][ 76]LogModuleManager: Shutting down and abandoning module SettingsEditor (172)
[2016.12.04-01.11.06:203][ 76]LogModuleManager: Shutting down and abandoning module ProjectLauncher (171)
[2016.12.04-01.11.06:218][ 76]LogModuleManager: Shutting down and abandoning module SessionFrontend (170)
[2016.12.04-01.11.06:218][ 76]LogModuleManager: Shutting down and abandoning module ProfilerClient (169)
[2016.12.04-01.11.06:242][ 76]LogModuleManager: Shutting down and abandoning module TargetDeviceServices (168)
[2016.12.04-01.11.06:242][ 76]LogModuleManager: Shutting down and abandoning module DeviceManager (167)
[2016.12.04-01.11.06:284][ 76]LogModuleManager: Shutting down and abandoning module AutomationController (166)
[2016.12.04-01.11.06:284][ 76]LogModuleManager: Shutting down and abandoning module AutomationWindow (165)
[2016.12.04-01.11.06:284][ 76]LogModuleManager: Shutting down and abandoning module Layers (164)
[2016.12.04-01.11.06:308][ 76]LogModuleManager: Shutting down and abandoning module ComponentVisualizers (163)
[2016.12.04-01.11.06:308][ 76]LogModuleManager: Shutting down and abandoning module DetailCustomizations (162)
[2016.12.04-01.11.06:308][ 76]LogModuleManager: Shutting down and abandoning module PackagesDialog (161)
[2016.12.04-01.11.06:308][ 76]LogModuleManager: Shutting down and abandoning module AnimGraph (160)
[2016.12.04-01.11.06:308][ 76]LogModuleManager: Shutting down and abandoning module Persona (159)
[2016.12.04-01.11.06:340][ 76]LogModuleManager: Shutting down and abandoning module Kismet (158)
[2016.12.04-01.11.06:362][ 76]LogModuleManager: Shutting down and abandoning module GraphEditor (157)
[2016.12.04-01.11.06:363][ 76]LogModuleManager: Shutting down and abandoning module ClassViewer (156)
[2016.12.04-01.11.06:363][ 76]LogModuleManager: Shutting down and abandoning module Toolbox (155)
[2016.12.04-01.11.06:363][ 76]LogModuleManager: Shutting down and abandoning module ModuleUI (154)
[2016.12.04-01.11.06:372][ 76]LogModuleManager: Shutting down and abandoning module MovieSceneTools (153)
[2016.12.04-01.11.06:404][ 76]LogModuleManager: Shutting down and abandoning module OutputLog (152)
[2016.12.04-01.11.06:414][ 76]LogModuleManager: Shutting down and abandoning module GammaUI (151)
[2016.12.04-01.11.06:414][ 76]LogModuleManager: Shutting down and abandoning module Documentation (150)
[2016.12.04-01.11.06:414][ 76]LogModuleManager: Shutting down and abandoning module Niagara (149)
[2016.12.04-01.11.06:426][ 76]LogModuleManager: Shutting down and abandoning module StreamingPauseRendering (148)
[2016.12.04-01.11.06:426][ 76]LogModuleManager: Shutting down and abandoning module AnalyticsET (147)
[2016.12.04-01.11.06:426][ 76]LogModuleManager: Shutting down and abandoning module PortalServices (146)
[2016.12.04-01.11.06:426][ 76]LogModuleManager: Shutting down and abandoning module PortalRpc (145)
[2016.12.04-01.11.06:426][ 76]LogModuleManager: Shutting down and abandoning module MessagingRpc (144)
[2016.12.04-01.11.06:426][ 76]LogModuleManager: Shutting down and abandoning module GameplayDebugger (143)
[2016.12.04-01.11.06:426][ 76]LogModuleManager: Shutting down and abandoning module AITestSuite (142)
[2016.12.04-01.11.06:426][ 76]LogModuleManager: Shutting down and abandoning module AIModule (141)
[2016.12.04-01.11.06:426][ 76]LogModuleManager: Shutting down and abandoning module ProfilerService (140)
[2016.12.04-01.11.06:669][ 76]LogModuleManager: Shutting down and abandoning module TaskGraph (139)
[2016.12.04-01.11.06:669][ 76]LogModuleManager: Shutting down and abandoning module SlateRemote (138)
[2016.12.04-01.11.06:669][ 76]LogModuleManager: Shutting down and abandoning module SteamVRController (137)
[2016.12.04-01.11.06:669][ 76]LogModuleManager: Shutting down and abandoning module SteamVR (136)
[2016.12.04-01.11.06:669][ 76]LogModuleManager: Shutting down and abandoning module ProceduralMeshComponentEditor (135)
[2016.12.04-01.11.06:677][ 76]LogModuleManager: Shutting down and abandoning module ProceduralMeshComponent (134)
[2016.12.04-01.11.06:677][ 76]LogModuleManager: Shutting down and abandoning module OculusLibrary (133)
[2016.12.04-01.11.06:677][ 76]LogModuleManager: Shutting down and abandoning module OculusInput (132)
[2016.12.04-01.11.06:677][ 76]LogModuleManager: Shutting down and abandoning module CustomMeshComponent (131)
[2016.12.04-01.11.06:677][ 76]LogModuleManager: Shutting down and abandoning module CableComponent (130)
[2016.12.04-01.11.06:677][ 76]LogModuleManager: Shutting down and abandoning module ArchVisCharacter (129)
[2016.12.04-01.11.06:677][ 76]LogModuleManager: Shutting down and abandoning module MediaPlayerEditor (127)
[2016.12.04-01.11.06:707][ 76]LogModuleManager: Shutting down and abandoning module RunebergVRPlugin (126)
[2016.12.04-01.11.06:707][ 76]LogModuleManager: Shutting down and abandoning module HTML5Networking (125)
[2016.12.04-01.11.06:707][ 76]LogModuleManager: Shutting down and abandoning module GeometryCacheEd (124)
[2016.12.04-01.11.06:707][ 76]LogModuleManager: Shutting down and abandoning module GeometryCache (123)
[2016.12.04-01.11.06:707][ 76]LogModuleManager: Shutting down and abandoning module AlembicLibrary (122)
[2016.12.04-01.11.06:707][ 76]LogModuleManager: Shutting down and abandoning module AlembicImporter (121)
[2016.12.04-01.11.06:716][ 76]LogModuleManager: Shutting down and abandoning module SuperSearch (120)
[2016.12.04-01.11.06:716][ 76]LogModuleManager: Shutting down and abandoning module SuperSearchEditor (119)
[2016.12.04-01.11.06:716][ 76]LogModuleManager: Shutting down and abandoning module SpeedTreeImporter (118)
[2016.12.04-01.11.06:716][ 76]LogModuleManager: Shutting down and abandoning module PluginBrowser (117)
[2016.12.04-01.11.06:735][ 76]LogModuleManager: Shutting down and abandoning module MobileLauncherProfileWizard (116)
[2016.12.04-01.11.06:751][ 76]LogModuleManager: Shutting down and abandoning module EpicSurvey (115)
[2016.12.04-01.11.06:758][ 76]LogModuleManager: Shutting down and abandoning module DesktopPlatform (114)
[2016.12.04-01.11.06:758][ 76]LogModuleManager: Shutting down and abandoning module VisualStudioSourceCodeAccess (113)
[2016.12.04-01.11.06:770][ 76]LogModuleManager: Shutting down and abandoning module UObjectPlugin (112)
[2016.12.04-01.11.06:770][ 76]LogModuleManager: Shutting down and abandoning module SubversionSourceControl (111)
[2016.12.04-01.11.06:787][ 76]LogModuleManager: Shutting down and abandoning module PerforceSourceControl (110)
[2016.12.04-01.11.06:805][ 76]LogModuleManager: Shutting down and abandoning module SourceControl (109)
[2016.12.04-01.11.06:805][ 76]LogModuleManager: Shutting down and abandoning module GitSourceControl (108)
[2016.12.04-01.11.06:815][ 76]LogModuleManager: Shutting down and abandoning module LightPropagationVolumeEditor (107)
[2016.12.04-01.11.06:816][ 76]LogModuleManager: Shutting down and abandoning module PaperTiledImporter (106)
[2016.12.04-01.11.06:826][ 76]LogModuleManager: Shutting down and abandoning module PaperSpriteSheetImporter (105)
[2016.12.04-01.11.06:826][ 76]LogModuleManager: Shutting down and abandoning module MeshPaint (104)
[2016.12.04-01.11.06:826][ 76]LogModuleManager: Shutting down and abandoning module FbxAutomationBuilderModule (103)
[2016.12.04-01.11.06:826][ 76]LogModuleManager: Shutting down and abandoning module PixelInspectorModule (102)
[2016.12.04-01.11.06:844][ 76]LogModuleManager: Shutting down and abandoning module HotReload (101)
[2016.12.04-01.11.06:876][ 76]LogModuleManager: Shutting down and abandoning module MainFrame (100)
[2016.12.04-01.11.06:876][ 76]LogModuleManager: Shutting down and abandoning module LevelEditor (99)
[2016.12.04-01.11.06:877][ 76]LogModuleManager: Shutting down and abandoning module ContentBrowser (98)
[2016.12.04-01.11.06:878][ 76]LogModuleManager: Shutting down and abandoning module Paper2DEditor (97)
[2016.12.04-01.11.06:897][ 76]LogModuleManager: Shutting down and abandoning module UdpMessaging (96)
[2016.12.04-01.11.06:998][ 76]LogModuleManager: Shutting down and abandoning module TcpMessaging (95)
[2016.12.04-01.11.07:109][ 76]LogModuleManager: Shutting down and abandoning module LightPropagationVolumeRuntime (94)
[2016.12.04-01.11.07:109][ 76]LogModuleManager: Shutting down and abandoning module Paper2D (93)
[2016.12.04-01.11.07:118][ 76]LogModuleManager: Shutting down and abandoning module WindowsMoviePlayer (92)
[2016.12.04-01.11.07:132][ 76]LogModuleManager: Shutting down and abandoning module WmfMedia (91)
[2016.12.04-01.11.07:145][ 76]LogModuleManager: Shutting down and abandoning module MediaAssets (90)
[2016.12.04-01.11.07:145][ 76]LogModuleManager: Shutting down and abandoning module GameLiveStreaming (89)
[2016.12.04-01.11.07:145][ 76]LogModuleManager: Shutting down and abandoning module GameplayTagsEditor (88)
[2016.12.04-01.11.07:145][ 76]LogModuleManager: Shutting down and abandoning module VREditor (87)
[2016.12.04-01.11.07:145][ 76]LogModuleManager: Shutting down and abandoning module GameplayTasksEditor (86)
[2016.12.04-01.11.07:145][ 76]LogModuleManager: Shutting down and abandoning module PropertyEditor (85)
[2016.12.04-01.11.07:145][ 76]LogModuleManager: Shutting down and abandoning module BehaviorTreeEditor (84)
[2016.12.04-01.11.07:145][ 76]LogModuleManager: Shutting down and abandoning module FunctionalTesting (83)
[2016.12.04-01.11.07:145][ 76]LogModuleManager: Shutting down and abandoning module CollisionAnalyzer (82)
[2016.12.04-01.11.07:146][ 76]LogModuleManager: Shutting down and abandoning module Sequencer (81)
[2016.12.04-01.11.07:174][ 76]LogModuleManager: Shutting down and abandoning module WorkspaceMenuStructure (80)
[2016.12.04-01.11.07:174][ 76]LogModuleManager: Shutting down and abandoning module MessageLog (79)
[2016.12.04-01.11.07:174][ 76]LogModuleManager: Shutting down and abandoning module AssetTools (78)
[2016.12.04-01.11.07:174][ 76]LogModuleManager: Shutting down and abandoning module UMGEditor (77)
[2016.12.04-01.11.07:174][ 76]LogModuleManager: Shutting down and abandoning module UMG (76)
[2016.12.04-01.11.07:174][ 76]LogModuleManager: Shutting down and abandoning module SlateReflector (75)
[2016.12.04-01.11.07:175][ 76]LogModuleManager: Shutting down and abandoning module Slate (74)
[2016.12.04-01.11.07:175][ 76]LogModuleManager: Shutting down and abandoning module EditorStyle (73)
[2016.12.04-01.11.07:178][ 76]LogModuleManager: Shutting down and abandoning module SourceCodeAccess (72)
[2016.12.04-01.11.07:178][ 76]LogModuleManager: Shutting down and abandoning module HeadMountedDisplay (71)
[2016.12.04-01.11.07:178][ 76]LogModuleManager: Shutting down and abandoning module XAudio2 (70)
[2016.12.04-01.11.07:178][ 76]LogModuleManager: Shutting down and abandoning module Networking (68)
[2016.12.04-01.11.07:178][ 76]LogModuleManager: Shutting down and abandoning module Core (67)
[2016.12.04-01.11.07:178][ 76]LogModuleManager: Shutting down and abandoning module DirectoryWatcher (66)
[2016.12.04-01.11.07:179][ 76]LogDirectoryWatcher: A directory notification for '../../../Engine/Content/' was aborted.
[2016.12.04-01.11.07:179][ 76]LogDirectoryWatcher: A directory notification for '../../../../../../sylve/Documents/WorkSpace/Unreal Projects/Entertainment/Content/' was aborted.
[2016.12.04-01.11.07:180][ 76]LogDirectoryWatcher: A directory notification for '../../../Engine/Plugins/2D/Paper2D/Content/' was aborted.
[2016.12.04-01.11.07:181][ 76]LogModuleManager: Shutting down and abandoning module AssetRegistry (65)
[2016.12.04-01.11.07:562][ 76]LogModuleManager: Shutting down and abandoning module KismetCompiler (64)
[2016.12.04-01.11.07:562][ 76]LogModuleManager: Shutting down and abandoning module PhysXFormats (63)
[2016.12.04-01.11.07:570][ 76]LogModuleManager: Shutting down and abandoning module MeshUtilities (62)
[2016.12.04-01.11.07:587][ 76]LogModuleManager: Shutting down and abandoning module DerivedDataCache (61)
[2016.12.04-01.11.07:676][ 76]LogDerivedDataCache: Shutdown
[2016.12.04-01.11.07:676][ 76]LogModuleManager: Shutting down and abandoning module VulkanShaderFormat (60)
[2016.12.04-01.11.07:676][ 76]LogModuleManager: Shutting down and abandoning module ShaderFormatOpenGL (59)
[2016.12.04-01.11.07:676][ 76]LogModuleManager: Shutting down and abandoning module ShaderFormatD3D (58)
[2016.12.04-01.11.07:676][ 76]LogModuleManager: Shutting down and abandoning module MetalShaderFormat (57)
[2016.12.04-01.11.07:688][ 76]LogModuleManager: Shutting down and abandoning module TextureFormatUncompressed (56)
[2016.12.04-01.11.07:688][ 76]LogModuleManager: Shutting down and abandoning module TextureFormatPVR (55)
[2016.12.04-01.11.07:689][ 76]LogModuleManager: Shutting down and abandoning module TextureFormatDXT (54)
[2016.12.04-01.11.07:689][ 76]LogModuleManager: Shutting down and abandoning module TextureFormatIntelISPCTexComp (53)
[2016.12.04-01.11.07:690][ 76]LogModuleManager: Shutting down and abandoning module ImageWrapper (52)
[2016.12.04-01.11.07:690][ 76]LogModuleManager: Shutting down and abandoning module TextureFormatASTC (51)
[2016.12.04-01.11.07:690][ 76]LogModuleManager: Shutting down and abandoning module TextureFormatAndroid (50)
[2016.12.04-01.11.07:690][ 76]LogModuleManager: Shutting down and abandoning module AudioFormatOpus (49)
[2016.12.04-01.11.07:690][ 76]LogModuleManager: Shutting down and abandoning module AudioFormatOgg (48)
[2016.12.04-01.11.07:690][ 76]LogModuleManager: Shutting down and abandoning module AudioFormatADPCM (47)
[2016.12.04-01.11.07:690][ 76]LogModuleManager: Shutting down and abandoning module LinuxTargetPlatform (46)
[2016.12.04-01.11.07:691][ 76]LogModuleManager: Shutting down and abandoning module LinuxServerTargetPlatform (45)
[2016.12.04-01.11.07:691][ 76]LogModuleManager: Shutting down and abandoning module LinuxNoEditorTargetPlatform (44)
[2016.12.04-01.11.07:691][ 76]LogModuleManager: Shutting down and abandoning module LinuxClientTargetPlatform (43)
[2016.12.04-01.11.07:691][ 76]LogModuleManager: Shutting down and abandoning module TVOSTargetPlatform (42)
[2016.12.04-01.11.07:691][ 76]LogModuleManager: Shutting down and abandoning module Messaging (41)
[2016.12.04-01.11.07:691][ 76]LogModuleManager: Shutting down and abandoning module IOSTargetPlatform (40)
[2016.12.04-01.11.07:691][ 76]LogModuleManager: Shutting down and abandoning module HTML5TargetPlatform (39)
[2016.12.04-01.11.07:691][ 76]LogModuleManager: Shutting down and abandoning module Android_PVRTCTargetPlatform (38)
[2016.12.04-01.11.07:691][ 76]LogModuleManager: Shutting down and abandoning module Android_MultiTargetPlatform (37)
[2016.12.04-01.11.07:691][ 76]LogModuleManager: Shutting down and abandoning module Android_ETC2TargetPlatform (36)
[2016.12.04-01.11.07:691][ 76]LogModuleManager: Shutting down and abandoning module Android_ETC1TargetPlatform (35)
[2016.12.04-01.11.07:691][ 76]LogModuleManager: Shutting down and abandoning module Android_DXTTargetPlatform (34)
[2016.12.04-01.11.07:691][ 76]LogModuleManager: Shutting down and abandoning module Android_ATCTargetPlatform (33)
[2016.12.04-01.11.07:691][ 76]LogModuleManager: Shutting down and abandoning module Android_ASTCTargetPlatform (32)
[2016.12.04-01.11.07:692][ 76]LogModuleManager: Shutting down and abandoning module AndroidTargetPlatform (31)
[2016.12.04-01.11.07:692][ 76]LogModuleManager: Shutting down and abandoning module WindowsTargetPlatform (30)
[2016.12.04-01.11.07:692][ 76]LogModuleManager: Shutting down and abandoning module WindowsServerTargetPlatform (29)
[2016.12.04-01.11.07:692][ 76]LogModuleManager: Shutting down and abandoning module WindowsNoEditorTargetPlatform (28)
[2016.12.04-01.11.07:692][ 76]LogModuleManager: Shutting down and abandoning module WindowsClientTargetPlatform (27)
[2016.12.04-01.11.07:692][ 76]LogModuleManager: Shutting down and abandoning module AllDesktopTargetPlatform (26)
[2016.12.04-01.11.07:692][ 76]LogModuleManager: Shutting down and abandoning module TargetPlatform (25)
[2016.12.04-01.11.07:693][ 76]LogModuleManager: Shutting down and abandoning module InputCore (24)
[2016.12.04-01.11.07:693][ 76]LogModuleManager: Shutting down and abandoning module Settings (23)
[2016.12.04-01.11.07:693][ 76]LogModuleManager: Shutting down and abandoning module OculusRift (22)
[2016.12.04-01.11.07:703][ 76]LogModuleManager: Shutting down and abandoning module GearVR (21)
[2016.12.04-01.11.07:703][ 76]LogModuleManager: Shutting down and abandoning module ExampleDeviceProfileSelector (20)
[2016.12.04-01.11.07:704][ 76]LogModuleManager: Shutting down and abandoning module OnlineBlueprintSupport (19)
[2016.12.04-01.11.07:704][ 76]LogModuleManager: Shutting down and abandoning module OnlineSubsystem (17)
[2016.12.04-01.11.07:715][ 76]LogOnline:Display: Unloading online subsystem: NULL
[2016.12.04-01.11.07:752][ 76]LogModuleManager: Shutting down and abandoning module HTTP (16)
[2016.12.04-01.11.07:752][ 76]LogHttp:Display: Http module shutting down, but needs to wait on 1 outstanding Http requests:
[2016.12.04-01.11.07:752][ 76]LogHttp:Display: 	verb=[POST] url=[https://datarouter.ol.epicgames.com/datarouter/api/v1/public/data?SessionID=%7BE931711C-4928-B636-4E02-7591E66C6FC6%7D&AppID=UEEditor.Rocket.Release&AppVersion=4.13.2-3172292%2B%2B%2BUE4%2BRelease-4.13&UserID=5e8916e24c62e40e3267f2b9f6f61bf5%7C5757bc0e79d542efb21b5d5f30a43a1b%7Cf65156fc-44b3-437e-b727-a1d66a165721&AppEnvironment=datacollector-binary&UploadType=eteventstream] status=Processing
[2016.12.04-01.11.07:778][ 76]LogModuleManager: Shutting down and abandoning module XMPP (15)
[2016.12.04-01.11.07:779][ 76]LogModuleManager: Shutting down and abandoning module TextureCompressor (14)
[2016.12.04-01.11.07:779][ 76]LogModuleManager: Shutting down and abandoning module ShaderCore (13)
[2016.12.04-01.11.07:779][ 76]LogModuleManager: Shutting down and abandoning module Landscape (12)
[2016.12.04-01.11.07:779][ 76]LogModuleManager: Shutting down and abandoning module SlateRHIRenderer (11)
[2016.12.04-01.11.07:811][ 76]LogModuleManager: Shutting down and abandoning module OpenGLDrv (10)
[2016.12.04-01.11.07:823][ 76]LogModuleManager: Shutting down and abandoning module D3D11RHI (9)
[2016.12.04-01.11.07:823][ 76]LogModuleManager: Shutting down and abandoning module AnimGraphRuntime (8)
[2016.12.04-01.11.07:823][ 76]LogModuleManager: Shutting down and abandoning module Renderer (7)
[2016.12.04-01.11.07:823][ 76]LogModuleManager: Shutting down and abandoning module Engine (6)
[2016.12.04-01.11.07:823][ 76]LogModuleManager: Shutting down and abandoning module CoreUObject (5)
[2016.12.04-01.11.07:823][ 76]LogModuleManager: Shutting down and abandoning module NetworkFile (4)
[2016.12.04-01.11.07:838][ 76]LogModuleManager: Shutting down and abandoning module StreamingFile (3)
[2016.12.04-01.11.07:839][ 76]LogModuleManager: Shutting down and abandoning module SandboxFile (2)
[2016.12.04-01.11.07:846][ 76]LogModuleManager: Shutting down and abandoning module PakFile (1)
[2016.12.04-01.11.07:861][ 76]LogExit: Exiting.
[2016.12.04-01.11.07:873][ 76]Log file closed, 12/04/16 10:11:07
